
10 Apr 2014, 16:02:23: GVFS-RemoteVolumeMonitor-Warning **: Owner :1.13 of volume monitor org.gtk.Private.GduVolumeMonitor disconnected from the bus; removing drives/volumes/mounts

10 Apr 2014, 16:02:23: GVFS-RemoteVolumeMonitor-Warning **: Owner :1.14 of volume monitor org.gtk.Private.AfcVolumeMonitor disconnected from the bus; removing drives/volumes/mounts

10 Apr 2014, 16:02:23: GVFS-RemoteVolumeMonitor-Warning **: Owner :1.15 of volume monitor org.gtk.Private.GPhoto2VolumeMonitor disconnected from the bus; removing drives/volumes/mounts

10 Apr 2014, 16:03:20: GVFS-RemoteVolumeMonitor-Warning **: Owner :1.10 of volume monitor org.gtk.Private.GduVolumeMonitor disconnected from the bus; removing drives/volumes/mounts

10 Apr 2014, 16:03:20: GVFS-RemoteVolumeMonitor-Warning **: Owner :1.11 of volume monitor org.gtk.Private.AfcVolumeMonitor disconnected from the bus; removing drives/volumes/mounts

10 Apr 2014, 16:03:20: GVFS-RemoteVolumeMonitor-Warning **: Owner :1.12 of volume monitor org.gtk.Private.GPhoto2VolumeMonitor disconnected from the bus; removing drives/volumes/mounts

10 Apr 2014, 16:04:05: GLib-GIO-Critical **: Error while sending AddMatch() message: The connection is closed

10 Apr 2014, 16:04:05: GLib-GIO-Critical **: Error while sending AddMatch() message: The connection is closed

10 Apr 2014, 16:04:05: GLib-GIO-Critical **: Error while sending AddMatch() message: The connection is closed

11 Apr 2014, 02:54:56: GVFS-RemoteVolumeMonitor-Warning **: Owner :1.11 of volume monitor org.gtk.Private.GduVolumeMonitor disconnected from the bus; removing drives/volumes/mounts

11 Apr 2014, 02:54:56: GLib-GIO-Critical **: Error while sending AddMatch() message: The connection is closed

11 Apr 2014, 02:54:56: GLib-GIO-Critical **: Error while sending AddMatch() message: The connection is closed

11 Apr 2014, 02:54:56: GLib-GIO-Critical **: Error while sending AddMatch() message: The connection is closed

11 Apr 2014, 03:00:32: GLib-GIO-Critical **: Error while sending AddMatch() message: The connection is closed

11 Apr 2014, 03:00:32: GLib-GIO-Critical **: Error while sending AddMatch() message: The connection is closed

11 Apr 2014, 03:00:32: GLib-GIO-Critical **: Error while sending AddMatch() message: The connection is closed

11 Apr 2014, 03:00:46: GVFS-RemoteVolumeMonitor-Warning **: Owner :1.10 of volume monitor org.gtk.Private.GduVolumeMonitor disconnected from the bus; removing drives/volumes/mounts

11 Apr 2014, 03:00:46: GVFS-RemoteVolumeMonitor-Warning **: Owner :1.11 of volume monitor org.gtk.Private.AfcVolumeMonitor disconnected from the bus; removing drives/volumes/mounts

11 Apr 2014, 03:00:46: GVFS-RemoteVolumeMonitor-Warning **: Owner :1.12 of volume monitor org.gtk.Private.GPhoto2VolumeMonitor disconnected from the bus; removing drives/volumes/mounts

11 Apr 2014, 03:02:42: GVFS-RemoteVolumeMonitor-Warning **: Owner :1.11 of volume monitor org.gtk.Private.GduVolumeMonitor disconnected from the bus; removing drives/volumes/mounts

11 Apr 2014, 03:02:42: GVFS-RemoteVolumeMonitor-Warning **: Owner :1.12 of volume monitor org.gtk.Private.AfcVolumeMonitor disconnected from the bus; removing drives/volumes/mounts

11 Apr 2014, 03:02:42: GVFS-RemoteVolumeMonitor-Warning **: Owner :1.13 of volume monitor org.gtk.Private.GPhoto2VolumeMonitor disconnected from the bus; removing drives/volumes/mounts

11 Apr 2014, 03:03:51: GVFS-RemoteVolumeMonitor-Warning **: Owner :1.11 of volume monitor org.gtk.Private.GduVolumeMonitor disconnected from the bus; removing drives/volumes/mounts

11 Apr 2014, 03:03:51: GVFS-RemoteVolumeMonitor-Warning **: Owner :1.12 of volume monitor org.gtk.Private.AfcVolumeMonitor disconnected from the bus; removing drives/volumes/mounts

11 Apr 2014, 03:03:51: GVFS-RemoteVolumeMonitor-Warning **: Owner :1.13 of volume monitor org.gtk.Private.GPhoto2VolumeMonitor disconnected from the bus; removing drives/volumes/mounts

11 Apr 2014, 03:04:57: GVFS-RemoteVolumeMonitor-Warning **: Owner :1.11 of volume monitor org.gtk.Private.GduVolumeMonitor disconnected from the bus; removing drives/volumes/mounts

11 Apr 2014, 03:04:57: GVFS-RemoteVolumeMonitor-Warning **: Owner :1.12 of volume monitor org.gtk.Private.AfcVolumeMonitor disconnected from the bus; removing drives/volumes/mounts

11 Apr 2014, 03:04:57: GVFS-RemoteVolumeMonitor-Warning **: Owner :1.13 of volume monitor org.gtk.Private.GPhoto2VolumeMonitor disconnected from the bus; removing drives/volumes/mounts

13 Apr 2014, 15:30:56: GVFS-RemoteVolumeMonitor-Warning **: Owner :1.10 of volume monitor org.gtk.Private.GduVolumeMonitor disconnected from the bus; removing drives/volumes/mounts

13 Apr 2014, 15:30:56: GLib-GIO-Critical **: Error while sending AddMatch() message: The connection is closed

13 Apr 2014, 15:30:56: GLib-GIO-Critical **: Error while sending AddMatch() message: The connection is closed

13 Apr 2014, 15:30:56: GLib-GIO-Critical **: Error while sending AddMatch() message: The connection is closed

15 Apr 2014, 22:36:01: Tracker-Critical **:   (Sparql buffer) Error in task 0 of the array-update: column nie:url is not unique (strerror of errno (not necessarily related): No such file or directory)

15 Apr 2014, 22:36:01: Tracker-Critical **: Could not execute sparql: column nie:url is not unique (strerror of errno (not necessarily related): No such file or directory)

15 Apr 2014, 22:49:31: GLib-GIO-Critical **: Error while sending AddMatch() message: The connection is closed

15 Apr 2014, 22:49:31: GLib-GIO-Critical **: Error while sending AddMatch() message: The connection is closed

15 Apr 2014, 22:49:31: GLib-GIO-Critical **: Error while sending AddMatch() message: The connection is closed

15 Apr 2014, 22:54:46: GLib-GIO-Critical **: Error while sending AddMatch() message: The connection is closed

15 Apr 2014, 22:54:46: GLib-GIO-Critical **: Error while sending AddMatch() message: The connection is closed

15 Apr 2014, 22:54:46: GLib-GIO-Critical **: Error while sending AddMatch() message: The connection is closed

15 Apr 2014, 22:55:30: GVFS-RemoteVolumeMonitor-Warning **: Owner :1.10 of volume monitor org.gtk.Private.GduVolumeMonitor disconnected from the bus; removing drives/volumes/mounts

15 Apr 2014, 22:55:30: GVFS-RemoteVolumeMonitor-Warning **: Owner :1.11 of volume monitor org.gtk.Private.AfcVolumeMonitor disconnected from the bus; removing drives/volumes/mounts

15 Apr 2014, 22:55:30: GVFS-RemoteVolumeMonitor-Warning **: Owner :1.12 of volume monitor org.gtk.Private.GPhoto2VolumeMonitor disconnected from the bus; removing drives/volumes/mounts

15 Apr 2014, 22:55:30: GLib-GIO-Critical **: Error while sending AddMatch() message: The connection is closed

15 Apr 2014, 22:55:30: GLib-GIO-Critical **: Error while sending AddMatch() message: The connection is closed

15 Apr 2014, 22:55:30: GLib-GIO-Critical **: Error while sending AddMatch() message: The connection is closed

15 Apr 2014, 23:30:59: GVFS-RemoteVolumeMonitor-Warning **: Owner :1.11 of volume monitor org.gtk.Private.GduVolumeMonitor disconnected from the bus; removing drives/volumes/mounts

15 Apr 2014, 23:30:59: GLib-GIO-Critical **: Error while sending AddMatch() message: The connection is closed

15 Apr 2014, 23:30:59: GLib-GIO-Critical **: Error while sending AddMatch() message: The connection is closed

15 Apr 2014, 23:30:59: GLib-GIO-Critical **: Error while sending AddMatch() message: The connection is closed

23 Apr 2014, 16:40:12: GLib-GIO-Critical **: Error while sending AddMatch() message: The connection is closed

23 Apr 2014, 16:40:12: GLib-GIO-Critical **: Error while sending AddMatch() message: The connection is closed

23 Apr 2014, 16:40:12: GLib-GIO-Critical **: Error while sending AddMatch() message: The connection is closed

23 Apr 2014, 17:15:32: GVFS-RemoteVolumeMonitor-Warning **: Owner :1.11 of volume monitor org.gtk.Private.GduVolumeMonitor disconnected from the bus; removing drives/volumes/mounts

23 Apr 2014, 17:15:32: GLib-GIO-Critical **: Error while sending AddMatch() message: The connection is closed

23 Apr 2014, 17:15:32: GLib-GIO-Critical **: Error while sending AddMatch() message: The connection is closed

23 Apr 2014, 17:15:32: GLib-GIO-Critical **: Error while sending AddMatch() message: The connection is closed

24 Apr 2014, 17:21:04: GLib-GIO-Critical **: Error while sending AddMatch() message: The connection is closed

24 Apr 2014, 17:21:04: GLib-GIO-Critical **: Error while sending AddMatch() message: The connection is closed

24 Apr 2014, 17:21:04: GLib-GIO-Critical **: Error while sending AddMatch() message: The connection is closed

24 Apr 2014, 17:23:36: GVFS-RemoteVolumeMonitor-Warning **: Owner :1.10 of volume monitor org.gtk.Private.GduVolumeMonitor disconnected from the bus; removing drives/volumes/mounts

24 Apr 2014, 17:23:37: GLib-GIO-Critical **: Error while sending AddMatch() message: The connection is closed

24 Apr 2014, 17:23:37: GLib-GIO-Critical **: Error while sending AddMatch() message: The connection is closed

24 Apr 2014, 17:23:37: GLib-GIO-Critical **: Error while sending AddMatch() message: The connection is closed

24 Apr 2014, 20:16:43: Tracker-Warning **: Could not open 'file:///home/hacker/bookmarks-ivan.json'

24 Apr 2014, 20:18:53: GVFS-RemoteVolumeMonitor-Warning **: Owner :1.11 of volume monitor org.gtk.Private.GduVolumeMonitor disconnected from the bus; removing drives/volumes/mounts

24 Apr 2014, 20:18:53: GLib-GIO-Critical **: Error while sending AddMatch() message: The connection is closed

24 Apr 2014, 20:18:53: GLib-GIO-Critical **: Error while sending AddMatch() message: The connection is closed

24 Apr 2014, 20:18:53: GLib-GIO-Critical **: Error while sending AddMatch() message: The connection is closed

24 Apr 2014, 20:21:11: GVFS-RemoteVolumeMonitor-Warning **: Owner :1.11 of volume monitor org.gtk.Private.GduVolumeMonitor disconnected from the bus; removing drives/volumes/mounts

24 Apr 2014, 20:21:11: GVFS-RemoteVolumeMonitor-Warning **: Owner :1.12 of volume monitor org.gtk.Private.GPhoto2VolumeMonitor disconnected from the bus; removing drives/volumes/mounts

24 Apr 2014, 20:21:11: GVFS-RemoteVolumeMonitor-Warning **: Owner :1.13 of volume monitor org.gtk.Private.AfcVolumeMonitor disconnected from the bus; removing drives/volumes/mounts

24 Apr 2014, 23:39:52: GVFS-RemoteVolumeMonitor-Warning **: Owner :1.11 of volume monitor org.gtk.Private.GduVolumeMonitor disconnected from the bus; removing drives/volumes/mounts

24 Apr 2014, 23:39:52: GLib-GIO-Critical **: Error while sending AddMatch() message: The connection is closed

24 Apr 2014, 23:39:52: GLib-GIO-Critical **: Error while sending AddMatch() message: The connection is closed

24 Apr 2014, 23:39:52: GLib-GIO-Critical **: Error while sending AddMatch() message: The connection is closed

24 Apr 2014, 23:45:41: GVFS-RemoteVolumeMonitor-Warning **: Owner :1.11 of volume monitor org.gtk.Private.GduVolumeMonitor disconnected from the bus; removing drives/volumes/mounts

24 Apr 2014, 23:45:41: GVFS-RemoteVolumeMonitor-Warning **: Owner :1.12 of volume monitor org.gtk.Private.GPhoto2VolumeMonitor disconnected from the bus; removing drives/volumes/mounts

24 Apr 2014, 23:45:41: GVFS-RemoteVolumeMonitor-Warning **: Owner :1.13 of volume monitor org.gtk.Private.AfcVolumeMonitor disconnected from the bus; removing drives/volumes/mounts

25 Apr 2014, 00:10:50: GLib-GIO-Critical **: Error while sending AddMatch() message: The connection is closed

25 Apr 2014, 00:10:50: GLib-GIO-Critical **: Error while sending AddMatch() message: The connection is closed

25 Apr 2014, 00:10:50: GLib-GIO-Critical **: Error while sending AddMatch() message: The connection is closed

25 Apr 2014, 00:11:27: GVFS-RemoteVolumeMonitor-Warning **: Owner :1.10 of volume monitor org.gtk.Private.GduVolumeMonitor disconnected from the bus; removing drives/volumes/mounts

25 Apr 2014, 00:11:27: GLib-GIO-Critical **: Error while sending AddMatch() message: The connection is closed

25 Apr 2014, 00:11:27: GLib-GIO-Critical **: Error while sending AddMatch() message: The connection is closed

25 Apr 2014, 00:11:27: GLib-GIO-Critical **: Error while sending AddMatch() message: The connection is closed

25 Apr 2014, 00:30:07: GLib-GIO-Critical **: Error while sending AddMatch() message: The connection is closed

25 Apr 2014, 00:30:07: GLib-GIO-Critical **: Error while sending AddMatch() message: The connection is closed

25 Apr 2014, 00:30:07: GLib-GIO-Critical **: Error while sending AddMatch() message: The connection is closed

25 Apr 2014, 08:23:23: GVFS-RemoteVolumeMonitor-Warning **: Owner :1.11 of volume monitor org.gtk.Private.GduVolumeMonitor disconnected from the bus; removing drives/volumes/mounts

25 Apr 2014, 08:23:23: GLib-GIO-Critical **: Error while sending AddMatch() message: The connection is closed

25 Apr 2014, 08:23:23: GLib-GIO-Critical **: Error while sending AddMatch() message: The connection is closed

25 Apr 2014, 08:23:23: GLib-GIO-Critical **: Error while sending AddMatch() message: The connection is closed

25 Apr 2014, 08:24:05: GLib-GIO-Critical **: Error while sending AddMatch() message: The connection is closed

25 Apr 2014, 08:24:05: GLib-GIO-Critical **: Error while sending AddMatch() message: The connection is closed

25 Apr 2014, 08:24:05: GLib-GIO-Critical **: Error while sending AddMatch() message: The connection is closed

25 Apr 2014, 08:31:07: Tracker-Warning **: Could not open 'file:///home/hacker/bookmarks-ivan.json'

25 Apr 2014, 09:03:08: GLib-GIO-Critical **: Error while sending AddMatch() message: The connection is closed

25 Apr 2014, 09:03:08: GLib-GIO-Critical **: Error while sending AddMatch() message: The connection is closed

25 Apr 2014, 09:03:08: GLib-GIO-Critical **: Error while sending AddMatch() message: The connection is closed

25 Apr 2014, 09:32:26: GVFS-RemoteVolumeMonitor-Warning **: Owner :1.11 of volume monitor org.gtk.Private.GduVolumeMonitor disconnected from the bus; removing drives/volumes/mounts

25 Apr 2014, 09:32:26: GLib-GIO-Critical **: Error while sending AddMatch() message: The connection is closed

25 Apr 2014, 09:32:26: GLib-GIO-Critical **: Error while sending AddMatch() message: The connection is closed

25 Apr 2014, 09:32:26: GLib-GIO-Critical **: Error while sending AddMatch() message: The connection is closed

25 Apr 2014, 09:33:53: GLib-GIO-Critical **: Error while sending AddMatch() message: The connection is closed

25 Apr 2014, 09:33:53: GLib-GIO-Critical **: Error while sending AddMatch() message: The connection is closed

25 Apr 2014, 09:33:53: GLib-GIO-Critical **: Error while sending AddMatch() message: The connection is closed

25 Apr 2014, 09:34:51: GLib-GIO-Critical **: Error while sending AddMatch() message: The connection is closed

25 Apr 2014, 09:34:51: GLib-GIO-Critical **: Error while sending AddMatch() message: The connection is closed

25 Apr 2014, 09:34:51: GLib-GIO-Critical **: Error while sending AddMatch() message: The connection is closed

25 Apr 2014, 09:35:37: GLib-GIO-Critical **: Error while sending AddMatch() message: The connection is closed

25 Apr 2014, 09:35:37: GLib-GIO-Critical **: Error while sending AddMatch() message: The connection is closed

25 Apr 2014, 09:35:37: GLib-GIO-Critical **: Error while sending AddMatch() message: The connection is closed

25 Apr 2014, 09:35:55: GVFS-RemoteVolumeMonitor-Warning **: Owner :1.10 of volume monitor org.gtk.Private.GduVolumeMonitor disconnected from the bus; removing drives/volumes/mounts

25 Apr 2014, 09:35:55: GVFS-RemoteVolumeMonitor-Warning **: Owner :1.11 of volume monitor org.gtk.Private.GPhoto2VolumeMonitor disconnected from the bus; removing drives/volumes/mounts

25 Apr 2014, 09:35:55: GVFS-RemoteVolumeMonitor-Warning **: Owner :1.12 of volume monitor org.gtk.Private.AfcVolumeMonitor disconnected from the bus; removing drives/volumes/mounts

25 Apr 2014, 09:35:55: GLib-GIO-Critical **: Error while sending AddMatch() message: The connection is closed

25 Apr 2014, 09:35:55: GLib-GIO-Critical **: Error while sending AddMatch() message: The connection is closed

25 Apr 2014, 09:35:55: GLib-GIO-Critical **: Error while sending AddMatch() message: The connection is closed

25 Apr 2014, 09:36:21: GVFS-RemoteVolumeMonitor-Warning **: Owner :1.10 of volume monitor org.gtk.Private.GduVolumeMonitor disconnected from the bus; removing drives/volumes/mounts

25 Apr 2014, 09:36:21: GVFS-RemoteVolumeMonitor-Warning **: Owner :1.11 of volume monitor org.gtk.Private.GPhoto2VolumeMonitor disconnected from the bus; removing drives/volumes/mounts

25 Apr 2014, 09:36:21: GVFS-RemoteVolumeMonitor-Warning **: Owner :1.12 of volume monitor org.gtk.Private.AfcVolumeMonitor disconnected from the bus; removing drives/volumes/mounts

25 Apr 2014, 09:36:21: GLib-GIO-Critical **: Error while sending AddMatch() message: The connection is closed

25 Apr 2014, 09:36:21: GLib-GIO-Critical **: Error while sending AddMatch() message: The connection is closed

25 Apr 2014, 09:36:21: GLib-GIO-Critical **: Error while sending AddMatch() message: The connection is closed

25 Apr 2014, 09:36:32: GVFS-RemoteVolumeMonitor-Warning **: Owner :1.10 of volume monitor org.gtk.Private.GduVolumeMonitor disconnected from the bus; removing drives/volumes/mounts

25 Apr 2014, 09:36:32: GVFS-RemoteVolumeMonitor-Warning **: Owner :1.11 of volume monitor org.gtk.Private.GPhoto2VolumeMonitor disconnected from the bus; removing drives/volumes/mounts

25 Apr 2014, 09:36:32: GVFS-RemoteVolumeMonitor-Warning **: Owner :1.12 of volume monitor org.gtk.Private.AfcVolumeMonitor disconnected from the bus; removing drives/volumes/mounts

06 May 2014, 14:50:59: GVFS-RemoteVolumeMonitor-Warning **: Owner :1.11 of volume monitor org.gtk.Private.GduVolumeMonitor disconnected from the bus; removing drives/volumes/mounts

06 May 2014, 14:50:59: GLib-GIO-Critical **: Error while sending AddMatch() message: The connection is closed

06 May 2014, 14:50:59: GLib-GIO-Critical **: Error while sending AddMatch() message: The connection is closed

06 May 2014, 14:50:59: GLib-GIO-Critical **: Error while sending AddMatch() message: The connection is closed

06 May 2014, 14:53:36: GVFS-RemoteVolumeMonitor-Warning **: Owner :1.10 of volume monitor org.gtk.Private.GduVolumeMonitor disconnected from the bus; removing drives/volumes/mounts

06 May 2014, 14:53:36: GVFS-RemoteVolumeMonitor-Warning **: Owner :1.11 of volume monitor org.gtk.Private.AfcVolumeMonitor disconnected from the bus; removing drives/volumes/mounts

06 May 2014, 14:53:36: GVFS-RemoteVolumeMonitor-Warning **: Owner :1.12 of volume monitor org.gtk.Private.GPhoto2VolumeMonitor disconnected from the bus; removing drives/volumes/mounts

06 May 2014, 14:55:20: GVFS-RemoteVolumeMonitor-Warning **: Owner :1.10 of volume monitor org.gtk.Private.GduVolumeMonitor disconnected from the bus; removing drives/volumes/mounts

06 May 2014, 14:55:20: GVFS-RemoteVolumeMonitor-Warning **: Owner :1.11 of volume monitor org.gtk.Private.AfcVolumeMonitor disconnected from the bus; removing drives/volumes/mounts

06 May 2014, 14:55:20: GVFS-RemoteVolumeMonitor-Warning **: Owner :1.12 of volume monitor org.gtk.Private.GPhoto2VolumeMonitor disconnected from the bus; removing drives/volumes/mounts

06 May 2014, 14:55:20: GLib-GIO-Critical **: Error while sending AddMatch() message: The connection is closed

06 May 2014, 14:55:20: GLib-GIO-Critical **: Error while sending AddMatch() message: The connection is closed

06 May 2014, 14:55:20: GLib-GIO-Critical **: Error while sending AddMatch() message: The connection is closed

30 May 2014, 09:57:17: GVFS-RemoteVolumeMonitor-Warning **: Owner :1.11 of volume monitor org.gtk.Private.GduVolumeMonitor disconnected from the bus; removing drives/volumes/mounts

30 May 2014, 09:57:18: GLib-GIO-Critical **: Error while sending AddMatch() message: The connection is closed

30 May 2014, 09:57:18: GLib-GIO-Critical **: Error while sending AddMatch() message: The connection is closed

30 May 2014, 09:57:18: GLib-GIO-Critical **: Error while sending AddMatch() message: The connection is closed

31 May 2014, 10:35:25: GLib-GIO-Critical **: Error while sending AddMatch() message: The connection is closed

31 May 2014, 10:35:25: GLib-GIO-Critical **: Error while sending AddMatch() message: The connection is closed

31 May 2014, 10:35:25: GLib-GIO-Critical **: Error while sending AddMatch() message: The connection is closed

31 May 2014, 17:24:10: GLib-GIO-Critical **: Error while sending AddMatch() message: The connection is closed

31 May 2014, 17:24:10: GLib-GIO-Critical **: Error while sending AddMatch() message: The connection is closed

31 May 2014, 17:24:10: GLib-GIO-Critical **: Error while sending AddMatch() message: The connection is closed

02 Jun 2014, 02:48:39: GVFS-RemoteVolumeMonitor-Warning **: Owner :1.11 of volume monitor org.gtk.Private.GduVolumeMonitor disconnected from the bus; removing drives/volumes/mounts

02 Jun 2014, 02:48:39: GLib-GIO-Critical **: Error while sending AddMatch() message: The connection is closed

02 Jun 2014, 02:48:39: GLib-GIO-Critical **: Error while sending AddMatch() message: The connection is closed

02 Jun 2014, 02:48:39: GLib-GIO-Critical **: Error while sending AddMatch() message: The connection is closed
