This file contains any messages produced by compilers while
running configure, to aid debugging if configure makes a mistake.

It was created by configure, which was
generated by GNU Autoconf 2.69.  Invocation command line was

  $ ./configure --prefix=/opt/apache_but/httpd/ --enable-substitute --enable-sed --enable-ssl --enable-proxy --enable-rewrite --enable-expires --enable-remoteip --enable-rewrite --enable-so --enable-log-forensic --with-apr=/opt/apache_but/apr-1.5.0/ --with-apr-util=/opt/apache_but/apr-util-1.5.3/ --with-pcre=/opt/apache_but/pcre-8.35/

## --------- ##
## Platform. ##
## --------- ##

hostname = lcddev
uname -m = i686
uname -r = 3.2.0-4-686-pae
uname -s = Linux
uname -v = #1 SMP Debian 3.2.54-2

/usr/bin/uname -p = unknown
/bin/uname -X     = unknown

/bin/arch              = unknown
/usr/bin/arch -k       = unknown
/usr/convex/getsysinfo = unknown
/usr/bin/hostinfo      = unknown
/bin/machine           = unknown
/usr/bin/oslevel       = unknown
/bin/universe          = unknown

PATH: /usr/local/sbin
PATH: /usr/local/bin
PATH: /usr/sbin
PATH: /usr/bin
PATH: /sbin
PATH: /bin


## ----------- ##
## Core tests. ##
## ----------- ##

configure:3073: checking for chosen layout
configure:3075: result: Apache
configure:3878: checking for working mkdir -p
configure:3894: result: yes
configure:3903: checking for grep that handles long lines and -e
configure:3961: result: /bin/grep
configure:3966: checking for egrep
configure:4028: result: /bin/grep -E
configure:4044: checking build system type
configure:4058: result: i686-pc-linux-gnu
configure:4078: checking host system type
configure:4091: result: i686-pc-linux-gnu
configure:4111: checking target system type
configure:4124: result: i686-pc-linux-gnu
configure:4154: 
configure:4156: Configuring Apache Portable Runtime library...
configure:4158: 
configure:4199: checking for APR
configure:4344: result: yes
configure:4604: 
configure:4606: Configuring Apache Portable Runtime Utility library...
configure:4608: 
configure:4645: checking for APR-util
configure:4724: result: yes
configure:4985: checking for gcc
configure:5012: result: gcc
configure:5241: checking for C compiler version
configure:5250: gcc --version >&5
gcc (Debian 4.7.2-5) 4.7.2
Copyright (C) 2012 Free Software Foundation, Inc.
This is free software; see the source for copying conditions.  There is NO
warranty; not even for MERCHANTABILITY or FITNESS FOR A PARTICULAR PURPOSE.

configure:5261: $? = 0
configure:5250: gcc -v >&5
Using built-in specs.
COLLECT_GCC=gcc
COLLECT_LTO_WRAPPER=/usr/lib/gcc/i486-linux-gnu/4.7/lto-wrapper
Target: i486-linux-gnu
Configured with: ../src/configure -v --with-pkgversion='Debian 4.7.2-5' --with-bugurl=file:///usr/share/doc/gcc-4.7/README.Bugs --enable-languages=c,c++,go,fortran,objc,obj-c++ --prefix=/usr --program-suffix=-4.7 --enable-shared --enable-linker-build-id --with-system-zlib --libexecdir=/usr/lib --without-included-gettext --enable-threads=posix --with-gxx-include-dir=/usr/include/c++/4.7 --libdir=/usr/lib --enable-nls --with-sysroot=/ --enable-clocale=gnu --enable-libstdcxx-debug --enable-libstdcxx-time=yes --enable-gnu-unique-object --enable-plugin --enable-objc-gc --enable-targets=all --with-arch-32=i586 --with-tune=generic --enable-checking=release --build=i486-linux-gnu --host=i486-linux-gnu --target=i486-linux-gnu
Thread model: posix
gcc version 4.7.2 (Debian 4.7.2-5) 
configure:5261: $? = 0
configure:5250: gcc -V >&5
gcc: error: unrecognized command line option '-V'
gcc: fatal error: no input files
compilation terminated.
configure:5261: $? = 4
configure:5250: gcc -qversion >&5
gcc: error: unrecognized command line option '-qversion'
gcc: fatal error: no input files
compilation terminated.
configure:5261: $? = 4
configure:5281: checking whether the C compiler works
configure:5303: gcc  -g -O2 -pthread  -DLINUX -D_REENTRANT -D_GNU_SOURCE -D_LARGEFILE64_SOURCE   -L/opt/apache_but/apr-iconf-1.2.1//lib conftest.c  >&5
configure:5307: $? = 0
configure:5355: result: yes
configure:5358: checking for C compiler default output file name
configure:5360: result: a.out
configure:5366: checking for suffix of executables
configure:5373: gcc -o conftest  -g -O2 -pthread  -DLINUX -D_REENTRANT -D_GNU_SOURCE -D_LARGEFILE64_SOURCE   -L/opt/apache_but/apr-iconf-1.2.1//lib conftest.c  >&5
configure:5377: $? = 0
configure:5399: result: 
configure:5421: checking whether we are cross compiling
configure:5429: gcc -o conftest  -g -O2 -pthread  -DLINUX -D_REENTRANT -D_GNU_SOURCE -D_LARGEFILE64_SOURCE   -L/opt/apache_but/apr-iconf-1.2.1//lib conftest.c  >&5
configure:5433: $? = 0
configure:5440: ./conftest
configure:5444: $? = 0
configure:5459: result: no
configure:5464: checking for suffix of object files
configure:5486: gcc -c  -g -O2 -pthread  -DLINUX -D_REENTRANT -D_GNU_SOURCE -D_LARGEFILE64_SOURCE conftest.c >&5
configure:5490: $? = 0
configure:5511: result: o
configure:5515: checking whether we are using the GNU C compiler
configure:5534: gcc -c  -g -O2 -pthread  -DLINUX -D_REENTRANT -D_GNU_SOURCE -D_LARGEFILE64_SOURCE conftest.c >&5
configure:5534: $? = 0
configure:5543: result: yes
configure:5552: checking whether gcc accepts -g
configure:5572: gcc -c -g  -DLINUX -D_REENTRANT -D_GNU_SOURCE -D_LARGEFILE64_SOURCE conftest.c >&5
configure:5572: $? = 0
configure:5613: result: yes
configure:5630: checking for gcc option to accept ISO C89
configure:5693: gcc  -c  -g -O2 -pthread  -DLINUX -D_REENTRANT -D_GNU_SOURCE -D_LARGEFILE64_SOURCE conftest.c >&5
configure:5693: $? = 0
configure:5706: result: none needed
configure:5731: checking how to run the C preprocessor
configure:5801: result: gcc -E
configure:5821: gcc -E  -DLINUX -D_REENTRANT -D_GNU_SOURCE -D_LARGEFILE64_SOURCE conftest.c
configure:5821: $? = 0
configure:5835: gcc -E  -DLINUX -D_REENTRANT -D_GNU_SOURCE -D_LARGEFILE64_SOURCE conftest.c
conftest.c:9:28: fatal error: ac_nonexistent.h: No such file or directory
compilation terminated.
configure:5835: $? = 1
configure: failed program was:
| /* confdefs.h */
| #define PACKAGE_NAME ""
| #define PACKAGE_TARNAME ""
| #define PACKAGE_VERSION ""
| #define PACKAGE_STRING ""
| #define PACKAGE_BUGREPORT ""
| #define PACKAGE_URL ""
| /* end confdefs.h.  */
| #include <ac_nonexistent.h>
configure:5864: checking for gcc option to accept ISO C99
configure:6013: gcc  -c  -g -O2 -pthread  -DLINUX -D_REENTRANT -D_GNU_SOURCE -D_LARGEFILE64_SOURCE conftest.c >&5
conftest.c:59:29: error: expected ';', ',' or ')' before 'text'
conftest.c: In function 'main':
conftest.c:113:18: error: expected '=', ',', ';', 'asm' or '__attribute__' before 'newvar'
conftest.c:113:18: error: 'newvar' undeclared (first use in this function)
conftest.c:113:18: note: each undeclared identifier is reported only once for each function it appears in
conftest.c:123:3: error: 'for' loop initial declarations are only allowed in C99 mode
conftest.c:123:3: note: use option -std=c99 or -std=gnu99 to compile your code
configure:6013: $? = 1
configure: failed program was:
| /* confdefs.h */
| #define PACKAGE_NAME ""
| #define PACKAGE_TARNAME ""
| #define PACKAGE_VERSION ""
| #define PACKAGE_STRING ""
| #define PACKAGE_BUGREPORT ""
| #define PACKAGE_URL ""
| /* end confdefs.h.  */
| #include <stdarg.h>
| #include <stdbool.h>
| #include <stdlib.h>
| #include <wchar.h>
| #include <stdio.h>
| 
| // Check varargs macros.  These examples are taken from C99 6.10.3.5.
| #define debug(...) fprintf (stderr, __VA_ARGS__)
| #define showlist(...) puts (#__VA_ARGS__)
| #define report(test,...) ((test) ? puts (#test) : printf (__VA_ARGS__))
| static void
| test_varargs_macros (void)
| {
|   int x = 1234;
|   int y = 5678;
|   debug ("Flag");
|   debug ("X = %d\n", x);
|   showlist (The first, second, and third items.);
|   report (x>y, "x is %d but y is %d", x, y);
| }
| 
| // Check long long types.
| #define BIG64 18446744073709551615ull
| #define BIG32 4294967295ul
| #define BIG_OK (BIG64 / BIG32 == 4294967297ull && BIG64 % BIG32 == 0)
| #if !BIG_OK
|   your preprocessor is broken;
| #endif
| #if BIG_OK
| #else
|   your preprocessor is broken;
| #endif
| static long long int bignum = -9223372036854775807LL;
| static unsigned long long int ubignum = BIG64;
| 
| struct incomplete_array
| {
|   int datasize;
|   double data[];
| };
| 
| struct named_init {
|   int number;
|   const wchar_t *name;
|   double average;
| };
| 
| typedef const char *ccp;
| 
| static inline int
| test_restrict (ccp restrict text)
| {
|   // See if C++-style comments work.
|   // Iterate through items via the restricted pointer.
|   // Also check for declarations in for loops.
|   for (unsigned int i = 0; *(text+i) != '\0'; ++i)
|     continue;
|   return 0;
| }
| 
| // Check varargs and va_copy.
| static void
| test_varargs (const char *format, ...)
| {
|   va_list args;
|   va_start (args, format);
|   va_list args_copy;
|   va_copy (args_copy, args);
| 
|   const char *str;
|   int number;
|   float fnumber;
| 
|   while (*format)
|     {
|       switch (*format++)
| 	{
| 	case 's': // string
| 	  str = va_arg (args_copy, const char *);
| 	  break;
| 	case 'd': // int
| 	  number = va_arg (args_copy, int);
| 	  break;
| 	case 'f': // float
| 	  fnumber = va_arg (args_copy, double);
| 	  break;
| 	default:
| 	  break;
| 	}
|     }
|   va_end (args_copy);
|   va_end (args);
| }
| 
| int
| main ()
| {
| 
|   // Check bool.
|   _Bool success = false;
| 
|   // Check restrict.
|   if (test_restrict ("String literal") == 0)
|     success = true;
|   char *restrict newvar = "Another string";
| 
|   // Check varargs.
|   test_varargs ("s, d' f .", "string", 65, 34.234);
|   test_varargs_macros ();
| 
|   // Check flexible array members.
|   struct incomplete_array *ia =
|     malloc (sizeof (struct incomplete_array) + (sizeof (double) * 10));
|   ia->datasize = 10;
|   for (int i = 0; i < ia->datasize; ++i)
|     ia->data[i] = i * 1.234;
| 
|   // Check named initializers.
|   struct named_init ni = {
|     .number = 34,
|     .name = L"Test wide string",
|     .average = 543.34343,
|   };
| 
|   ni.number = 58;
| 
|   int dynamic_array[ni.number];
|   dynamic_array[ni.number - 1] = 543;
| 
|   // work around unused variable warnings
|   return (!success || bignum == 0LL || ubignum == 0uLL || newvar[0] == 'x'
| 	  || dynamic_array[ni.number - 1] != 543);
| 
|   ;
|   return 0;
| }
configure:6013: gcc -std=gnu99 -c  -g -O2 -pthread  -DLINUX -D_REENTRANT -D_GNU_SOURCE -D_LARGEFILE64_SOURCE conftest.c >&5
configure:6013: $? = 0
configure:6033: result: -std=gnu99
configure:6057: checking for pcre-config
configure:6088: result: false
configure:6111: Using external PCRE library from /opt/apache_but/pcre-8.35//bin/pcre-config
configure:6163: 
configure:6165: Configuring Apache httpd...
configure:6167: 
configure:6307: 
configure:6309: Applying OS-specific hints for httpd...
configure:6311: 
configure:6477: checking for rm
configure:6495: found /bin/rm
configure:6507: result: /bin/rm
configure:6517: checking for pkg-config
configure:6550: result: no
configure:6557: checking for rsync
configure:6575: found /usr/bin/rsync
configure:6587: result: /usr/bin/rsync
configure:6599: checking for gawk
configure:6629: result: no
configure:6599: checking for mawk
configure:6615: found /usr/bin/mawk
configure:6626: result: mawk
configure:6637: checking whether ln -s works
configure:6641: result: yes
configure:6691: checking for ranlib
configure:6707: found /usr/bin/ranlib
configure:6718: result: ranlib
configure:6744: checking for lynx
configure:6760: found /usr/bin/lynx
configure:6771: result: lynx
configure:6799: checking for ANSI C header files
configure:6819: gcc -std=gnu99 -c  -g -O2 -pthread  -DLINUX -D_REENTRANT -D_GNU_SOURCE -D_LARGEFILE64_SOURCE conftest.c >&5
configure:6819: $? = 0
configure:6892: gcc -std=gnu99 -o conftest  -g -O2 -pthread  -DLINUX -D_REENTRANT -D_GNU_SOURCE -D_LARGEFILE64_SOURCE   -L/opt/apache_but/apr-iconf-1.2.1//lib conftest.c  >&5
configure:6892: $? = 0
configure:6892: ./conftest
configure:6892: $? = 0
configure:6903: result: yes
configure:6916: checking for sys/types.h
configure:6916: gcc -std=gnu99 -c  -g -O2 -pthread  -DLINUX -D_REENTRANT -D_GNU_SOURCE -D_LARGEFILE64_SOURCE conftest.c >&5
configure:6916: $? = 0
configure:6916: result: yes
configure:6916: checking for sys/stat.h
configure:6916: gcc -std=gnu99 -c  -g -O2 -pthread  -DLINUX -D_REENTRANT -D_GNU_SOURCE -D_LARGEFILE64_SOURCE conftest.c >&5
configure:6916: $? = 0
configure:6916: result: yes
configure:6916: checking for stdlib.h
configure:6916: gcc -std=gnu99 -c  -g -O2 -pthread  -DLINUX -D_REENTRANT -D_GNU_SOURCE -D_LARGEFILE64_SOURCE conftest.c >&5
configure:6916: $? = 0
configure:6916: result: yes
configure:6916: checking for string.h
configure:6916: gcc -std=gnu99 -c  -g -O2 -pthread  -DLINUX -D_REENTRANT -D_GNU_SOURCE -D_LARGEFILE64_SOURCE conftest.c >&5
configure:6916: $? = 0
configure:6916: result: yes
configure:6916: checking for memory.h
configure:6916: gcc -std=gnu99 -c  -g -O2 -pthread  -DLINUX -D_REENTRANT -D_GNU_SOURCE -D_LARGEFILE64_SOURCE conftest.c >&5
configure:6916: $? = 0
configure:6916: result: yes
configure:6916: checking for strings.h
configure:6916: gcc -std=gnu99 -c  -g -O2 -pthread  -DLINUX -D_REENTRANT -D_GNU_SOURCE -D_LARGEFILE64_SOURCE conftest.c >&5
configure:6916: $? = 0
configure:6916: result: yes
configure:6916: checking for inttypes.h
configure:6916: gcc -std=gnu99 -c  -g -O2 -pthread  -DLINUX -D_REENTRANT -D_GNU_SOURCE -D_LARGEFILE64_SOURCE conftest.c >&5
configure:6916: $? = 0
configure:6916: result: yes
configure:6916: checking for stdint.h
configure:6916: gcc -std=gnu99 -c  -g -O2 -pthread  -DLINUX -D_REENTRANT -D_GNU_SOURCE -D_LARGEFILE64_SOURCE conftest.c >&5
configure:6916: $? = 0
configure:6916: result: yes
configure:6916: checking for unistd.h
configure:6916: gcc -std=gnu99 -c  -g -O2 -pthread  -DLINUX -D_REENTRANT -D_GNU_SOURCE -D_LARGEFILE64_SOURCE conftest.c >&5
configure:6916: $? = 0
configure:6916: result: yes
configure:6929: checking minix/config.h usability
configure:6929: gcc -std=gnu99 -c  -g -O2 -pthread  -DLINUX -D_REENTRANT -D_GNU_SOURCE -D_LARGEFILE64_SOURCE conftest.c >&5
conftest.c:52:26: fatal error: minix/config.h: No such file or directory
compilation terminated.
configure:6929: $? = 1
configure: failed program was:
| /* confdefs.h */
| #define PACKAGE_NAME ""
| #define PACKAGE_TARNAME ""
| #define PACKAGE_VERSION ""
| #define PACKAGE_STRING ""
| #define PACKAGE_BUGREPORT ""
| #define PACKAGE_URL ""
| #define STDC_HEADERS 1
| #define HAVE_SYS_TYPES_H 1
| #define HAVE_SYS_STAT_H 1
| #define HAVE_STDLIB_H 1
| #define HAVE_STRING_H 1
| #define HAVE_MEMORY_H 1
| #define HAVE_STRINGS_H 1
| #define HAVE_INTTYPES_H 1
| #define HAVE_STDINT_H 1
| #define HAVE_UNISTD_H 1
| /* end confdefs.h.  */
| #include <stdio.h>
| #ifdef HAVE_SYS_TYPES_H
| # include <sys/types.h>
| #endif
| #ifdef HAVE_SYS_STAT_H
| # include <sys/stat.h>
| #endif
| #ifdef STDC_HEADERS
| # include <stdlib.h>
| # include <stddef.h>
| #else
| # ifdef HAVE_STDLIB_H
| #  include <stdlib.h>
| # endif
| #endif
| #ifdef HAVE_STRING_H
| # if !defined STDC_HEADERS && defined HAVE_MEMORY_H
| #  include <memory.h>
| # endif
| # include <string.h>
| #endif
| #ifdef HAVE_STRINGS_H
| # include <strings.h>
| #endif
| #ifdef HAVE_INTTYPES_H
| # include <inttypes.h>
| #endif
| #ifdef HAVE_STDINT_H
| # include <stdint.h>
| #endif
| #ifdef HAVE_UNISTD_H
| # include <unistd.h>
| #endif
| #include <minix/config.h>
configure:6929: result: no
configure:6929: checking minix/config.h presence
configure:6929: gcc -E  -DLINUX -D_REENTRANT -D_GNU_SOURCE -D_LARGEFILE64_SOURCE conftest.c
conftest.c:19:26: fatal error: minix/config.h: No such file or directory
compilation terminated.
configure:6929: $? = 1
configure: failed program was:
| /* confdefs.h */
| #define PACKAGE_NAME ""
| #define PACKAGE_TARNAME ""
| #define PACKAGE_VERSION ""
| #define PACKAGE_STRING ""
| #define PACKAGE_BUGREPORT ""
| #define PACKAGE_URL ""
| #define STDC_HEADERS 1
| #define HAVE_SYS_TYPES_H 1
| #define HAVE_SYS_STAT_H 1
| #define HAVE_STDLIB_H 1
| #define HAVE_STRING_H 1
| #define HAVE_MEMORY_H 1
| #define HAVE_STRINGS_H 1
| #define HAVE_INTTYPES_H 1
| #define HAVE_STDINT_H 1
| #define HAVE_UNISTD_H 1
| /* end confdefs.h.  */
| #include <minix/config.h>
configure:6929: result: no
configure:6929: checking for minix/config.h
configure:6929: result: no
configure:6950: checking whether it is safe to define __EXTENSIONS__
configure:6968: gcc -std=gnu99 -c  -g -O2 -pthread  -DLINUX -D_REENTRANT -D_GNU_SOURCE -D_LARGEFILE64_SOURCE conftest.c >&5
configure:6968: $? = 0
configure:6975: result: yes
configure:6991: checking for library containing strerror
configure:7022: gcc -std=gnu99 -o conftest  -g -O2 -pthread  -DLINUX -D_REENTRANT -D_GNU_SOURCE -D_LARGEFILE64_SOURCE   -L/opt/apache_but/apr-iconf-1.2.1//lib conftest.c  >&5
configure:7022: $? = 0
configure:7039: result: none required
configure:7061: checking for APR version 1.3.0 or later
configure:7085: result: yes
configure:7118: checking for APR-util version 1.3.0 or later
configure:7142: result: yes
configure:7244: checking for ANSI C header files
configure:7348: result: yes
configure:7372: checking for string.h
configure:7372: result: yes
configure:7372: checking limits.h usability
configure:7372: gcc -std=gnu99 -c  -g -O2 -pthread  -DLINUX -D_REENTRANT -D_GNU_SOURCE -D_LARGEFILE64_SOURCE conftest.c >&5
configure:7372: $? = 0
configure:7372: result: yes
configure:7372: checking limits.h presence
configure:7372: gcc -E  -DLINUX -D_REENTRANT -D_GNU_SOURCE -D_LARGEFILE64_SOURCE conftest.c
configure:7372: $? = 0
configure:7372: result: yes
configure:7372: checking for limits.h
configure:7372: result: yes
configure:7372: checking for unistd.h
configure:7372: result: yes
configure:7372: checking sys/socket.h usability
configure:7372: gcc -std=gnu99 -c  -g -O2 -pthread  -DLINUX -D_REENTRANT -D_GNU_SOURCE -D_LARGEFILE64_SOURCE conftest.c >&5
configure:7372: $? = 0
configure:7372: result: yes
configure:7372: checking sys/socket.h presence
configure:7372: gcc -E  -DLINUX -D_REENTRANT -D_GNU_SOURCE -D_LARGEFILE64_SOURCE conftest.c
configure:7372: $? = 0
configure:7372: result: yes
configure:7372: checking for sys/socket.h
configure:7372: result: yes
configure:7372: checking pwd.h usability
configure:7372: gcc -std=gnu99 -c  -g -O2 -pthread  -DLINUX -D_REENTRANT -D_GNU_SOURCE -D_LARGEFILE64_SOURCE conftest.c >&5
configure:7372: $? = 0
configure:7372: result: yes
configure:7372: checking pwd.h presence
configure:7372: gcc -E  -DLINUX -D_REENTRANT -D_GNU_SOURCE -D_LARGEFILE64_SOURCE conftest.c
configure:7372: $? = 0
configure:7372: result: yes
configure:7372: checking for pwd.h
configure:7372: result: yes
configure:7372: checking grp.h usability
configure:7372: gcc -std=gnu99 -c  -g -O2 -pthread  -DLINUX -D_REENTRANT -D_GNU_SOURCE -D_LARGEFILE64_SOURCE conftest.c >&5
configure:7372: $? = 0
configure:7372: result: yes
configure:7372: checking grp.h presence
configure:7372: gcc -E  -DLINUX -D_REENTRANT -D_GNU_SOURCE -D_LARGEFILE64_SOURCE conftest.c
configure:7372: $? = 0
configure:7372: result: yes
configure:7372: checking for grp.h
configure:7372: result: yes
configure:7372: checking for strings.h
configure:7372: result: yes
configure:7372: checking sys/prctl.h usability
configure:7372: gcc -std=gnu99 -c  -g -O2 -pthread  -DLINUX -D_REENTRANT -D_GNU_SOURCE -D_LARGEFILE64_SOURCE conftest.c >&5
configure:7372: $? = 0
configure:7372: result: yes
configure:7372: checking sys/prctl.h presence
configure:7372: gcc -E  -DLINUX -D_REENTRANT -D_GNU_SOURCE -D_LARGEFILE64_SOURCE conftest.c
configure:7372: $? = 0
configure:7372: result: yes
configure:7372: checking for sys/prctl.h
configure:7372: result: yes
configure:7372: checking sys/processor.h usability
configure:7372: gcc -std=gnu99 -c  -g -O2 -pthread  -DLINUX -D_REENTRANT -D_GNU_SOURCE -D_LARGEFILE64_SOURCE conftest.c >&5
conftest.c:66:27: fatal error: sys/processor.h: No such file or directory
compilation terminated.
configure:7372: $? = 1
configure: failed program was:
| /* confdefs.h */
| #define PACKAGE_NAME ""
| #define PACKAGE_TARNAME ""
| #define PACKAGE_VERSION ""
| #define PACKAGE_STRING ""
| #define PACKAGE_BUGREPORT ""
| #define PACKAGE_URL ""
| #define STDC_HEADERS 1
| #define HAVE_SYS_TYPES_H 1
| #define HAVE_SYS_STAT_H 1
| #define HAVE_STDLIB_H 1
| #define HAVE_STRING_H 1
| #define HAVE_MEMORY_H 1
| #define HAVE_STRINGS_H 1
| #define HAVE_INTTYPES_H 1
| #define HAVE_STDINT_H 1
| #define HAVE_UNISTD_H 1
| #define __EXTENSIONS__ 1
| #define _ALL_SOURCE 1
| #define _GNU_SOURCE 1
| #define _POSIX_PTHREAD_SEMANTICS 1
| #define _TANDEM_SOURCE 1
| #define STDC_HEADERS 1
| #define HAVE_STRING_H 1
| #define HAVE_LIMITS_H 1
| #define HAVE_UNISTD_H 1
| #define HAVE_SYS_SOCKET_H 1
| #define HAVE_PWD_H 1
| #define HAVE_GRP_H 1
| #define HAVE_STRINGS_H 1
| #define HAVE_SYS_PRCTL_H 1
| /* end confdefs.h.  */
| #include <stdio.h>
| #ifdef HAVE_SYS_TYPES_H
| # include <sys/types.h>
| #endif
| #ifdef HAVE_SYS_STAT_H
| # include <sys/stat.h>
| #endif
| #ifdef STDC_HEADERS
| # include <stdlib.h>
| # include <stddef.h>
| #else
| # ifdef HAVE_STDLIB_H
| #  include <stdlib.h>
| # endif
| #endif
| #ifdef HAVE_STRING_H
| # if !defined STDC_HEADERS && defined HAVE_MEMORY_H
| #  include <memory.h>
| # endif
| # include <string.h>
| #endif
| #ifdef HAVE_STRINGS_H
| # include <strings.h>
| #endif
| #ifdef HAVE_INTTYPES_H
| # include <inttypes.h>
| #endif
| #ifdef HAVE_STDINT_H
| # include <stdint.h>
| #endif
| #ifdef HAVE_UNISTD_H
| # include <unistd.h>
| #endif
| #include <sys/processor.h>
configure:7372: result: no
configure:7372: checking sys/processor.h presence
configure:7372: gcc -E  -DLINUX -D_REENTRANT -D_GNU_SOURCE -D_LARGEFILE64_SOURCE conftest.c
conftest.c:33:27: fatal error: sys/processor.h: No such file or directory
compilation terminated.
configure:7372: $? = 1
configure: failed program was:
| /* confdefs.h */
| #define PACKAGE_NAME ""
| #define PACKAGE_TARNAME ""
| #define PACKAGE_VERSION ""
| #define PACKAGE_STRING ""
| #define PACKAGE_BUGREPORT ""
| #define PACKAGE_URL ""
| #define STDC_HEADERS 1
| #define HAVE_SYS_TYPES_H 1
| #define HAVE_SYS_STAT_H 1
| #define HAVE_STDLIB_H 1
| #define HAVE_STRING_H 1
| #define HAVE_MEMORY_H 1
| #define HAVE_STRINGS_H 1
| #define HAVE_INTTYPES_H 1
| #define HAVE_STDINT_H 1
| #define HAVE_UNISTD_H 1
| #define __EXTENSIONS__ 1
| #define _ALL_SOURCE 1
| #define _GNU_SOURCE 1
| #define _POSIX_PTHREAD_SEMANTICS 1
| #define _TANDEM_SOURCE 1
| #define STDC_HEADERS 1
| #define HAVE_STRING_H 1
| #define HAVE_LIMITS_H 1
| #define HAVE_UNISTD_H 1
| #define HAVE_SYS_SOCKET_H 1
| #define HAVE_PWD_H 1
| #define HAVE_GRP_H 1
| #define HAVE_STRINGS_H 1
| #define HAVE_SYS_PRCTL_H 1
| /* end confdefs.h.  */
| #include <sys/processor.h>
configure:7372: result: no
configure:7372: checking for sys/processor.h
configure:7372: result: no
configure:7372: checking sys/sem.h usability
configure:7372: gcc -std=gnu99 -c  -g -O2 -pthread  -DLINUX -D_REENTRANT -D_GNU_SOURCE -D_LARGEFILE64_SOURCE conftest.c >&5
configure:7372: $? = 0
configure:7372: result: yes
configure:7372: checking sys/sem.h presence
configure:7372: gcc -E  -DLINUX -D_REENTRANT -D_GNU_SOURCE -D_LARGEFILE64_SOURCE conftest.c
configure:7372: $? = 0
configure:7372: result: yes
configure:7372: checking for sys/sem.h
configure:7372: result: yes
configure:7372: checking sys/sdt.h usability
configure:7372: gcc -std=gnu99 -c  -g -O2 -pthread  -DLINUX -D_REENTRANT -D_GNU_SOURCE -D_LARGEFILE64_SOURCE conftest.c >&5
conftest.c:67:21: fatal error: sys/sdt.h: No such file or directory
compilation terminated.
configure:7372: $? = 1
configure: failed program was:
| /* confdefs.h */
| #define PACKAGE_NAME ""
| #define PACKAGE_TARNAME ""
| #define PACKAGE_VERSION ""
| #define PACKAGE_STRING ""
| #define PACKAGE_BUGREPORT ""
| #define PACKAGE_URL ""
| #define STDC_HEADERS 1
| #define HAVE_SYS_TYPES_H 1
| #define HAVE_SYS_STAT_H 1
| #define HAVE_STDLIB_H 1
| #define HAVE_STRING_H 1
| #define HAVE_MEMORY_H 1
| #define HAVE_STRINGS_H 1
| #define HAVE_INTTYPES_H 1
| #define HAVE_STDINT_H 1
| #define HAVE_UNISTD_H 1
| #define __EXTENSIONS__ 1
| #define _ALL_SOURCE 1
| #define _GNU_SOURCE 1
| #define _POSIX_PTHREAD_SEMANTICS 1
| #define _TANDEM_SOURCE 1
| #define STDC_HEADERS 1
| #define HAVE_STRING_H 1
| #define HAVE_LIMITS_H 1
| #define HAVE_UNISTD_H 1
| #define HAVE_SYS_SOCKET_H 1
| #define HAVE_PWD_H 1
| #define HAVE_GRP_H 1
| #define HAVE_STRINGS_H 1
| #define HAVE_SYS_PRCTL_H 1
| #define HAVE_SYS_SEM_H 1
| /* end confdefs.h.  */
| #include <stdio.h>
| #ifdef HAVE_SYS_TYPES_H
| # include <sys/types.h>
| #endif
| #ifdef HAVE_SYS_STAT_H
| # include <sys/stat.h>
| #endif
| #ifdef STDC_HEADERS
| # include <stdlib.h>
| # include <stddef.h>
| #else
| # ifdef HAVE_STDLIB_H
| #  include <stdlib.h>
| # endif
| #endif
| #ifdef HAVE_STRING_H
| # if !defined STDC_HEADERS && defined HAVE_MEMORY_H
| #  include <memory.h>
| # endif
| # include <string.h>
| #endif
| #ifdef HAVE_STRINGS_H
| # include <strings.h>
| #endif
| #ifdef HAVE_INTTYPES_H
| # include <inttypes.h>
| #endif
| #ifdef HAVE_STDINT_H
| # include <stdint.h>
| #endif
| #ifdef HAVE_UNISTD_H
| # include <unistd.h>
| #endif
| #include <sys/sdt.h>
configure:7372: result: no
configure:7372: checking sys/sdt.h presence
configure:7372: gcc -E  -DLINUX -D_REENTRANT -D_GNU_SOURCE -D_LARGEFILE64_SOURCE conftest.c
conftest.c:34:21: fatal error: sys/sdt.h: No such file or directory
compilation terminated.
configure:7372: $? = 1
configure: failed program was:
| /* confdefs.h */
| #define PACKAGE_NAME ""
| #define PACKAGE_TARNAME ""
| #define PACKAGE_VERSION ""
| #define PACKAGE_STRING ""
| #define PACKAGE_BUGREPORT ""
| #define PACKAGE_URL ""
| #define STDC_HEADERS 1
| #define HAVE_SYS_TYPES_H 1
| #define HAVE_SYS_STAT_H 1
| #define HAVE_STDLIB_H 1
| #define HAVE_STRING_H 1
| #define HAVE_MEMORY_H 1
| #define HAVE_STRINGS_H 1
| #define HAVE_INTTYPES_H 1
| #define HAVE_STDINT_H 1
| #define HAVE_UNISTD_H 1
| #define __EXTENSIONS__ 1
| #define _ALL_SOURCE 1
| #define _GNU_SOURCE 1
| #define _POSIX_PTHREAD_SEMANTICS 1
| #define _TANDEM_SOURCE 1
| #define STDC_HEADERS 1
| #define HAVE_STRING_H 1
| #define HAVE_LIMITS_H 1
| #define HAVE_UNISTD_H 1
| #define HAVE_SYS_SOCKET_H 1
| #define HAVE_PWD_H 1
| #define HAVE_GRP_H 1
| #define HAVE_STRINGS_H 1
| #define HAVE_SYS_PRCTL_H 1
| #define HAVE_SYS_SEM_H 1
| /* end confdefs.h.  */
| #include <sys/sdt.h>
configure:7372: result: no
configure:7372: checking for sys/sdt.h
configure:7372: result: no
configure:7372: checking sys/loadavg.h usability
configure:7372: gcc -std=gnu99 -c  -g -O2 -pthread  -DLINUX -D_REENTRANT -D_GNU_SOURCE -D_LARGEFILE64_SOURCE conftest.c >&5
conftest.c:67:25: fatal error: sys/loadavg.h: No such file or directory
compilation terminated.
configure:7372: $? = 1
configure: failed program was:
| /* confdefs.h */
| #define PACKAGE_NAME ""
| #define PACKAGE_TARNAME ""
| #define PACKAGE_VERSION ""
| #define PACKAGE_STRING ""
| #define PACKAGE_BUGREPORT ""
| #define PACKAGE_URL ""
| #define STDC_HEADERS 1
| #define HAVE_SYS_TYPES_H 1
| #define HAVE_SYS_STAT_H 1
| #define HAVE_STDLIB_H 1
| #define HAVE_STRING_H 1
| #define HAVE_MEMORY_H 1
| #define HAVE_STRINGS_H 1
| #define HAVE_INTTYPES_H 1
| #define HAVE_STDINT_H 1
| #define HAVE_UNISTD_H 1
| #define __EXTENSIONS__ 1
| #define _ALL_SOURCE 1
| #define _GNU_SOURCE 1
| #define _POSIX_PTHREAD_SEMANTICS 1
| #define _TANDEM_SOURCE 1
| #define STDC_HEADERS 1
| #define HAVE_STRING_H 1
| #define HAVE_LIMITS_H 1
| #define HAVE_UNISTD_H 1
| #define HAVE_SYS_SOCKET_H 1
| #define HAVE_PWD_H 1
| #define HAVE_GRP_H 1
| #define HAVE_STRINGS_H 1
| #define HAVE_SYS_PRCTL_H 1
| #define HAVE_SYS_SEM_H 1
| /* end confdefs.h.  */
| #include <stdio.h>
| #ifdef HAVE_SYS_TYPES_H
| # include <sys/types.h>
| #endif
| #ifdef HAVE_SYS_STAT_H
| # include <sys/stat.h>
| #endif
| #ifdef STDC_HEADERS
| # include <stdlib.h>
| # include <stddef.h>
| #else
| # ifdef HAVE_STDLIB_H
| #  include <stdlib.h>
| # endif
| #endif
| #ifdef HAVE_STRING_H
| # if !defined STDC_HEADERS && defined HAVE_MEMORY_H
| #  include <memory.h>
| # endif
| # include <string.h>
| #endif
| #ifdef HAVE_STRINGS_H
| # include <strings.h>
| #endif
| #ifdef HAVE_INTTYPES_H
| # include <inttypes.h>
| #endif
| #ifdef HAVE_STDINT_H
| # include <stdint.h>
| #endif
| #ifdef HAVE_UNISTD_H
| # include <unistd.h>
| #endif
| #include <sys/loadavg.h>
configure:7372: result: no
configure:7372: checking sys/loadavg.h presence
configure:7372: gcc -E  -DLINUX -D_REENTRANT -D_GNU_SOURCE -D_LARGEFILE64_SOURCE conftest.c
conftest.c:34:25: fatal error: sys/loadavg.h: No such file or directory
compilation terminated.
configure:7372: $? = 1
configure: failed program was:
| /* confdefs.h */
| #define PACKAGE_NAME ""
| #define PACKAGE_TARNAME ""
| #define PACKAGE_VERSION ""
| #define PACKAGE_STRING ""
| #define PACKAGE_BUGREPORT ""
| #define PACKAGE_URL ""
| #define STDC_HEADERS 1
| #define HAVE_SYS_TYPES_H 1
| #define HAVE_SYS_STAT_H 1
| #define HAVE_STDLIB_H 1
| #define HAVE_STRING_H 1
| #define HAVE_MEMORY_H 1
| #define HAVE_STRINGS_H 1
| #define HAVE_INTTYPES_H 1
| #define HAVE_STDINT_H 1
| #define HAVE_UNISTD_H 1
| #define __EXTENSIONS__ 1
| #define _ALL_SOURCE 1
| #define _GNU_SOURCE 1
| #define _POSIX_PTHREAD_SEMANTICS 1
| #define _TANDEM_SOURCE 1
| #define STDC_HEADERS 1
| #define HAVE_STRING_H 1
| #define HAVE_LIMITS_H 1
| #define HAVE_UNISTD_H 1
| #define HAVE_SYS_SOCKET_H 1
| #define HAVE_PWD_H 1
| #define HAVE_GRP_H 1
| #define HAVE_STRINGS_H 1
| #define HAVE_SYS_PRCTL_H 1
| #define HAVE_SYS_SEM_H 1
| /* end confdefs.h.  */
| #include <sys/loadavg.h>
configure:7372: result: no
configure:7372: checking for sys/loadavg.h
configure:7372: result: no
configure:7382: checking for sys/wait.h that is POSIX.1 compatible
configure:7408: gcc -std=gnu99 -c  -g -O2 -pthread  -DLINUX -D_REENTRANT -D_GNU_SOURCE -D_LARGEFILE64_SOURCE conftest.c >&5
configure:7408: $? = 0
configure:7415: result: yes
configure:7425: checking for an ANSI C-conforming const
configure:7491: gcc -std=gnu99 -c  -g -O2 -pthread  -DLINUX -D_REENTRANT -D_GNU_SOURCE -D_LARGEFILE64_SOURCE conftest.c >&5
configure:7491: $? = 0
configure:7498: result: yes
configure:7509: checking for library containing sqrt
configure:7540: gcc -std=gnu99 -o conftest  -g -O2 -pthread  -DLINUX -D_REENTRANT -D_GNU_SOURCE -D_LARGEFILE64_SOURCE   -L/opt/apache_but/apr-iconf-1.2.1//lib conftest.c  >&5
conftest.c:42:6: warning: conflicting types for built-in function 'sqrt' [enabled by default]
/tmp/ccrMp17m.o: In function `main':
/opt/git/HackingLabLCD/packages/apache_but/httpd-2.4.9/conftest.c:46: undefined reference to `sqrt'
collect2: error: ld returned 1 exit status
configure:7540: $? = 1
configure: failed program was:
| /* confdefs.h */
| #define PACKAGE_NAME ""
| #define PACKAGE_TARNAME ""
| #define PACKAGE_VERSION ""
| #define PACKAGE_STRING ""
| #define PACKAGE_BUGREPORT ""
| #define PACKAGE_URL ""
| #define STDC_HEADERS 1
| #define HAVE_SYS_TYPES_H 1
| #define HAVE_SYS_STAT_H 1
| #define HAVE_STDLIB_H 1
| #define HAVE_STRING_H 1
| #define HAVE_MEMORY_H 1
| #define HAVE_STRINGS_H 1
| #define HAVE_INTTYPES_H 1
| #define HAVE_STDINT_H 1
| #define HAVE_UNISTD_H 1
| #define __EXTENSIONS__ 1
| #define _ALL_SOURCE 1
| #define _GNU_SOURCE 1
| #define _POSIX_PTHREAD_SEMANTICS 1
| #define _TANDEM_SOURCE 1
| #define STDC_HEADERS 1
| #define HAVE_STRING_H 1
| #define HAVE_LIMITS_H 1
| #define HAVE_UNISTD_H 1
| #define HAVE_SYS_SOCKET_H 1
| #define HAVE_PWD_H 1
| #define HAVE_GRP_H 1
| #define HAVE_STRINGS_H 1
| #define HAVE_SYS_PRCTL_H 1
| #define HAVE_SYS_SEM_H 1
| #define HAVE_SYS_WAIT_H 1
| /* end confdefs.h.  */
| 
| /* Override any GCC internal prototype to avoid an error.
|    Use char because int might match the return type of a GCC
|    builtin and then its argument prototype would still apply.  */
| #ifdef __cplusplus
| extern "C"
| #endif
| char sqrt ();
| int
| main ()
| {
| return sqrt ();
|   ;
|   return 0;
| }
configure:7540: gcc -std=gnu99 -o conftest  -g -O2 -pthread  -DLINUX -D_REENTRANT -D_GNU_SOURCE -D_LARGEFILE64_SOURCE   -L/opt/apache_but/apr-iconf-1.2.1//lib conftest.c -lm   >&5
conftest.c:42:6: warning: conflicting types for built-in function 'sqrt' [enabled by default]
configure:7540: $? = 0
configure:7557: result: -lm
configure:7574: checking for library containing crypt
configure:7605: gcc -std=gnu99 -o conftest  -g -O2 -pthread  -DLINUX -D_REENTRANT -D_GNU_SOURCE -D_LARGEFILE64_SOURCE   -L/opt/apache_but/apr-iconf-1.2.1//lib conftest.c  >&5
/tmp/ccaIIniq.o: In function `main':
/opt/git/HackingLabLCD/packages/apache_but/httpd-2.4.9/conftest.c:46: undefined reference to `crypt'
collect2: error: ld returned 1 exit status
configure:7605: $? = 1
configure: failed program was:
| /* confdefs.h */
| #define PACKAGE_NAME ""
| #define PACKAGE_TARNAME ""
| #define PACKAGE_VERSION ""
| #define PACKAGE_STRING ""
| #define PACKAGE_BUGREPORT ""
| #define PACKAGE_URL ""
| #define STDC_HEADERS 1
| #define HAVE_SYS_TYPES_H 1
| #define HAVE_SYS_STAT_H 1
| #define HAVE_STDLIB_H 1
| #define HAVE_STRING_H 1
| #define HAVE_MEMORY_H 1
| #define HAVE_STRINGS_H 1
| #define HAVE_INTTYPES_H 1
| #define HAVE_STDINT_H 1
| #define HAVE_UNISTD_H 1
| #define __EXTENSIONS__ 1
| #define _ALL_SOURCE 1
| #define _GNU_SOURCE 1
| #define _POSIX_PTHREAD_SEMANTICS 1
| #define _TANDEM_SOURCE 1
| #define STDC_HEADERS 1
| #define HAVE_STRING_H 1
| #define HAVE_LIMITS_H 1
| #define HAVE_UNISTD_H 1
| #define HAVE_SYS_SOCKET_H 1
| #define HAVE_PWD_H 1
| #define HAVE_GRP_H 1
| #define HAVE_STRINGS_H 1
| #define HAVE_SYS_PRCTL_H 1
| #define HAVE_SYS_SEM_H 1
| #define HAVE_SYS_WAIT_H 1
| /* end confdefs.h.  */
| 
| /* Override any GCC internal prototype to avoid an error.
|    Use char because int might match the return type of a GCC
|    builtin and then its argument prototype would still apply.  */
| #ifdef __cplusplus
| extern "C"
| #endif
| char crypt ();
| int
| main ()
| {
| return crypt ();
|   ;
|   return 0;
| }
configure:7605: gcc -std=gnu99 -o conftest  -g -O2 -pthread  -DLINUX -D_REENTRANT -D_GNU_SOURCE -D_LARGEFILE64_SOURCE   -L/opt/apache_but/apr-iconf-1.2.1//lib conftest.c -lcrypt   >&5
configure:7605: $? = 0
configure:7622: result: -lcrypt
configure:7651: checking for getpwnam
configure:7651: gcc -std=gnu99 -o conftest  -g -O2 -pthread  -DLINUX -D_REENTRANT -D_GNU_SOURCE -D_LARGEFILE64_SOURCE   -L/opt/apache_but/apr-iconf-1.2.1//lib conftest.c  >&5
configure:7651: $? = 0
configure:7651: result: yes
configure:7651: checking for getgrnam
configure:7651: gcc -std=gnu99 -o conftest  -g -O2 -pthread  -DLINUX -D_REENTRANT -D_GNU_SOURCE -D_LARGEFILE64_SOURCE   -L/opt/apache_but/apr-iconf-1.2.1//lib conftest.c  >&5
configure:7651: $? = 0
configure:7651: result: yes
configure:7651: checking for initgroups
configure:7651: gcc -std=gnu99 -o conftest  -g -O2 -pthread  -DLINUX -D_REENTRANT -D_GNU_SOURCE -D_LARGEFILE64_SOURCE   -L/opt/apache_but/apr-iconf-1.2.1//lib conftest.c  >&5
configure:7651: $? = 0
configure:7651: result: yes
configure:7651: checking for bindprocessor
configure:7651: gcc -std=gnu99 -o conftest  -g -O2 -pthread  -DLINUX -D_REENTRANT -D_GNU_SOURCE -D_LARGEFILE64_SOURCE   -L/opt/apache_but/apr-iconf-1.2.1//lib conftest.c  >&5
/tmp/cc8NIfwF.o: In function `main':
/opt/git/HackingLabLCD/packages/apache_but/httpd-2.4.9/conftest.c:72: undefined reference to `bindprocessor'
collect2: error: ld returned 1 exit status
configure:7651: $? = 1
configure: failed program was:
| /* confdefs.h */
| #define PACKAGE_NAME ""
| #define PACKAGE_TARNAME ""
| #define PACKAGE_VERSION ""
| #define PACKAGE_STRING ""
| #define PACKAGE_BUGREPORT ""
| #define PACKAGE_URL ""
| #define STDC_HEADERS 1
| #define HAVE_SYS_TYPES_H 1
| #define HAVE_SYS_STAT_H 1
| #define HAVE_STDLIB_H 1
| #define HAVE_STRING_H 1
| #define HAVE_MEMORY_H 1
| #define HAVE_STRINGS_H 1
| #define HAVE_INTTYPES_H 1
| #define HAVE_STDINT_H 1
| #define HAVE_UNISTD_H 1
| #define __EXTENSIONS__ 1
| #define _ALL_SOURCE 1
| #define _GNU_SOURCE 1
| #define _POSIX_PTHREAD_SEMANTICS 1
| #define _TANDEM_SOURCE 1
| #define STDC_HEADERS 1
| #define HAVE_STRING_H 1
| #define HAVE_LIMITS_H 1
| #define HAVE_UNISTD_H 1
| #define HAVE_SYS_SOCKET_H 1
| #define HAVE_PWD_H 1
| #define HAVE_GRP_H 1
| #define HAVE_STRINGS_H 1
| #define HAVE_SYS_PRCTL_H 1
| #define HAVE_SYS_SEM_H 1
| #define HAVE_SYS_WAIT_H 1
| #define HAVE_GETPWNAM 1
| #define HAVE_GETGRNAM 1
| #define HAVE_INITGROUPS 1
| /* end confdefs.h.  */
| /* Define bindprocessor to an innocuous variant, in case <limits.h> declares bindprocessor.
|    For example, HP-UX 11i <limits.h> declares gettimeofday.  */
| #define bindprocessor innocuous_bindprocessor
| 
| /* System header to define __stub macros and hopefully few prototypes,
|     which can conflict with char bindprocessor (); below.
|     Prefer <limits.h> to <assert.h> if __STDC__ is defined, since
|     <limits.h> exists even on freestanding compilers.  */
| 
| #ifdef __STDC__
| # include <limits.h>
| #else
| # include <assert.h>
| #endif
| 
| #undef bindprocessor
| 
| /* Override any GCC internal prototype to avoid an error.
|    Use char because int might match the return type of a GCC
|    builtin and then its argument prototype would still apply.  */
| #ifdef __cplusplus
| extern "C"
| #endif
| char bindprocessor ();
| /* The GNU C library defines this for functions which it implements
|     to always fail with ENOSYS.  Some functions are actually named
|     something starting with __ and the normal name is an alias.  */
| #if defined __stub_bindprocessor || defined __stub___bindprocessor
| choke me
| #endif
| 
| int
| main ()
| {
| return bindprocessor ();
|   ;
|   return 0;
| }
configure:7651: result: no
configure:7651: checking for prctl
configure:7651: gcc -std=gnu99 -o conftest  -g -O2 -pthread  -DLINUX -D_REENTRANT -D_GNU_SOURCE -D_LARGEFILE64_SOURCE   -L/opt/apache_but/apr-iconf-1.2.1//lib conftest.c  >&5
configure:7651: $? = 0
configure:7651: result: yes
configure:7651: checking for timegm
configure:7651: gcc -std=gnu99 -o conftest  -g -O2 -pthread  -DLINUX -D_REENTRANT -D_GNU_SOURCE -D_LARGEFILE64_SOURCE   -L/opt/apache_but/apr-iconf-1.2.1//lib conftest.c  >&5
configure:7651: $? = 0
configure:7651: result: yes
configure:7651: checking for getpgid
configure:7651: gcc -std=gnu99 -o conftest  -g -O2 -pthread  -DLINUX -D_REENTRANT -D_GNU_SOURCE -D_LARGEFILE64_SOURCE   -L/opt/apache_but/apr-iconf-1.2.1//lib conftest.c  >&5
configure:7651: $? = 0
configure:7651: result: yes
configure:7651: checking for fopen64
configure:7651: gcc -std=gnu99 -o conftest  -g -O2 -pthread  -DLINUX -D_REENTRANT -D_GNU_SOURCE -D_LARGEFILE64_SOURCE   -L/opt/apache_but/apr-iconf-1.2.1//lib conftest.c  >&5
configure:7651: $? = 0
configure:7651: result: yes
configure:7651: checking for getloadavg
configure:7651: gcc -std=gnu99 -o conftest  -g -O2 -pthread  -DLINUX -D_REENTRANT -D_GNU_SOURCE -D_LARGEFILE64_SOURCE   -L/opt/apache_but/apr-iconf-1.2.1//lib conftest.c  >&5
configure:7651: $? = 0
configure:7651: result: yes
configure:7663: checking for void pointer length
configure:7679: gcc -std=gnu99 -o conftest  -g -O2 -pthread  -DLINUX -D_REENTRANT -D_GNU_SOURCE -D_LARGEFILE64_SOURCE   -L/opt/apache_but/apr-iconf-1.2.1//lib conftest.c  >&5
configure:7679: $? = 0
configure:7679: ./conftest
configure:7679: $? = 0
configure:7689: result: no
configure:7697: checking for gettid()
configure:7714: gcc -std=gnu99 -o conftest  -g -O2 -pthread  -DLINUX -D_REENTRANT -D_GNU_SOURCE -D_LARGEFILE64_SOURCE   -L/opt/apache_but/apr-iconf-1.2.1//lib conftest.c  >&5
conftest.c:43:0: warning: "_GNU_SOURCE" redefined [enabled by default]
conftest.c:20:0: note: this is the location of the previous definition
configure:7714: $? = 0
configure:7714: ./conftest
configure:7714: $? = 0
configure:7724: result: yes
configure:7732: checking for tm_gmtoff in struct tm
configure:7749: gcc -std=gnu99 -c  -g -O2 -pthread  -DLINUX -D_REENTRANT -D_GNU_SOURCE -D_LARGEFILE64_SOURCE conftest.c >&5
configure:7749: $? = 0
configure:7756: result: yes
configure:8755: checking whether to enable mod_authn_file
configure:8808: result: shared
configure:8889: checking whether to enable mod_authn_dbm
configure:8942: result: shared (most)
configure:9023: checking whether to enable mod_authn_anon
configure:9076: result: shared (most)
configure:9157: checking whether to enable mod_authn_dbd
configure:9210: result: shared (most)
configure:9291: checking whether to enable mod_authn_socache
configure:9344: result: shared (most)
configure:9426: checking whether to enable mod_authn_core
configure:9479: result: shared
configure:9561: checking whether to enable mod_authz_host
configure:9614: result: shared
configure:9695: checking whether to enable mod_authz_groupfile
configure:9748: result: shared
configure:9829: checking whether to enable mod_authz_user
configure:9882: result: shared
configure:9963: checking whether to enable mod_authz_dbm
configure:10016: result: shared (most)
configure:10097: checking whether to enable mod_authz_owner
configure:10150: result: shared (most)
configure:10231: checking whether to enable mod_authz_dbd
configure:10284: result: shared (most)
configure:10366: checking whether to enable mod_authz_core
configure:10419: result: shared
configure:10501: checking whether to enable mod_authnz_ldap
configure:10552: result: checking dependencies
configure:10557: checking for ldap support in apr/apr-util
configure:10585: result: no
configure:10617: WARNING: apr/apr-util is compiled without ldap support
configure:10623: checking whether to enable mod_authnz_ldap
configure:10633: result: no (disabled)
configure:10715: checking whether to enable mod_access_compat
configure:10768: result: shared
configure:10851: checking whether to enable mod_auth_basic
configure:10904: result: shared
configure:10985: checking whether to enable mod_auth_form
configure:11038: result: shared (most)
configure:11119: checking whether to enable mod_auth_digest
configure:11170: result: checking dependencies
configure:11203: checking whether to enable mod_auth_digest
configure:11213: result: shared (most)
configure:11295: checking whether to enable mod_allowmethods
configure:11348: result: shared (most)
configure:11485: checking whether to enable mod_isapi
configure:11538: result: no
configure:11653: checking whether to enable mod_file_cache
configure:11706: result: shared (most)
configure:11801: checking whether to enable mod_cache
configure:11854: result: shared (most)
configure:11935: checking whether to enable mod_cache_disk
configure:11986: result: checking dependencies
configure:11999: checking whether to enable mod_cache_disk
configure:12009: result: shared (most)
configure:12090: checking whether to enable mod_cache_socache
configure:12143: result: shared (most)
configure:12227: checking whether to enable mod_socache_shmcb
configure:12280: result: shared (most)
configure:12361: checking whether to enable mod_socache_dbm
configure:12414: result: shared (most)
configure:12495: checking whether to enable mod_socache_memcache
configure:12548: result: shared (most)
configure:12629: checking whether to enable mod_socache_dc
configure:12995: result: no
configure:13214: checking whether to enable mod_so
configure:13267: result: static
configure:13349: checking whether to enable mod_watchdog
configure:13443: result: no
configure:13525: checking whether to enable mod_macro
configure:13578: result: shared (most)
configure:13714: checking whether to enable mod_dbd
configure:13767: result: shared (most)
configure:13903: checking whether to enable mod_bucketeer
configure:13956: result: no
configure:14037: checking whether to enable mod_dumpio
configure:14090: result: shared (most)
configure:14205: checking whether to enable mod_echo
configure:14258: result: no
configure:14372: checking whether to enable mod_example_hooks
configure:14425: result: no
configure:14506: checking whether to enable mod_case_filter
configure:14559: result: no
configure:14640: checking whether to enable mod_case_filter_in
configure:14693: result: no
configure:14774: checking whether to enable mod_example_ipc
configure:14827: result: no
configure:14974: checking whether to enable mod_buffer
configure:15027: result: shared (most)
configure:15108: checking whether to enable mod_data
configure:15161: result: no
configure:15242: checking whether to enable mod_ratelimit
configure:15295: result: shared (most)
configure:15376: checking whether to enable mod_reqtimeout
configure:15429: result: shared
configure:15510: checking whether to enable mod_ext_filter
configure:15563: result: shared (most)
configure:15644: checking whether to enable mod_request
configure:15697: result: shared (most)
configure:15778: checking whether to enable mod_include
configure:15831: result: shared (most)
configure:15912: checking whether to enable mod_filter
configure:15965: result: shared
configure:16046: checking whether to enable mod_reflector
configure:16099: result: no
configure:16180: checking whether to enable mod_substitute
configure:16233: result: shared
configure:16316: checking whether to enable mod_sed
configure:16367: result: checking dependencies
configure:16398: checking whether to enable mod_sed
configure:16408: result: shared
configure:16628: checking whether to enable mod_charset_lite
configure:16681: result: no
configure:16765: checking whether to enable mod_deflate
configure:16816: result: checking dependencies
configure:16832: checking for zlib location
configure:16853: result: /usr
configure:17014: checking for zlib library
configure:17027: gcc -std=gnu99 -o conftest  -g -O2 -pthread  -DLINUX -D_REENTRANT -D_GNU_SOURCE -D_LARGEFILE64_SOURCE   -L/opt/apache_but/apr-iconf-1.2.1//lib conftest.c -lz >&5
configure:17027: $? = 0
configure:17028: result: found
configure:17091: checking whether to enable mod_deflate
configure:17101: result: shared (most)
configure:17185: checking whether to enable mod_xml2enc
configure:17334: result: no
configure:17415: checking whether to enable mod_proxy_html
configure:17565: result: no
configure:17709: checking whether to enable mod_http
configure:17762: result: static
configure:17843: checking whether to enable mod_mime
configure:17896: result: shared
configure:18012: checking whether to enable mod_ldap
configure:18063: result: checking dependencies
configure:18068: checking for ldap support in apr/apr-util
configure:18096: result: no
configure:18128: WARNING: apr/apr-util is compiled without ldap support
configure:18134: checking whether to enable mod_ldap
configure:18144: result: no (disabled)
configure:18281: checking whether to enable mod_log_config
configure:18334: result: shared
configure:18415: checking whether to enable mod_log_debug
configure:18468: result: shared (most)
configure:18549: checking whether to enable mod_log_forensic
configure:18602: result: shared
configure:18709: checking whether to enable mod_logio
configure:18762: result: shared (most)
configure:18902: checking whether to enable mod_lua
configure:19556: result: no
configure:19693: checking whether to enable mod_env
configure:19746: result: shared
configure:19827: checking whether to enable mod_mime_magic
configure:19880: result: no
configure:19961: checking whether to enable mod_cern_meta
configure:20014: result: no
configure:20095: checking whether to enable mod_expires
configure:20148: result: shared
configure:20229: checking whether to enable mod_headers
configure:20282: result: shared
configure:20363: checking whether to enable mod_ident
configure:20416: result: no
configure:20498: checking whether to enable mod_usertrack
configure:20588: result: no
configure:20670: checking whether to enable mod_unique_id
configure:20723: result: shared (most)
configure:20804: checking whether to enable mod_setenvif
configure:20857: result: shared
configure:20938: checking whether to enable mod_version
configure:20991: result: shared
configure:21072: checking whether to enable mod_remoteip
configure:21125: result: shared
configure:21248: checking whether to enable mod_proxy
configure:21301: result: shared
configure:21409: checking whether to enable mod_proxy_connect
configure:21460: result: checking dependencies
configure:21473: checking whether to enable mod_proxy_connect
configure:21483: result: shared
configure:21564: checking whether to enable mod_proxy_ftp
configure:21615: result: checking dependencies
configure:21628: checking whether to enable mod_proxy_ftp
configure:21638: result: shared
configure:21719: checking whether to enable mod_proxy_http
configure:21770: result: checking dependencies
configure:21783: checking whether to enable mod_proxy_http
configure:21793: result: shared
configure:21874: checking whether to enable mod_proxy_fcgi
configure:21925: result: checking dependencies
configure:21938: checking whether to enable mod_proxy_fcgi
configure:21948: result: shared
configure:22029: checking whether to enable mod_proxy_scgi
configure:22080: result: checking dependencies
configure:22093: checking whether to enable mod_proxy_scgi
configure:22103: result: shared
configure:22184: checking whether to enable mod_proxy_fdpass
configure:22273: result: no
configure:22354: checking whether to enable mod_proxy_wstunnel
configure:22405: result: checking dependencies
configure:22418: checking whether to enable mod_proxy_wstunnel
configure:22428: result: shared
configure:22509: checking whether to enable mod_proxy_ajp
configure:22560: result: checking dependencies
configure:22573: checking whether to enable mod_proxy_ajp
configure:22583: result: shared
configure:22664: checking whether to enable mod_proxy_balancer
configure:22715: result: checking dependencies
configure:22728: checking whether to enable mod_proxy_balancer
configure:22738: result: shared
configure:22820: checking whether to enable mod_proxy_express
configure:22871: result: checking dependencies
configure:22884: checking whether to enable mod_proxy_express
configure:22894: result: shared
configure:23053: checking whether to enable mod_session
configure:23106: result: shared (most)
configure:23187: checking whether to enable mod_session_cookie
configure:23238: result: checking dependencies
configure:23251: checking whether to enable mod_session_cookie
configure:23261: result: shared (most)
configure:23365: gcc -std=gnu99 -c  -g -O2 -pthread  -DLINUX -D_REENTRANT -D_GNU_SOURCE -D_LARGEFILE64_SOURCE  -I/opt/apache_but/apr-1.5.0/include/apr-1   -I/opt/apache_but/apr-util-1.5.3/include/apr-1  -I/opt/apache_but/apr-iconf-1.2.1//include/apr-1 -I/opt/apache_but/apr-iconf-1.2.1//include conftest.c >&5
conftest.c: In function 'main':
conftest.c:51:2: error: #error no crypto support
configure:23365: $? = 1
configure: failed program was:
| /* confdefs.h */
| #define PACKAGE_NAME ""
| #define PACKAGE_TARNAME ""
| #define PACKAGE_VERSION ""
| #define PACKAGE_STRING ""
| #define PACKAGE_BUGREPORT ""
| #define PACKAGE_URL ""
| #define STDC_HEADERS 1
| #define HAVE_SYS_TYPES_H 1
| #define HAVE_SYS_STAT_H 1
| #define HAVE_STDLIB_H 1
| #define HAVE_STRING_H 1
| #define HAVE_MEMORY_H 1
| #define HAVE_STRINGS_H 1
| #define HAVE_INTTYPES_H 1
| #define HAVE_STDINT_H 1
| #define HAVE_UNISTD_H 1
| #define __EXTENSIONS__ 1
| #define _ALL_SOURCE 1
| #define _GNU_SOURCE 1
| #define _POSIX_PTHREAD_SEMANTICS 1
| #define _TANDEM_SOURCE 1
| #define STDC_HEADERS 1
| #define HAVE_STRING_H 1
| #define HAVE_LIMITS_H 1
| #define HAVE_UNISTD_H 1
| #define HAVE_SYS_SOCKET_H 1
| #define HAVE_PWD_H 1
| #define HAVE_GRP_H 1
| #define HAVE_STRINGS_H 1
| #define HAVE_SYS_PRCTL_H 1
| #define HAVE_SYS_SEM_H 1
| #define HAVE_SYS_WAIT_H 1
| #define HAVE_GETPWNAM 1
| #define HAVE_GETGRNAM 1
| #define HAVE_INITGROUPS 1
| #define HAVE_PRCTL 1
| #define HAVE_TIMEGM 1
| #define HAVE_GETPGID 1
| #define HAVE_FOPEN64 1
| #define HAVE_GETLOADAVG 1
| #define HAVE_GETTID 1
| #define HAVE_GMTOFF 1
| /* end confdefs.h.  */
| #include <apr_crypto.h>
| int
| main ()
| {
| 
| #if APU_HAVE_CRYPTO == 0
| #error no crypto support
| #endif
| 
|   ;
|   return 0;
| }
configure:23373: WARNING: Your APR does not include SSL/EVP support. To enable it: configure --with-crypto
configure:23382: checking whether to enable mod_session_crypto
configure:23460: result: no
configure:23542: checking whether to enable mod_session_dbd
configure:23593: result: checking dependencies
configure:23606: checking whether to enable mod_session_dbd
configure:23616: result: shared (most)
configure:23754: checking whether to enable mod_slotmem_shm
configure:23807: result: shared (most)
configure:23888: checking whether to enable mod_slotmem_plain
configure:23941: result: no
configure:24056: checking whether to enable mod_ssl
configure:24107: result: checking dependencies
configure:24112: checking for OpenSSL
configure:24123: checking for user-provided OpenSSL base directory
configure:24136: result: none
configure:24472: checking for OpenSSL version >= 0.9.8a
configure:24491: gcc -std=gnu99 -c  -g -O2 -pthread  -DLINUX -D_REENTRANT -D_GNU_SOURCE -D_LARGEFILE64_SOURCE conftest.c >&5
configure:24491: $? = 0
configure:24492: result: OK
configure:24561: checking openssl/engine.h usability
configure:24561: gcc -std=gnu99 -c  -g -O2 -pthread  -DLINUX -D_REENTRANT -D_GNU_SOURCE -D_LARGEFILE64_SOURCE conftest.c >&5
configure:24561: $? = 0
configure:24561: result: yes
configure:24561: checking openssl/engine.h presence
configure:24561: gcc -E  -DLINUX -D_REENTRANT -D_GNU_SOURCE -D_LARGEFILE64_SOURCE conftest.c
configure:24561: $? = 0
configure:24561: result: yes
configure:24561: checking for openssl/engine.h
configure:24561: result: yes
configure:24574: checking for SSLeay_version
configure:24574: gcc -std=gnu99 -o conftest  -g -O2 -pthread  -DLINUX -D_REENTRANT -D_GNU_SOURCE -D_LARGEFILE64_SOURCE   -L/opt/apache_but/apr-iconf-1.2.1//lib conftest.c -lssl -lcrypto  -lrt -lcrypt  -lpthread -ldl >&5
configure:24574: $? = 0
configure:24574: result: yes
configure:24574: checking for SSL_CTX_new
configure:24574: gcc -std=gnu99 -o conftest  -g -O2 -pthread  -DLINUX -D_REENTRANT -D_GNU_SOURCE -D_LARGEFILE64_SOURCE   -L/opt/apache_but/apr-iconf-1.2.1//lib conftest.c -lssl -lcrypto  -lrt -lcrypt  -lpthread -ldl >&5
configure:24574: $? = 0
configure:24574: result: yes
configure:24588: checking for ENGINE_init
configure:24588: gcc -std=gnu99 -o conftest  -g -O2 -pthread  -DLINUX -D_REENTRANT -D_GNU_SOURCE -D_LARGEFILE64_SOURCE   -L/opt/apache_but/apr-iconf-1.2.1//lib conftest.c -lssl -lcrypto  -lrt -lcrypt  -lpthread -ldl >&5
configure:24588: $? = 0
configure:24588: result: yes
configure:24588: checking for ENGINE_load_builtin_engines
configure:24588: gcc -std=gnu99 -o conftest  -g -O2 -pthread  -DLINUX -D_REENTRANT -D_GNU_SOURCE -D_LARGEFILE64_SOURCE   -L/opt/apache_but/apr-iconf-1.2.1//lib conftest.c -lssl -lcrypto  -lrt -lcrypt  -lpthread -ldl >&5
configure:24588: $? = 0
configure:24588: result: yes
configure:24611: result: yes
configure:24650: checking whether to enable mod_ssl
configure:24660: result: shared
configure:24798: checking whether to enable mod_optional_hook_export
configure:24851: result: no
configure:24932: checking whether to enable mod_optional_hook_import
configure:24985: result: no
configure:25066: checking whether to enable mod_optional_fn_import
configure:25119: result: no
configure:25200: checking whether to enable mod_optional_fn_export
configure:25253: result: no
configure:25335: checking whether to enable mod_dialup
configure:25388: result: no
configure:25510: checking for target platform
configure:25535: result: unix
configure:25567: checking for rlim_t
configure:25588: gcc -std=gnu99 -c  -g -O2 -pthread  -DLINUX -D_REENTRANT -D_GNU_SOURCE -D_LARGEFILE64_SOURCE conftest.c >&5
configure:25588: $? = 0
configure:25599: result: yes
configure:25611: checking sys/time.h usability
configure:25611: gcc -std=gnu99 -c  -g -O2 -pthread  -DLINUX -D_REENTRANT -D_GNU_SOURCE -D_LARGEFILE64_SOURCE conftest.c >&5
configure:25611: $? = 0
configure:25611: result: yes
configure:25611: checking sys/time.h presence
configure:25611: gcc -E  -DLINUX -D_REENTRANT -D_GNU_SOURCE -D_LARGEFILE64_SOURCE conftest.c
configure:25611: $? = 0
configure:25611: result: yes
configure:25611: checking for sys/time.h
configure:25611: result: yes
configure:25611: checking sys/resource.h usability
configure:25611: gcc -std=gnu99 -c  -g -O2 -pthread  -DLINUX -D_REENTRANT -D_GNU_SOURCE -D_LARGEFILE64_SOURCE conftest.c >&5
configure:25611: $? = 0
configure:25611: result: yes
configure:25611: checking sys/resource.h presence
configure:25611: gcc -E  -DLINUX -D_REENTRANT -D_GNU_SOURCE -D_LARGEFILE64_SOURCE conftest.c
configure:25611: $? = 0
configure:25611: result: yes
configure:25611: checking for sys/resource.h
configure:25611: result: yes
configure:25611: checking for sys/sem.h
configure:25611: result: yes
configure:25611: checking sys/ipc.h usability
configure:25611: gcc -std=gnu99 -c  -g -O2 -pthread  -DLINUX -D_REENTRANT -D_GNU_SOURCE -D_LARGEFILE64_SOURCE conftest.c >&5
configure:25611: $? = 0
configure:25611: result: yes
configure:25611: checking sys/ipc.h presence
configure:25611: gcc -E  -DLINUX -D_REENTRANT -D_GNU_SOURCE -D_LARGEFILE64_SOURCE conftest.c
configure:25611: $? = 0
configure:25611: result: yes
configure:25611: checking for sys/ipc.h
configure:25611: result: yes
configure:25625: checking for setsid
configure:25625: gcc -std=gnu99 -o conftest  -g -O2 -pthread  -DLINUX -D_REENTRANT -D_GNU_SOURCE -D_LARGEFILE64_SOURCE   -L/opt/apache_but/apr-iconf-1.2.1//lib conftest.c  >&5
configure:25625: $? = 0
configure:25625: result: yes
configure:25625: checking for killpg
configure:25625: gcc -std=gnu99 -o conftest  -g -O2 -pthread  -DLINUX -D_REENTRANT -D_GNU_SOURCE -D_LARGEFILE64_SOURCE   -L/opt/apache_but/apr-iconf-1.2.1//lib conftest.c  >&5
configure:25625: $? = 0
configure:25625: result: yes
configure:25641: checking bstring.h usability
configure:25641: gcc -std=gnu99 -c  -g -O2 -pthread  -DLINUX -D_REENTRANT -D_GNU_SOURCE -D_LARGEFILE64_SOURCE conftest.c >&5
conftest.c:90:21: fatal error: bstring.h: No such file or directory
compilation terminated.
configure:25641: $? = 1
configure: failed program was:
| /* confdefs.h */
| #define PACKAGE_NAME ""
| #define PACKAGE_TARNAME ""
| #define PACKAGE_VERSION ""
| #define PACKAGE_STRING ""
| #define PACKAGE_BUGREPORT ""
| #define PACKAGE_URL ""
| #define STDC_HEADERS 1
| #define HAVE_SYS_TYPES_H 1
| #define HAVE_SYS_STAT_H 1
| #define HAVE_STDLIB_H 1
| #define HAVE_STRING_H 1
| #define HAVE_MEMORY_H 1
| #define HAVE_STRINGS_H 1
| #define HAVE_INTTYPES_H 1
| #define HAVE_STDINT_H 1
| #define HAVE_UNISTD_H 1
| #define __EXTENSIONS__ 1
| #define _ALL_SOURCE 1
| #define _GNU_SOURCE 1
| #define _POSIX_PTHREAD_SEMANTICS 1
| #define _TANDEM_SOURCE 1
| #define STDC_HEADERS 1
| #define HAVE_STRING_H 1
| #define HAVE_LIMITS_H 1
| #define HAVE_UNISTD_H 1
| #define HAVE_SYS_SOCKET_H 1
| #define HAVE_PWD_H 1
| #define HAVE_GRP_H 1
| #define HAVE_STRINGS_H 1
| #define HAVE_SYS_PRCTL_H 1
| #define HAVE_SYS_SEM_H 1
| #define HAVE_SYS_WAIT_H 1
| #define HAVE_GETPWNAM 1
| #define HAVE_GETGRNAM 1
| #define HAVE_INITGROUPS 1
| #define HAVE_PRCTL 1
| #define HAVE_TIMEGM 1
| #define HAVE_GETPGID 1
| #define HAVE_FOPEN64 1
| #define HAVE_GETLOADAVG 1
| #define HAVE_GETTID 1
| #define HAVE_GMTOFF 1
| #define HAVE_OPENSSL_ENGINE_H 1
| #define HAVE_SSLEAY_VERSION 1
| #define HAVE_SSL_CTX_NEW 1
| #define HAVE_ENGINE_INIT 1
| #define HAVE_ENGINE_LOAD_BUILTIN_ENGINES 1
| #define HAVE_OPENSSL 1
| #define HAVE_SYS_TIME_H 1
| #define HAVE_SYS_RESOURCE_H 1
| #define HAVE_SYS_SEM_H 1
| #define HAVE_SYS_IPC_H 1
| #define HAVE_SETSID 1
| #define HAVE_KILLPG 1
| /* end confdefs.h.  */
| #include <stdio.h>
| #ifdef HAVE_SYS_TYPES_H
| # include <sys/types.h>
| #endif
| #ifdef HAVE_SYS_STAT_H
| # include <sys/stat.h>
| #endif
| #ifdef STDC_HEADERS
| # include <stdlib.h>
| # include <stddef.h>
| #else
| # ifdef HAVE_STDLIB_H
| #  include <stdlib.h>
| # endif
| #endif
| #ifdef HAVE_STRING_H
| # if !defined STDC_HEADERS && defined HAVE_MEMORY_H
| #  include <memory.h>
| # endif
| # include <string.h>
| #endif
| #ifdef HAVE_STRINGS_H
| # include <strings.h>
| #endif
| #ifdef HAVE_INTTYPES_H
| # include <inttypes.h>
| #endif
| #ifdef HAVE_STDINT_H
| # include <stdint.h>
| #endif
| #ifdef HAVE_UNISTD_H
| # include <unistd.h>
| #endif
| #include <bstring.h>
configure:25641: result: no
configure:25641: checking bstring.h presence
configure:25641: gcc -E  -DLINUX -D_REENTRANT -D_GNU_SOURCE -D_LARGEFILE64_SOURCE conftest.c
conftest.c:57:21: fatal error: bstring.h: No such file or directory
compilation terminated.
configure:25641: $? = 1
configure: failed program was:
| /* confdefs.h */
| #define PACKAGE_NAME ""
| #define PACKAGE_TARNAME ""
| #define PACKAGE_VERSION ""
| #define PACKAGE_STRING ""
| #define PACKAGE_BUGREPORT ""
| #define PACKAGE_URL ""
| #define STDC_HEADERS 1
| #define HAVE_SYS_TYPES_H 1
| #define HAVE_SYS_STAT_H 1
| #define HAVE_STDLIB_H 1
| #define HAVE_STRING_H 1
| #define HAVE_MEMORY_H 1
| #define HAVE_STRINGS_H 1
| #define HAVE_INTTYPES_H 1
| #define HAVE_STDINT_H 1
| #define HAVE_UNISTD_H 1
| #define __EXTENSIONS__ 1
| #define _ALL_SOURCE 1
| #define _GNU_SOURCE 1
| #define _POSIX_PTHREAD_SEMANTICS 1
| #define _TANDEM_SOURCE 1
| #define STDC_HEADERS 1
| #define HAVE_STRING_H 1
| #define HAVE_LIMITS_H 1
| #define HAVE_UNISTD_H 1
| #define HAVE_SYS_SOCKET_H 1
| #define HAVE_PWD_H 1
| #define HAVE_GRP_H 1
| #define HAVE_STRINGS_H 1
| #define HAVE_SYS_PRCTL_H 1
| #define HAVE_SYS_SEM_H 1
| #define HAVE_SYS_WAIT_H 1
| #define HAVE_GETPWNAM 1
| #define HAVE_GETGRNAM 1
| #define HAVE_INITGROUPS 1
| #define HAVE_PRCTL 1
| #define HAVE_TIMEGM 1
| #define HAVE_GETPGID 1
| #define HAVE_FOPEN64 1
| #define HAVE_GETLOADAVG 1
| #define HAVE_GETTID 1
| #define HAVE_GMTOFF 1
| #define HAVE_OPENSSL_ENGINE_H 1
| #define HAVE_SSLEAY_VERSION 1
| #define HAVE_SSL_CTX_NEW 1
| #define HAVE_ENGINE_INIT 1
| #define HAVE_ENGINE_LOAD_BUILTIN_ENGINES 1
| #define HAVE_OPENSSL 1
| #define HAVE_SYS_TIME_H 1
| #define HAVE_SYS_RESOURCE_H 1
| #define HAVE_SYS_SEM_H 1
| #define HAVE_SYS_IPC_H 1
| #define HAVE_SETSID 1
| #define HAVE_KILLPG 1
| /* end confdefs.h.  */
| #include <bstring.h>
configure:25641: result: no
configure:25641: checking for bstring.h
configure:25641: result: no
configure:25641: checking for unistd.h
configure:25641: result: yes
configure:25656: checking for syslog
configure:25656: gcc -std=gnu99 -o conftest  -g -O2 -pthread  -DLINUX -D_REENTRANT -D_GNU_SOURCE -D_LARGEFILE64_SOURCE   -L/opt/apache_but/apr-iconf-1.2.1//lib conftest.c  >&5
configure:25656: $? = 0
configure:25656: result: yes
configure:25668: checking sys/times.h usability
configure:25668: gcc -std=gnu99 -c  -g -O2 -pthread  -DLINUX -D_REENTRANT -D_GNU_SOURCE -D_LARGEFILE64_SOURCE conftest.c >&5
configure:25668: $? = 0
configure:25668: result: yes
configure:25668: checking sys/times.h presence
configure:25668: gcc -E  -DLINUX -D_REENTRANT -D_GNU_SOURCE -D_LARGEFILE64_SOURCE conftest.c
configure:25668: $? = 0
configure:25668: result: yes
configure:25668: checking for sys/times.h
configure:25668: result: yes
configure:25680: checking for times
configure:25680: gcc -std=gnu99 -o conftest  -g -O2 -pthread  -DLINUX -D_REENTRANT -D_GNU_SOURCE -D_LARGEFILE64_SOURCE   -L/opt/apache_but/apr-iconf-1.2.1//lib conftest.c  >&5
configure:25680: $? = 0
configure:25680: result: yes
configure:25749: checking whether APR supports thread-safe pollsets
configure:25768: checking for kqueue
configure:25768: gcc -std=gnu99 -o conftest  -g -O2 -pthread  -DLINUX -D_REENTRANT -D_GNU_SOURCE -D_LARGEFILE64_SOURCE   -L/opt/apache_but/apr-iconf-1.2.1//lib conftest.c  >&5
/tmp/ccaiBpbX.o: In function `main':
/opt/git/HackingLabLCD/packages/apache_but/httpd-2.4.9/conftest.c:95: undefined reference to `kqueue'
collect2: error: ld returned 1 exit status
configure:25768: $? = 1
configure: failed program was:
| /* confdefs.h */
| #define PACKAGE_NAME ""
| #define PACKAGE_TARNAME ""
| #define PACKAGE_VERSION ""
| #define PACKAGE_STRING ""
| #define PACKAGE_BUGREPORT ""
| #define PACKAGE_URL ""
| #define STDC_HEADERS 1
| #define HAVE_SYS_TYPES_H 1
| #define HAVE_SYS_STAT_H 1
| #define HAVE_STDLIB_H 1
| #define HAVE_STRING_H 1
| #define HAVE_MEMORY_H 1
| #define HAVE_STRINGS_H 1
| #define HAVE_INTTYPES_H 1
| #define HAVE_STDINT_H 1
| #define HAVE_UNISTD_H 1
| #define __EXTENSIONS__ 1
| #define _ALL_SOURCE 1
| #define _GNU_SOURCE 1
| #define _POSIX_PTHREAD_SEMANTICS 1
| #define _TANDEM_SOURCE 1
| #define STDC_HEADERS 1
| #define HAVE_STRING_H 1
| #define HAVE_LIMITS_H 1
| #define HAVE_UNISTD_H 1
| #define HAVE_SYS_SOCKET_H 1
| #define HAVE_PWD_H 1
| #define HAVE_GRP_H 1
| #define HAVE_STRINGS_H 1
| #define HAVE_SYS_PRCTL_H 1
| #define HAVE_SYS_SEM_H 1
| #define HAVE_SYS_WAIT_H 1
| #define HAVE_GETPWNAM 1
| #define HAVE_GETGRNAM 1
| #define HAVE_INITGROUPS 1
| #define HAVE_PRCTL 1
| #define HAVE_TIMEGM 1
| #define HAVE_GETPGID 1
| #define HAVE_FOPEN64 1
| #define HAVE_GETLOADAVG 1
| #define HAVE_GETTID 1
| #define HAVE_GMTOFF 1
| #define HAVE_OPENSSL_ENGINE_H 1
| #define HAVE_SSLEAY_VERSION 1
| #define HAVE_SSL_CTX_NEW 1
| #define HAVE_ENGINE_INIT 1
| #define HAVE_ENGINE_LOAD_BUILTIN_ENGINES 1
| #define HAVE_OPENSSL 1
| #define HAVE_SYS_TIME_H 1
| #define HAVE_SYS_RESOURCE_H 1
| #define HAVE_SYS_SEM_H 1
| #define HAVE_SYS_IPC_H 1
| #define HAVE_SETSID 1
| #define HAVE_KILLPG 1
| #define HAVE_UNISTD_H 1
| #define HAVE_SYSLOG 1
| #define HAVE_SYS_TIMES_H 1
| #define HAVE_TIMES 1
| /* end confdefs.h.  */
| /* Define kqueue to an innocuous variant, in case <limits.h> declares kqueue.
|    For example, HP-UX 11i <limits.h> declares gettimeofday.  */
| #define kqueue innocuous_kqueue
| 
| /* System header to define __stub macros and hopefully few prototypes,
|     which can conflict with char kqueue (); below.
|     Prefer <limits.h> to <assert.h> if __STDC__ is defined, since
|     <limits.h> exists even on freestanding compilers.  */
| 
| #ifdef __STDC__
| # include <limits.h>
| #else
| # include <assert.h>
| #endif
| 
| #undef kqueue
| 
| /* Override any GCC internal prototype to avoid an error.
|    Use char because int might match the return type of a GCC
|    builtin and then its argument prototype would still apply.  */
| #ifdef __cplusplus
| extern "C"
| #endif
| char kqueue ();
| /* The GNU C library defines this for functions which it implements
|     to always fail with ENOSYS.  Some functions are actually named
|     something starting with __ and the normal name is an alias.  */
| #if defined __stub_kqueue || defined __stub___kqueue
| choke me
| #endif
| 
| int
| main ()
| {
| return kqueue ();
|   ;
|   return 0;
| }
configure:25768: result: no
configure:25768: checking for port_create
configure:25768: gcc -std=gnu99 -o conftest  -g -O2 -pthread  -DLINUX -D_REENTRANT -D_GNU_SOURCE -D_LARGEFILE64_SOURCE   -L/opt/apache_but/apr-iconf-1.2.1//lib conftest.c  >&5
/tmp/cc0kCsz0.o: In function `main':
/opt/git/HackingLabLCD/packages/apache_but/httpd-2.4.9/conftest.c:95: undefined reference to `port_create'
collect2: error: ld returned 1 exit status
configure:25768: $? = 1
configure: failed program was:
| /* confdefs.h */
| #define PACKAGE_NAME ""
| #define PACKAGE_TARNAME ""
| #define PACKAGE_VERSION ""
| #define PACKAGE_STRING ""
| #define PACKAGE_BUGREPORT ""
| #define PACKAGE_URL ""
| #define STDC_HEADERS 1
| #define HAVE_SYS_TYPES_H 1
| #define HAVE_SYS_STAT_H 1
| #define HAVE_STDLIB_H 1
| #define HAVE_STRING_H 1
| #define HAVE_MEMORY_H 1
| #define HAVE_STRINGS_H 1
| #define HAVE_INTTYPES_H 1
| #define HAVE_STDINT_H 1
| #define HAVE_UNISTD_H 1
| #define __EXTENSIONS__ 1
| #define _ALL_SOURCE 1
| #define _GNU_SOURCE 1
| #define _POSIX_PTHREAD_SEMANTICS 1
| #define _TANDEM_SOURCE 1
| #define STDC_HEADERS 1
| #define HAVE_STRING_H 1
| #define HAVE_LIMITS_H 1
| #define HAVE_UNISTD_H 1
| #define HAVE_SYS_SOCKET_H 1
| #define HAVE_PWD_H 1
| #define HAVE_GRP_H 1
| #define HAVE_STRINGS_H 1
| #define HAVE_SYS_PRCTL_H 1
| #define HAVE_SYS_SEM_H 1
| #define HAVE_SYS_WAIT_H 1
| #define HAVE_GETPWNAM 1
| #define HAVE_GETGRNAM 1
| #define HAVE_INITGROUPS 1
| #define HAVE_PRCTL 1
| #define HAVE_TIMEGM 1
| #define HAVE_GETPGID 1
| #define HAVE_FOPEN64 1
| #define HAVE_GETLOADAVG 1
| #define HAVE_GETTID 1
| #define HAVE_GMTOFF 1
| #define HAVE_OPENSSL_ENGINE_H 1
| #define HAVE_SSLEAY_VERSION 1
| #define HAVE_SSL_CTX_NEW 1
| #define HAVE_ENGINE_INIT 1
| #define HAVE_ENGINE_LOAD_BUILTIN_ENGINES 1
| #define HAVE_OPENSSL 1
| #define HAVE_SYS_TIME_H 1
| #define HAVE_SYS_RESOURCE_H 1
| #define HAVE_SYS_SEM_H 1
| #define HAVE_SYS_IPC_H 1
| #define HAVE_SETSID 1
| #define HAVE_KILLPG 1
| #define HAVE_UNISTD_H 1
| #define HAVE_SYSLOG 1
| #define HAVE_SYS_TIMES_H 1
| #define HAVE_TIMES 1
| /* end confdefs.h.  */
| /* Define port_create to an innocuous variant, in case <limits.h> declares port_create.
|    For example, HP-UX 11i <limits.h> declares gettimeofday.  */
| #define port_create innocuous_port_create
| 
| /* System header to define __stub macros and hopefully few prototypes,
|     which can conflict with char port_create (); below.
|     Prefer <limits.h> to <assert.h> if __STDC__ is defined, since
|     <limits.h> exists even on freestanding compilers.  */
| 
| #ifdef __STDC__
| # include <limits.h>
| #else
| # include <assert.h>
| #endif
| 
| #undef port_create
| 
| /* Override any GCC internal prototype to avoid an error.
|    Use char because int might match the return type of a GCC
|    builtin and then its argument prototype would still apply.  */
| #ifdef __cplusplus
| extern "C"
| #endif
| char port_create ();
| /* The GNU C library defines this for functions which it implements
|     to always fail with ENOSYS.  Some functions are actually named
|     something starting with __ and the normal name is an alias.  */
| #if defined __stub_port_create || defined __stub___port_create
| choke me
| #endif
| 
| int
| main ()
| {
| return port_create ();
|   ;
|   return 0;
| }
configure:25768: result: no
configure:25768: checking for epoll_create
configure:25768: gcc -std=gnu99 -o conftest  -g -O2 -pthread  -DLINUX -D_REENTRANT -D_GNU_SOURCE -D_LARGEFILE64_SOURCE   -L/opt/apache_but/apr-iconf-1.2.1//lib conftest.c  >&5
configure:25768: $? = 0
configure:25768: result: yes
configure:25784: result: yes
configure:25851: checking if event MPM supports this platform
configure:25869: result: yes
configure:25884: checking if mpmt_os2 MPM supports this platform
configure:25903: result: no
configure:25908: checking if prefork MPM supports this platform
configure:25914: result: yes
configure:25929: checking if WinNT MPM supports this platform
configure:25948: result: no
configure:25953: checking if worker MPM supports this platform
configure:25965: result: yes
configure:26815: checking whether to enable mod_lbmethod_byrequests
configure:26868: result: shared
configure:26949: checking whether to enable mod_lbmethod_bytraffic
configure:27002: result: shared
configure:27083: checking whether to enable mod_lbmethod_bybusyness
configure:27136: result: shared
configure:27217: checking whether to enable mod_lbmethod_heartbeat
configure:27270: result: shared
configure:27370: checking which MPM to use by default
configure:27392: result: event
configure:27575: checking for pthread_kill
configure:27575: gcc -std=gnu99 -o conftest  -g -O2 -pthread  -DLINUX -D_REENTRANT -D_GNU_SOURCE -D_LARGEFILE64_SOURCE   -L/opt/apache_but/apr-iconf-1.2.1//lib conftest.c  >&5
configure:27575: $? = 0
configure:27575: result: yes
configure:27837: checking whether to enable mod_unixd
configure:27890: result: shared
configure:27971: checking whether to enable mod_privileges
configure:28057: result: no
configure:28204: checking whether to enable mod_heartbeat
configure:28278: result: no
configure:28359: checking whether to enable mod_heartmonitor
configure:28412: result: no
configure:28534: checking whether to enable mod_dav
configure:28587: result: shared (most)
configure:28728: checking whether to enable mod_status
configure:28781: result: shared
configure:28862: checking whether to enable mod_autoindex
configure:28915: result: shared
configure:28996: checking whether to enable mod_asis
configure:29049: result: no
configure:29130: checking whether to enable mod_info
configure:29183: result: shared (most)
configure:29264: checking whether to enable mod_suexec
configure:29331: result: no
configure:29428: checking whether to enable mod_cgid
configure:29479: result: checking dependencies
configure:29521: checking whether to enable mod_cgid
configure:29531: result: shared (most)
configure:29612: checking whether to enable mod_cgi
configure:29665: result: no
configure:30180: checking whether to enable mod_dav_fs
configure:30231: result: checking dependencies
configure:30244: checking whether to enable mod_dav_fs
configure:30254: result: shared (most)
configure:30378: checking whether to enable mod_dav_lock
configure:30452: result: no
configure:30552: checking for extra modules
configure:30611: result: none
configure:30632: checking whether to enable mod_vhost_alias
configure:30685: result: shared (most)
configure:30766: checking whether to enable mod_negotiation
configure:30819: result: shared (most)
configure:30900: checking whether to enable mod_dir
configure:30953: result: shared
configure:31034: checking whether to enable mod_imagemap
configure:31087: result: no
configure:31168: checking whether to enable mod_actions
configure:31221: result: shared (most)
configure:31302: checking whether to enable mod_speling
configure:31355: result: shared (most)
configure:31436: checking whether to enable mod_userdir
configure:31489: result: shared (most)
configure:31570: checking whether to enable mod_alias
configure:31623: result: shared
configure:31704: checking whether to enable mod_rewrite
configure:31757: result: shared
configure:32270: 
configure:32272: Restore user-defined environment settings...
configure:32274: 
configure:32392: 
configure:32394: Construct makefiles and header files...
configure:32396: 
configure:32707: creating config_vars.mk
configure:32890: creating ./config.status

## ---------------------- ##
## Running config.status. ##
## ---------------------- ##

This file was extended by config.status, which was
generated by GNU Autoconf 2.69.  Invocation command line was

  CONFIG_FILES    = 
  CONFIG_HEADERS  = 
  CONFIG_LINKS    = 
  CONFIG_COMMANDS = 
  $ ./config.status 

on lcddev

config.status:1185: creating docs/conf/httpd.conf
config.status:1185: creating docs/conf/extra/httpd-autoindex.conf
config.status:1185: creating docs/conf/extra/httpd-dav.conf
config.status:1185: creating docs/conf/extra/httpd-default.conf
config.status:1185: creating docs/conf/extra/httpd-info.conf
config.status:1185: creating docs/conf/extra/httpd-languages.conf
config.status:1185: creating docs/conf/extra/httpd-manual.conf
config.status:1185: creating docs/conf/extra/httpd-mpm.conf
config.status:1185: creating docs/conf/extra/httpd-multilang-errordoc.conf
config.status:1185: creating docs/conf/extra/httpd-ssl.conf
config.status:1185: creating docs/conf/extra/httpd-userdir.conf
config.status:1185: creating docs/conf/extra/httpd-vhosts.conf
config.status:1185: creating docs/conf/extra/proxy-html.conf
config.status:1185: creating include/ap_config_layout.h
config.status:1185: creating support/apxs
config.status:1185: creating support/apachectl
config.status:1185: creating support/dbmmanage
config.status:1185: creating support/envvars-std
config.status:1185: creating support/log_server_status
config.status:1185: creating support/logresolve.pl
config.status:1185: creating support/phf_abuse_log.cgi
config.status:1185: creating support/split-logfile
config.status:1185: creating build/rules.mk
config.status:1185: creating build/pkg/pkginfo
config.status:1185: creating build/config_vars.sh
config.status:1185: creating include/ap_config_auto.h
config.status:1369: executing default commands

## ---------------- ##
## Cache variables. ##
## ---------------- ##

ac_cv_APR_HAS_LDAP=no
ac_cv_build=i686-pc-linux-gnu
ac_cv_c_compiler_gnu=yes
ac_cv_c_const=yes
ac_cv_define_APR_HAS_DSO=yes
ac_cv_define_APR_HAS_RANDOM=yes
ac_cv_define_APR_HAS_THREADS=yes
ac_cv_define_APR_HAVE_IPV6=yes
ac_cv_env_CC_set=
ac_cv_env_CC_value=
ac_cv_env_CFLAGS_set=
ac_cv_env_CFLAGS_value=
ac_cv_env_CPPFLAGS_set=
ac_cv_env_CPPFLAGS_value=
ac_cv_env_CPP_set=
ac_cv_env_CPP_value=
ac_cv_env_LDFLAGS_set=
ac_cv_env_LDFLAGS_value=
ac_cv_env_LIBS_set=
ac_cv_env_LIBS_value=
ac_cv_env_build_alias_set=
ac_cv_env_build_alias_value=
ac_cv_env_host_alias_set=
ac_cv_env_host_alias_value=
ac_cv_env_target_alias_set=
ac_cv_env_target_alias_value=
ac_cv_func_ENGINE_init=yes
ac_cv_func_ENGINE_load_builtin_engines=yes
ac_cv_func_SSL_CTX_new=yes
ac_cv_func_SSLeay_version=yes
ac_cv_func_bindprocessor=no
ac_cv_func_epoll_create=yes
ac_cv_func_fopen64=yes
ac_cv_func_getgrnam=yes
ac_cv_func_getloadavg=yes
ac_cv_func_getpgid=yes
ac_cv_func_getpwnam=yes
ac_cv_func_initgroups=yes
ac_cv_func_killpg=yes
ac_cv_func_kqueue=no
ac_cv_func_port_create=no
ac_cv_func_prctl=yes
ac_cv_func_pthread_kill=yes
ac_cv_func_setsid=yes
ac_cv_func_syslog=yes
ac_cv_func_timegm=yes
ac_cv_func_times=yes
ac_cv_gettid=yes
ac_cv_have_threadsafe_pollset=yes
ac_cv_header_bstring_h=no
ac_cv_header_grp_h=yes
ac_cv_header_inttypes_h=yes
ac_cv_header_limits_h=yes
ac_cv_header_memory_h=yes
ac_cv_header_minix_config_h=no
ac_cv_header_openssl_engine_h=yes
ac_cv_header_pwd_h=yes
ac_cv_header_stdc=yes
ac_cv_header_stdint_h=yes
ac_cv_header_stdlib_h=yes
ac_cv_header_string_h=yes
ac_cv_header_strings_h=yes
ac_cv_header_sys_ipc_h=yes
ac_cv_header_sys_loadavg_h=no
ac_cv_header_sys_prctl_h=yes
ac_cv_header_sys_processor_h=no
ac_cv_header_sys_resource_h=yes
ac_cv_header_sys_sdt_h=no
ac_cv_header_sys_sem_h=yes
ac_cv_header_sys_socket_h=yes
ac_cv_header_sys_stat_h=yes
ac_cv_header_sys_time_h=yes
ac_cv_header_sys_times_h=yes
ac_cv_header_sys_types_h=yes
ac_cv_header_sys_wait_h=yes
ac_cv_header_unistd_h=yes
ac_cv_host=i686-pc-linux-gnu
ac_cv_mkdir_p=yes
ac_cv_objext=o
ac_cv_openssl=yes
ac_cv_path_EGREP='/bin/grep -E'
ac_cv_path_GREP=/bin/grep
ac_cv_path_PCRE_CONFIG=false
ac_cv_path_RM=/bin/rm
ac_cv_path_RSYNC=/usr/bin/rsync
ac_cv_prog_AWK=mawk
ac_cv_prog_CPP='gcc -E'
ac_cv_prog_LYNX_PATH=lynx
ac_cv_prog_ac_ct_CC=gcc
ac_cv_prog_ac_ct_RANLIB=ranlib
ac_cv_prog_cc_c89=
ac_cv_prog_cc_c99=-std=gnu99
ac_cv_prog_cc_g=yes
ac_cv_safe_to_define___extensions__=yes
ac_cv_search_crypt=-lcrypt
ac_cv_search_sqrt=-lm
ac_cv_search_strerror='none required'
ac_cv_struct_tm_gmtoff=yes
ac_cv_target=i686-pc-linux-gnu
ac_cv_type_rlim_t=yes
ap_cv_aprver13=yes
ap_cv_apuver13=yes
ap_cv_void_ptr_lt_long=no
ap_cv_zlib=/usr

## ----------------- ##
## Output variables. ##
## ----------------- ##

APACHECTL_ULIMIT='ulimit -S -n `ulimit -H -n`'
APR_BINDIR='/opt/apache_but/apr-1.5.0/bin'
APR_CONFIG='/opt/apache_but/apr-1.5.0/bin/apr-1-config'
APR_INCLUDEDIR='/opt/apache_but/apr-1.5.0/include/apr-1'
APR_VERSION='1.5.0'
APU_BINDIR='/opt/apache_but/apr-util-1.5.3/bin'
APU_CONFIG='/opt/apache_but/apr-util-1.5.3/bin/apu-1-config'
APU_INCLUDEDIR='/opt/apache_but/apr-util-1.5.3/include/apr-1'
APU_VERSION='1.5.3'
AP_BUILD_SRCLIB_DIRS=''
AP_CLEAN_SRCLIB_DIRS=''
AP_LIBS='$(MOD_SO_LDADD) $(MOD_HTTP_LDADD) $(MOD_MPM_EVENT_LDADD)  /opt/apache_but/apr-util-1.5.3/lib/libaprutil-1.la     -lexpat  /opt/apache_but/apr-1.5.0/lib/libapr-1.la -lrt -lcrypt  -lpthread -ldl'
AWK='mawk'
BUILTIN_LIBS=' modules/core/libmod_so.la modules/http/libmod_http.la'
CC='gcc -std=gnu99'
CFLAGS=''
CORE_IMPLIB=''
CORE_IMPLIB_FILE=''
CPP='gcc -E'
CPPFLAGS=''
CRYPT_LIBS='-lcrypt '
CXX=''
CXXFLAGS=''
DEFS='-DHAVE_CONFIG_H'
DSO_MODULES=' authn_file authn_dbm authn_anon authn_dbd authn_socache authn_core authz_host authz_groupfile authz_user authz_dbm authz_owner authz_dbd authz_core access_compat auth_basic auth_form auth_digest allowmethods file_cache cache cache_disk cache_socache socache_shmcb socache_dbm socache_memcache macro dbd dumpio buffer ratelimit reqtimeout ext_filter request include filter substitute sed deflate mime log_config log_debug log_forensic logio env expires headers unique_id setenvif version remoteip proxy proxy_connect proxy_ftp proxy_http proxy_fcgi proxy_scgi proxy_wstunnel proxy_ajp proxy_balancer proxy_express session session_cookie session_dbd slotmem_shm ssl lbmethod_byrequests lbmethod_bytraffic lbmethod_bybusyness lbmethod_heartbeat unixd dav status autoindex info cgid dav_fs vhost_alias negotiation dir actions speling userdir alias rewrite'
DTRACE='true'
ECHO_C=''
ECHO_N='-n'
ECHO_T=''
EGREP='/bin/grep -E'
ENABLED_DSO_MODULES=',authn_file,authn_core,authz_host,authz_groupfile,authz_user,authz_core,access_compat,auth_basic,reqtimeout,filter,mime,log_config,env,headers,setenvif,version,proxy,proxy_connect,proxy_ftp,proxy_http,proxy_fcgi,proxy_scgi,proxy_wstunnel,proxy_ajp,proxy_balancer,proxy_express,lbmethod_byrequests,lbmethod_bytraffic,lbmethod_bybusyness,lbmethod_heartbeat,unixd,status,autoindex,dir,alias'
EXEEXT=''
EXTRA_CFLAGS=' -g -O2 -pthread'
EXTRA_CPPFLAGS=' -DLINUX -D_REENTRANT -D_GNU_SOURCE -D_LARGEFILE64_SOURCE'
EXTRA_CXXFLAGS=''
EXTRA_INCLUDES='-I. -I$(top_srcdir)/os/$(OS_DIR) -I$(top_srcdir)/include -I/opt/apache_but/apr-1.5.0/include/apr-1 -I/opt/apache_but/apr-util-1.5.3/include/apr-1 -I/opt/apache_but/apr-iconf-1.2.1//include/apr-1 -I/opt/apache_but/apr-iconf-1.2.1//include -I/opt/apache_but/pcre-8.35/include -I$(top_srcdir)/modules/aaa -I$(top_srcdir)/modules/cache -I$(top_srcdir)/modules/core -I$(top_srcdir)/modules/database -I$(top_srcdir)/modules/filters -I$(top_srcdir)/modules/ldap -I$(top_builddir)/server -I$(top_srcdir)/modules/loggers -I$(top_srcdir)/modules/lua -I$(top_srcdir)/modules/proxy -I$(top_srcdir)/modules/session -I$(top_srcdir)/modules/ssl -I$(top_srcdir)/modules/test -I$(top_srcdir)/server -I$(top_srcdir)/modules/arch/unix -I$(top_srcdir)/modules/dav/main -I$(top_srcdir)/modules/generators -I$(top_srcdir)/modules/mappers'
EXTRA_LDFLAGS='  -L/opt/apache_but/apr-iconf-1.2.1//lib'
EXTRA_LIBS=''
GREP='/bin/grep'
HTTPD_LDFLAGS='-export-dynamic'
HTTPD_VERSION='2.4.9'
INCLUDES=''
INSTALL='$(LIBTOOL) --mode=install $(abs_srcdir)/build/install.sh -c'
INSTALL_DSO='yes'
INSTALL_PROG_FLAGS=''
INTERNAL_CPPFLAGS=''
LDFLAGS=''
LIBOBJS=''
LIBS=''
LIBTOOL='/opt/apache_but/apr-1.5.0/build-1/libtool $(LTFLAGS)'
LN_S='ln -s'
LOAD_ALL_MODULES='no'
LTCFLAGS='-prefer-non-pic -static'
LTFLAGS='--silent'
LTLIBOBJS=''
LT_LDFLAGS=''
LUA_CFLAGS=''
LUA_LIBS=''
LYNX_PATH='lynx'
MATH_LIBS='-lm '
MKDEP='$(CC) -MM'
MKINSTALLDIRS='$(abs_srcdir)/build/mkdir.sh'
MK_IMPLIB=''
MODULE_CLEANDIRS=' arch/win32 echo examples experimental ldap lua test cluster dav/lock'
MODULE_DIRS=' aaa cache core database debugging filters http loggers metadata proxy session slotmem ssl proxy/balancers arch/unix dav/main generators dav/fs mappers'
MOD_ACCESS_COMPAT_LDADD=''
MOD_ACTIONS_LDADD=''
MOD_ALIAS_LDADD=''
MOD_ALLOWMETHODS_LDADD=''
MOD_ASIS_LDADD=''
MOD_AUTHNZ_LDAP_LDADD=''
MOD_AUTHN_ANON_LDADD=''
MOD_AUTHN_CORE_LDADD=''
MOD_AUTHN_DBD_LDADD=''
MOD_AUTHN_DBM_LDADD=''
MOD_AUTHN_FILE_LDADD=''
MOD_AUTHN_SOCACHE_LDADD=''
MOD_AUTHZ_CORE_LDADD=''
MOD_AUTHZ_DBD_LDADD=''
MOD_AUTHZ_DBM_LDADD=''
MOD_AUTHZ_GROUPFILE_LDADD=''
MOD_AUTHZ_HOST_LDADD=''
MOD_AUTHZ_OWNER_LDADD=''
MOD_AUTHZ_USER_LDADD=''
MOD_AUTH_BASIC_LDADD=''
MOD_AUTH_DIGEST_LDADD=''
MOD_AUTH_FORM_LDADD=''
MOD_AUTOINDEX_LDADD=''
MOD_BUCKETEER_LDADD=''
MOD_BUFFER_LDADD=''
MOD_CACHE_DISK_LDADD=''
MOD_CACHE_LDADD=''
MOD_CACHE_SOCACHE_LDADD=''
MOD_CASE_FILTER_IN_LDADD=''
MOD_CASE_FILTER_LDADD=''
MOD_CERN_META_LDADD=''
MOD_CGID_LDADD=''
MOD_CGI_LDADD=''
MOD_CHARSET_LITE_LDADD=''
MOD_DATA_LDADD=''
MOD_DAV_FS_LDADD=''
MOD_DAV_LDADD=''
MOD_DAV_LOCK_LDADD=''
MOD_DBD_LDADD=''
MOD_DEFLATE_LDADD=' -lz'
MOD_DIALUP_LDADD=''
MOD_DIR_LDADD=''
MOD_DUMPIO_LDADD=''
MOD_ECHO_LDADD=''
MOD_ENV_LDADD=''
MOD_EXAMPLE_HOOKS_LDADD=''
MOD_EXAMPLE_IPC_LDADD=''
MOD_EXPIRES_LDADD=''
MOD_EXT_FILTER_LDADD=''
MOD_FILE_CACHE_LDADD=''
MOD_FILTER_LDADD=''
MOD_HEADERS_LDADD=''
MOD_HEARTBEAT_LDADD=''
MOD_HEARTMONITOR_LDADD=''
MOD_HTTP_LDADD=''
MOD_IDENT_LDADD=''
MOD_IMAGEMAP_LDADD=''
MOD_INCLUDE_LDADD=''
MOD_INFO_LDADD=''
MOD_ISAPI_LDADD=''
MOD_LBMETHOD_BYBUSYNESS_LDADD=''
MOD_LBMETHOD_BYREQUESTS_LDADD=''
MOD_LBMETHOD_BYTRAFFIC_LDADD=''
MOD_LBMETHOD_HEARTBEAT_LDADD=''
MOD_LDAP_LDADD=''
MOD_LOGIO_LDADD=''
MOD_LOG_CONFIG_LDADD=''
MOD_LOG_DEBUG_LDADD=''
MOD_LOG_FORENSIC_LDADD=''
MOD_LUA_LDADD=''
MOD_MACRO_LDADD=''
MOD_MIME_LDADD=''
MOD_MIME_MAGIC_LDADD=''
MOD_MPM_EVENT_LDADD=''
MOD_NEGOTIATION_LDADD=''
MOD_OPTIONAL_FN_EXPORT_LDADD=''
MOD_OPTIONAL_FN_IMPORT_LDADD=''
MOD_OPTIONAL_HOOK_EXPORT_LDADD=''
MOD_OPTIONAL_HOOK_IMPORT_LDADD=''
MOD_PRIVILEGES_LDADD=''
MOD_PROXY_AJP_LDADD=''
MOD_PROXY_BALANCER_LDADD=''
MOD_PROXY_CONNECT_LDADD=''
MOD_PROXY_EXPRESS_LDADD=''
MOD_PROXY_FCGI_LDADD=''
MOD_PROXY_FDPASS_LDADD=''
MOD_PROXY_FTP_LDADD=''
MOD_PROXY_HTML_LDADD=''
MOD_PROXY_HTTP_LDADD=''
MOD_PROXY_LDADD=''
MOD_PROXY_SCGI_LDADD=''
MOD_PROXY_WSTUNNEL_LDADD=''
MOD_RATELIMIT_LDADD=''
MOD_REFLECTOR_LDADD=''
MOD_REMOTEIP_LDADD=''
MOD_REQTIMEOUT_LDADD=''
MOD_REQUEST_LDADD=''
MOD_REWRITE_LDADD=''
MOD_SED_LDADD='-export-symbols-regex sed_module'
MOD_SESSION_COOKIE_LDADD=''
MOD_SESSION_CRYPTO_LDADD=''
MOD_SESSION_DBD_LDADD=''
MOD_SESSION_LDADD=''
MOD_SETENVIF_LDADD=''
MOD_SLOTMEM_PLAIN_LDADD=''
MOD_SLOTMEM_SHM_LDADD=''
MOD_SOCACHE_DBM_LDADD=''
MOD_SOCACHE_DC_LDADD=''
MOD_SOCACHE_MEMCACHE_LDADD=''
MOD_SOCACHE_SHMCB_LDADD=''
MOD_SO_ENABLED='yes'
MOD_SO_LDADD=''
MOD_SPELING_LDADD=''
MOD_SSL_LDADD='-export-symbols-regex ssl_module'
MOD_STATUS_LDADD=''
MOD_SUBSTITUTE_LDADD=''
MOD_SUEXEC_LDADD=''
MOD_UNIQUE_ID_LDADD=''
MOD_UNIXD_LDADD=''
MOD_USERDIR_LDADD=''
MOD_USERTRACK_LDADD=''
MOD_VERSION_LDADD=''
MOD_VHOST_ALIAS_LDADD=''
MOD_WATCHDOG_LDADD=''
MOD_XML2ENC_LDADD=''
MPM_LIB='server/mpm/event/libevent.la'
MPM_SUBDIRS=' event '
NONPORTABLE_SUPPORT='checkgid fcgistarter'
NOTEST_CFLAGS=''
NOTEST_CPPFLAGS=''
NOTEST_CXXFLAGS=''
NOTEST_LDFLAGS=''
NOTEST_LIBS=''
OBJEXT='o'
OS='unix'
OS_DIR='unix'
OS_SPECIFIC_VARS=''
PACKAGE_BUGREPORT=''
PACKAGE_NAME=''
PACKAGE_STRING=''
PACKAGE_TARNAME=''
PACKAGE_URL=''
PACKAGE_VERSION=''
PATH_SEPARATOR=':'
PCRE_CONFIG='/opt/apache_but/pcre-8.35//bin/pcre-config'
PCRE_LIBS='-L/opt/apache_but/pcre-8.35/lib -lpcre'
PICFLAGS=''
PILDFLAGS=''
PKGCONFIG=''
PORT='80'
POST_SHARED_CMDS='echo ""'
PRE_SHARED_CMDS='echo ""'
RANLIB='ranlib'
RM='/bin/rm'
RSYNC='/usr/bin/rsync'
SHELL='/bin/bash'
SHLIBPATH_VAR='LD_LIBRARY_PATH'
SHLTCFLAGS='-prefer-pic'
SH_LDFLAGS=''
SH_LIBS=''
SH_LIBTOOL='$(LIBTOOL)'
SSLPORT='443'
UTIL_LDFLAGS=''
ab_CFLAGS=''
ab_LDFLAGS='-lssl -lcrypto  -lrt -lcrypt  -lpthread -ldl'
ab_LTFLAGS=''
abs_srcdir='/opt/git/HackingLabLCD/packages/apache_but/httpd-2.4.9'
ac_ct_CC='gcc'
ap_make_delimiter=' '
ap_make_include='include'
bindir='${exec_prefix}/bin'
build='i686-pc-linux-gnu'
build_alias=''
build_cpu='i686'
build_os='linux-gnu'
build_vendor='pc'
cgidir='${datadir}/cgi-bin'
checkgid_LTFLAGS=''
datadir='${prefix}'
datarootdir='${prefix}/share'
docdir='${datarootdir}/doc/${PACKAGE}'
dvidir='${docdir}'
errordir='${datadir}/error'
exec_prefix='${prefix}'
exp_bindir='/opt/apache_but/httpd//bin'
exp_cgidir='/opt/apache_but/httpd//cgi-bin'
exp_datadir='/opt/apache_but/httpd/'
exp_errordir='/opt/apache_but/httpd//error'
exp_exec_prefix='/opt/apache_but/httpd/'
exp_htdocsdir='/opt/apache_but/httpd//htdocs'
exp_iconsdir='/opt/apache_but/httpd//icons'
exp_includedir='/opt/apache_but/httpd//include'
exp_installbuilddir='/opt/apache_but/httpd//build'
exp_libdir='/opt/apache_but/httpd//lib'
exp_libexecdir='/opt/apache_but/httpd//modules'
exp_localstatedir='/opt/apache_but/httpd/'
exp_logfiledir='/opt/apache_but/httpd//logs'
exp_mandir='/opt/apache_but/httpd//man'
exp_manualdir='/opt/apache_but/httpd//manual'
exp_proxycachedir='/opt/apache_but/httpd//proxy'
exp_runtimedir='/opt/apache_but/httpd//logs'
exp_sbindir='/opt/apache_but/httpd//bin'
exp_sysconfdir='/opt/apache_but/httpd//conf'
fcgistarter_LTFLAGS=''
host='i686-pc-linux-gnu'
host_alias=''
host_cpu='i686'
host_os='linux-gnu'
host_vendor='pc'
htcacheclean_LTFLAGS=''
htdbm_LTFLAGS=''
htdigest_LTFLAGS=''
htdocsdir='${datadir}/htdocs'
htmldir='${docdir}'
htpasswd_LTFLAGS=''
httxt2dbm_LTFLAGS=''
iconsdir='${datadir}/icons'
includedir='${prefix}/include'
infodir='${datarootdir}/info'
installbuilddir='${datadir}/build'
libdir='${exec_prefix}/lib'
libexecdir='${exec_prefix}/modules'
localedir='${datarootdir}/locale'
localstatedir='${prefix}'
logfiledir='${localstatedir}/logs'
logresolve_LTFLAGS=''
mandir='${prefix}/man'
manualdir='${datadir}/manual'
oldincludedir='/usr/include'
other_targets=''
pdfdir='${docdir}'
perlbin='/usr/bin/perl'
prefix='/opt/apache_but/httpd/'
progname='httpd'
program_transform_name='s,x,x,'
proxycachedir='${localstatedir}/proxy'
psdir='${docdir}'
rel_bindir='bin'
rel_cgidir='cgi-bin'
rel_datadir=''
rel_errordir='error'
rel_exec_prefix=''
rel_htdocsdir='htdocs'
rel_iconsdir='icons'
rel_includedir='include'
rel_installbuilddir='build'
rel_libdir='lib'
rel_libexecdir='modules'
rel_localstatedir=''
rel_logfiledir='logs'
rel_mandir='man'
rel_manualdir='manual'
rel_proxycachedir='proxy'
rel_runtimedir='logs'
rel_sbindir='bin'
rel_sysconfdir='conf'
rotatelogs_LTFLAGS=''
runtimedir='${localstatedir}/logs'
sbindir='${exec_prefix}/bin'
shared_build='shared-build'
sharedstatedir='${prefix}/com'
sysconfdir='${prefix}/conf'
target='i686-pc-linux-gnu'
target_alias=''
target_cpu='i686'
target_os='linux-gnu'
target_vendor='pc'

## ----------- ##
## confdefs.h. ##
## ----------- ##

/* confdefs.h */
#define PACKAGE_NAME ""
#define PACKAGE_TARNAME ""
#define PACKAGE_VERSION ""
#define PACKAGE_STRING ""
#define PACKAGE_BUGREPORT ""
#define PACKAGE_URL ""
#define STDC_HEADERS 1
#define HAVE_SYS_TYPES_H 1
#define HAVE_SYS_STAT_H 1
#define HAVE_STDLIB_H 1
#define HAVE_STRING_H 1
#define HAVE_MEMORY_H 1
#define HAVE_STRINGS_H 1
#define HAVE_INTTYPES_H 1
#define HAVE_STDINT_H 1
#define HAVE_UNISTD_H 1
#define __EXTENSIONS__ 1
#define _ALL_SOURCE 1
#define _GNU_SOURCE 1
#define _POSIX_PTHREAD_SEMANTICS 1
#define _TANDEM_SOURCE 1
#define STDC_HEADERS 1
#define HAVE_STRING_H 1
#define HAVE_LIMITS_H 1
#define HAVE_UNISTD_H 1
#define HAVE_SYS_SOCKET_H 1
#define HAVE_PWD_H 1
#define HAVE_GRP_H 1
#define HAVE_STRINGS_H 1
#define HAVE_SYS_PRCTL_H 1
#define HAVE_SYS_SEM_H 1
#define HAVE_SYS_WAIT_H 1
#define HAVE_GETPWNAM 1
#define HAVE_GETGRNAM 1
#define HAVE_INITGROUPS 1
#define HAVE_PRCTL 1
#define HAVE_TIMEGM 1
#define HAVE_GETPGID 1
#define HAVE_FOPEN64 1
#define HAVE_GETLOADAVG 1
#define HAVE_GETTID 1
#define HAVE_GMTOFF 1
#define HAVE_OPENSSL_ENGINE_H 1
#define HAVE_SSLEAY_VERSION 1
#define HAVE_SSL_CTX_NEW 1
#define HAVE_ENGINE_INIT 1
#define HAVE_ENGINE_LOAD_BUILTIN_ENGINES 1
#define HAVE_OPENSSL 1
#define HAVE_SYS_TIME_H 1
#define HAVE_SYS_RESOURCE_H 1
#define HAVE_SYS_SEM_H 1
#define HAVE_SYS_IPC_H 1
#define HAVE_SETSID 1
#define HAVE_KILLPG 1
#define HAVE_UNISTD_H 1
#define HAVE_SYSLOG 1
#define HAVE_SYS_TIMES_H 1
#define HAVE_TIMES 1
#define HAVE_EPOLL_CREATE 1
#define HAVE_PTHREAD_KILL 1
#define AP_USING_AUTOCONF 1
#define SINGLE_LISTEN_UNSERIALIZED_ACCEPT 1
#define AP_NONBLOCK_WHEN_MULTI_LISTEN 1
#define AP_ENABLE_V4_MAPPED 1
#define HTTPD_ROOT "/opt/apache_but/httpd/"
#define SERVER_CONFIG_FILE "conf/httpd.conf"
#define AP_TYPES_CONFIG_FILE "conf/mime.types"

configure: exit 0
