CachingBackend: Loading instances from cache
Found a running session of Netmonitor, adding new instance by service.
Error in screenlets.services.get_service_by_name: org.freedesktop.DBus.Error.ServiceUnknown: The name org.screenlets.Netmonitor was not provided by any .service files
Screenlet has already been added to /tmp/screenlets/screenlets.hacker.running
Loading instances in: /home/hacker/.config/Screenlets/Netmonitor/default/
No instance(s) found in session-path, creating new one.
/home/hacker/.config/Screenlets/Netmonitor/default/Netmonitor1
LOAD NEW THEME: default
FOUND: /usr/share/screenlets/Netmonitor/themes/default
theme.conf found! Loading option-overrides.
theme.conf loaded: 
Name: default
Author: Helder Fraga aka Whise
Version: 1.0
Info: Default theme
Override: frame_color
WARNING: Option 'frame_color' not found or protected.
Override: color_text
WARNING: Option 'color_text' not found or protected.
WARNING - add_default_menuitems and add_menuitems should be set in on_init ,menu values will be displayed incorrectly
WARNING - add_default_menuitems and add_menuitems should be set in on_init ,menu values will be displayed incorrectly
WARNING - add_default_menuitems and add_menuitems should be set in on_init ,menu values will be displayed incorrectly
0
