CachingBackend: Loading instances from cache
Found a running session of Output, adding new instance by service.
Error in screenlets.services.get_service_by_name: org.freedesktop.DBus.Error.ServiceUnknown: The name org.screenlets.Output was not provided by any .service files
Screenlet has already been added to /tmp/screenlets/screenlets.hacker.running
Loading instances in: /home/hacker/.config/Screenlets/Output/default/
No instance(s) found in session-path, creating new one.
/home/hacker/.config/Screenlets/Output/default/Output1
LOAD NEW THEME: default
FOUND: /usr/share/screenlets/Output/themes/default
theme.conf found! Loading option-overrides.
theme.conf loaded: 
Name: default
Author: Helder Fraga aka Whise
Version: 1.0
Info: default theme
Override: frame_color
WARNING: Option 'frame_color' not found or protected.
Override: shadow_color
WARNING: Option 'shadow_color' not found or protected.
Override: iner_frame_color
WARNING: Option 'iner_frame_color' not found or protected.
Override: text_color
WARNING: Option 'text_color' not found or protected.
(0, 0, 0, 0.7)
0.7
(0, 0, 0, 0.3)
0.3
(0, 0, 0, 0.5)
0.5
(1, 1, 1, 0.7)
0.7
/home/hacker/.screenlets/Output/themes
Path /home/hacker/.screenlets/Output/themes not found.
/usr/share/screenlets/Output/themes
active theme is: default
