CachingBackend: Loading instances from cache
Found a running session of Places, adding new instance by service.
Error in screenlets.services.get_service_by_name: org.freedesktop.DBus.Error.ServiceUnknown: The name org.screenlets.Places was not provided by any .service files
Screenlet has already been added to /tmp/screenlets/screenlets.hacker.running
Loading instances in: /home/hacker/.config/Screenlets/Places/default/
No instance(s) found in session-path, creating new one.
/home/hacker/.config/Screenlets/Places/default/Places1
LOAD NEW THEME: default
FOUND: /usr/share/screenlets/Places/themes/default
theme.conf found! Loading option-overrides.
theme.conf loaded: 
Name: default
Author: Helder Fraga aka Whise
Version: 1.0
Info: Default theme
Override: color_title
WARNING: Option 'color_title' not found or protected.
Override: font
WARNING: Option 'font' not found or protected.
Override: color_hover
WARNING: Option 'color_hover' not found or protected.
Override: color_even
WARNING: Option 'color_even' not found or protected.
Override: font_title
WARNING: Option 'font_title' not found or protected.
Override: show_shadow
WARNING: Option 'show_shadow' not found or protected.
Override: color_back
WARNING: Option 'color_back' not found or protected.
Override: color_odd
WARNING: Option 'color_odd' not found or protected.
Override: color_text
WARNING: Option 'color_text' not found or protected.
Error loading GTK bookmarks: [Errno 2] No such file or directory: '/home/hacker/.gtk-bookmarks'
Error loading GTK bookmarks: [Errno 2] No such file or directory: '/home/hacker/.gtk-bookmarks'
Error loading GTK bookmarks: [Errno 2] No such file or directory: '/home/hacker/.gtk-bookmarks'
Error loading GTK bookmarks: [Errno 2] No such file or directory: '/home/hacker/.gtk-bookmarks'
Error loading GTK bookmarks: [Errno 2] No such file or directory: '/home/hacker/.gtk-bookmarks'
Error loading GTK bookmarks: [Errno 2] No such file or directory: '/home/hacker/.gtk-bookmarks'
Error loading GTK bookmarks: [Errno 2] No such file or directory: '/home/hacker/.gtk-bookmarks'
