This file contains any messages produced by compilers while
running configure, to aid debugging if configure makes a mistake.

It was created by modsecurity configure 2.7, which was
generated by GNU Autoconf 2.65.  Invocation command line was

  $ ./configure --prefix=/opt/apache_but/mod_security --with-apxs=/opt/apache_but/httpd/bin/apxs --with-pcre=/opt/apache_but/pcre-8.35/ --with-apr=/opt/apache_but/apr-1.5.0/ --with-apu=/opt/apache_but/apr-util-1.5.3/

## --------- ##
## Platform. ##
## --------- ##

hostname = lcddev
uname -m = i686
uname -r = 3.2.0-4-686-pae
uname -s = Linux
uname -v = #1 SMP Debian 3.2.54-2

/usr/bin/uname -p = unknown
/bin/uname -X     = unknown

/bin/arch              = unknown
/usr/bin/arch -k       = unknown
/usr/convex/getsysinfo = unknown
/usr/bin/hostinfo      = unknown
/bin/machine           = unknown
/usr/bin/oslevel       = unknown
/bin/universe          = unknown

PATH: /usr/local/sbin
PATH: /usr/local/bin
PATH: /usr/sbin
PATH: /usr/bin
PATH: /sbin
PATH: /bin


## ----------- ##
## Core tests. ##
## ----------- ##

configure:2629: checking for a BSD-compatible install
configure:2697: result: /usr/bin/install -c
configure:2708: checking whether build environment is sane
configure:2758: result: yes
configure:2899: checking for a thread-safe mkdir -p
configure:2938: result: /bin/mkdir -p
configure:2951: checking for gawk
configure:2981: result: no
configure:2951: checking for mawk
configure:2967: found /usr/bin/mawk
configure:2978: result: mawk
configure:2989: checking whether make sets $(MAKE)
configure:3011: result: yes
configure:3123: checking build system type
configure:3137: result: i686-pc-linux-gnu
configure:3157: checking host system type
configure:3170: result: i686-pc-linux-gnu
configure:3202: checking for style of include used by make
configure:3230: result: GNU
configure:3300: checking for gcc
configure:3316: found /usr/bin/gcc
configure:3327: result: gcc
configure:3556: checking for C compiler version
configure:3565: gcc --version >&5
gcc (Debian 4.7.2-5) 4.7.2
Copyright (C) 2012 Free Software Foundation, Inc.
This is free software; see the source for copying conditions.  There is NO
warranty; not even for MERCHANTABILITY or FITNESS FOR A PARTICULAR PURPOSE.

configure:3576: $? = 0
configure:3565: gcc -v >&5
Using built-in specs.
COLLECT_GCC=gcc
COLLECT_LTO_WRAPPER=/usr/lib/gcc/i486-linux-gnu/4.7/lto-wrapper
Target: i486-linux-gnu
Configured with: ../src/configure -v --with-pkgversion='Debian 4.7.2-5' --with-bugurl=file:///usr/share/doc/gcc-4.7/README.Bugs --enable-languages=c,c++,go,fortran,objc,obj-c++ --prefix=/usr --program-suffix=-4.7 --enable-shared --enable-linker-build-id --with-system-zlib --libexecdir=/usr/lib --without-included-gettext --enable-threads=posix --with-gxx-include-dir=/usr/include/c++/4.7 --libdir=/usr/lib --enable-nls --with-sysroot=/ --enable-clocale=gnu --enable-libstdcxx-debug --enable-libstdcxx-time=yes --enable-gnu-unique-object --enable-plugin --enable-objc-gc --enable-targets=all --with-arch-32=i586 --with-tune=generic --enable-checking=release --build=i486-linux-gnu --host=i486-linux-gnu --target=i486-linux-gnu
Thread model: posix
gcc version 4.7.2 (Debian 4.7.2-5) 
configure:3576: $? = 0
configure:3565: gcc -V >&5
gcc: error: unrecognized command line option '-V'
gcc: fatal error: no input files
compilation terminated.
configure:3576: $? = 4
configure:3565: gcc -qversion >&5
gcc: error: unrecognized command line option '-qversion'
gcc: fatal error: no input files
compilation terminated.
configure:3576: $? = 4
configure:3596: checking whether the C compiler works
configure:3618: gcc    conftest.c  >&5
configure:3622: $? = 0
configure:3671: result: yes
configure:3674: checking for C compiler default output file name
configure:3676: result: a.out
configure:3682: checking for suffix of executables
configure:3689: gcc -o conftest    conftest.c  >&5
configure:3693: $? = 0
configure:3715: result: 
configure:3737: checking whether we are cross compiling
configure:3745: gcc -o conftest    conftest.c  >&5
configure:3749: $? = 0
configure:3756: ./conftest
configure:3760: $? = 0
configure:3775: result: no
configure:3780: checking for suffix of object files
configure:3802: gcc -c   conftest.c >&5
configure:3806: $? = 0
configure:3827: result: o
configure:3831: checking whether we are using the GNU C compiler
configure:3850: gcc -c   conftest.c >&5
configure:3850: $? = 0
configure:3859: result: yes
configure:3868: checking whether gcc accepts -g
configure:3888: gcc -c -g  conftest.c >&5
configure:3888: $? = 0
configure:3929: result: yes
configure:3946: checking for gcc option to accept ISO C89
configure:4010: gcc  -c -g -O2  conftest.c >&5
configure:4010: $? = 0
configure:4023: result: none needed
configure:4045: checking dependency style of gcc
configure:4155: result: gcc3
configure:4170: checking for a sed that does not truncate output
configure:4234: result: /bin/sed
configure:4252: checking for grep that handles long lines and -e
configure:4310: result: /bin/grep
configure:4315: checking for egrep
configure:4377: result: /bin/grep -E
configure:4382: checking for fgrep
configure:4444: result: /bin/grep -F
configure:4479: checking for ld used by gcc
configure:4546: result: /usr/bin/ld
configure:4553: checking if the linker (/usr/bin/ld) is GNU ld
configure:4568: result: yes
configure:4580: checking for BSD- or MS-compatible name lister (nm)
configure:4629: result: /usr/bin/nm -B
configure:4747: checking the name lister (/usr/bin/nm -B) interface
configure:4754: gcc -c -g -O2  conftest.c >&5
configure:4757: /usr/bin/nm -B "conftest.o"
configure:4760: output
00000000 B some_variable
configure:4767: result: BSD nm
configure:4770: checking whether ln -s works
configure:4774: result: yes
configure:4782: checking the maximum length of command line arguments
configure:4902: result: 1572864
configure:4919: checking whether the shell understands some XSI constructs
configure:4929: result: yes
configure:4933: checking whether the shell understands "+="
configure:4939: result: yes
configure:4974: checking for /usr/bin/ld option to reload object files
configure:4981: result: -r
configure:5050: checking for objdump
configure:5066: found /usr/bin/objdump
configure:5077: result: objdump
configure:5109: checking how to recognize dependent libraries
configure:5305: result: pass_all
configure:5365: checking for ar
configure:5381: found /usr/bin/ar
configure:5392: result: ar
configure:5470: checking for strip
configure:5486: found /usr/bin/strip
configure:5497: result: strip
configure:5569: checking for ranlib
configure:5585: found /usr/bin/ranlib
configure:5596: result: ranlib
configure:5686: checking command to parse /usr/bin/nm -B output from gcc object
configure:5804: gcc -c -g -O2  conftest.c >&5
configure:5807: $? = 0
configure:5811: /usr/bin/nm -B conftest.o \| sed -n -e 's/^.*[	 ]\([ABCDGIRSTW][ABCDGIRSTW]*\)[	 ][	 ]*\([_A-Za-z][_A-Za-z0-9]*\)$/\1 \2 \2/p' \> conftest.nm
configure:5814: $? = 0
configure:5868: gcc -o conftest -g -O2   conftest.c conftstm.o >&5
configure:5871: $? = 0
configure:5909: result: ok
configure:6718: checking how to run the C preprocessor
configure:6749: gcc -E  conftest.c
configure:6749: $? = 0
configure:6763: gcc -E  conftest.c
conftest.c:11:28: fatal error: ac_nonexistent.h: No such file or directory
compilation terminated.
configure:6763: $? = 1
configure: failed program was:
| /* confdefs.h */
| #define PACKAGE_NAME "modsecurity"
| #define PACKAGE_TARNAME "modsecurity"
| #define PACKAGE_VERSION "2.7"
| #define PACKAGE_STRING "modsecurity 2.7"
| #define PACKAGE_BUGREPORT "support@modsecurity.org"
| #define PACKAGE_URL ""
| #define PACKAGE "modsecurity"
| #define VERSION "2.7"
| /* end confdefs.h.  */
| #include <ac_nonexistent.h>
configure:6788: result: gcc -E
configure:6808: gcc -E  conftest.c
configure:6808: $? = 0
configure:6822: gcc -E  conftest.c
conftest.c:11:28: fatal error: ac_nonexistent.h: No such file or directory
compilation terminated.
configure:6822: $? = 1
configure: failed program was:
| /* confdefs.h */
| #define PACKAGE_NAME "modsecurity"
| #define PACKAGE_TARNAME "modsecurity"
| #define PACKAGE_VERSION "2.7"
| #define PACKAGE_STRING "modsecurity 2.7"
| #define PACKAGE_BUGREPORT "support@modsecurity.org"
| #define PACKAGE_URL ""
| #define PACKAGE "modsecurity"
| #define VERSION "2.7"
| /* end confdefs.h.  */
| #include <ac_nonexistent.h>
configure:6851: checking for ANSI C header files
configure:6871: gcc -c -g -O2  conftest.c >&5
configure:6871: $? = 0
configure:6944: gcc -o conftest -g -O2   conftest.c  >&5
configure:6944: $? = 0
configure:6944: ./conftest
configure:6944: $? = 0
configure:6955: result: yes
configure:6968: checking for sys/types.h
configure:6968: gcc -c -g -O2  conftest.c >&5
configure:6968: $? = 0
configure:6968: result: yes
configure:6968: checking for sys/stat.h
configure:6968: gcc -c -g -O2  conftest.c >&5
configure:6968: $? = 0
configure:6968: result: yes
configure:6968: checking for stdlib.h
configure:6968: gcc -c -g -O2  conftest.c >&5
configure:6968: $? = 0
configure:6968: result: yes
configure:6968: checking for string.h
configure:6968: gcc -c -g -O2  conftest.c >&5
configure:6968: $? = 0
configure:6968: result: yes
configure:6968: checking for memory.h
configure:6968: gcc -c -g -O2  conftest.c >&5
configure:6968: $? = 0
configure:6968: result: yes
configure:6968: checking for strings.h
configure:6968: gcc -c -g -O2  conftest.c >&5
configure:6968: $? = 0
configure:6968: result: yes
configure:6968: checking for inttypes.h
configure:6968: gcc -c -g -O2  conftest.c >&5
configure:6968: $? = 0
configure:6968: result: yes
configure:6968: checking for stdint.h
configure:6968: gcc -c -g -O2  conftest.c >&5
configure:6968: $? = 0
configure:6968: result: yes
configure:6968: checking for unistd.h
configure:6968: gcc -c -g -O2  conftest.c >&5
configure:6968: $? = 0
configure:6968: result: yes
configure:6983: checking for dlfcn.h
configure:6983: gcc -c -g -O2  conftest.c >&5
configure:6983: $? = 0
configure:6983: result: yes
configure:7166: checking for objdir
configure:7181: result: .libs
configure:7477: checking if gcc supports -fno-rtti -fno-exceptions
configure:7495: gcc -c -g -O2  -fno-rtti -fno-exceptions conftest.c >&5
cc1: warning: command line option '-fno-rtti' is valid for C++/ObjC++ but not for C [enabled by default]
configure:7499: $? = 0
configure:7512: result: no
configure:7532: checking for gcc option to produce PIC
configure:7804: result: -fPIC -DPIC
configure:7816: checking if gcc PIC flag -fPIC -DPIC works
configure:7834: gcc -c -g -O2  -fPIC -DPIC -DPIC conftest.c >&5
configure:7838: $? = 0
configure:7851: result: yes
configure:7875: checking if gcc static flag -static works
configure:7903: result: yes
configure:7918: checking if gcc supports -c -o file.o
configure:7939: gcc -c -g -O2  -o out/conftest2.o conftest.c >&5
configure:7943: $? = 0
configure:7965: result: yes
configure:7973: checking if gcc supports -c -o file.o
configure:8020: result: yes
configure:8053: checking whether the gcc linker (/usr/bin/ld) supports shared libraries
configure:9044: result: yes
configure:9081: checking whether -lc should be explicitly linked in
configure:9086: gcc -c -g -O2  conftest.c >&5
configure:9089: $? = 0
configure:9104: gcc -shared conftest.o  -v -Wl,-soname -Wl,conftest -o conftest 2\>\&1 \| /bin/grep  -lc  \>/dev/null 2\>\&1
configure:9107: $? = 0
configure:9119: result: no
configure:9283: checking dynamic linker characteristics
configure:9716: gcc -o conftest -g -O2   -Wl,-rpath -Wl,/foo conftest.c  >&5
configure:9716: $? = 0
configure:9946: result: GNU/Linux ld.so
configure:10048: checking how to hardcode library paths into programs
configure:10073: result: immediate
configure:10167: checking for shl_load
configure:10167: gcc -o conftest -g -O2   conftest.c  >&5
/tmp/ccA42c7E.o: In function `main':
/opt/git/HackingLabLCD/packages/apache_but/modsecurity-apache_2.7.5/conftest.c:57: undefined reference to `shl_load'
collect2: error: ld returned 1 exit status
configure:10167: $? = 1
configure: failed program was:
| /* confdefs.h */
| #define PACKAGE_NAME "modsecurity"
| #define PACKAGE_TARNAME "modsecurity"
| #define PACKAGE_VERSION "2.7"
| #define PACKAGE_STRING "modsecurity 2.7"
| #define PACKAGE_BUGREPORT "support@modsecurity.org"
| #define PACKAGE_URL ""
| #define PACKAGE "modsecurity"
| #define VERSION "2.7"
| #define STDC_HEADERS 1
| #define HAVE_SYS_TYPES_H 1
| #define HAVE_SYS_STAT_H 1
| #define HAVE_STDLIB_H 1
| #define HAVE_STRING_H 1
| #define HAVE_MEMORY_H 1
| #define HAVE_STRINGS_H 1
| #define HAVE_INTTYPES_H 1
| #define HAVE_STDINT_H 1
| #define HAVE_UNISTD_H 1
| #define HAVE_DLFCN_H 1
| #define LT_OBJDIR ".libs/"
| /* end confdefs.h.  */
| /* Define shl_load to an innocuous variant, in case <limits.h> declares shl_load.
|    For example, HP-UX 11i <limits.h> declares gettimeofday.  */
| #define shl_load innocuous_shl_load
| 
| /* System header to define __stub macros and hopefully few prototypes,
|     which can conflict with char shl_load (); below.
|     Prefer <limits.h> to <assert.h> if __STDC__ is defined, since
|     <limits.h> exists even on freestanding compilers.  */
| 
| #ifdef __STDC__
| # include <limits.h>
| #else
| # include <assert.h>
| #endif
| 
| #undef shl_load
| 
| /* Override any GCC internal prototype to avoid an error.
|    Use char because int might match the return type of a GCC
|    builtin and then its argument prototype would still apply.  */
| #ifdef __cplusplus
| extern "C"
| #endif
| char shl_load ();
| /* The GNU C library defines this for functions which it implements
|     to always fail with ENOSYS.  Some functions are actually named
|     something starting with __ and the normal name is an alias.  */
| #if defined __stub_shl_load || defined __stub___shl_load
| choke me
| #endif
| 
| int
| main ()
| {
| return shl_load ();
|   ;
|   return 0;
| }
configure:10167: result: no
configure:10171: checking for shl_load in -ldld
configure:10196: gcc -o conftest -g -O2   conftest.c -ldld   >&5
/usr/bin/ld: cannot find -ldld
collect2: error: ld returned 1 exit status
configure:10196: $? = 1
configure: failed program was:
| /* confdefs.h */
| #define PACKAGE_NAME "modsecurity"
| #define PACKAGE_TARNAME "modsecurity"
| #define PACKAGE_VERSION "2.7"
| #define PACKAGE_STRING "modsecurity 2.7"
| #define PACKAGE_BUGREPORT "support@modsecurity.org"
| #define PACKAGE_URL ""
| #define PACKAGE "modsecurity"
| #define VERSION "2.7"
| #define STDC_HEADERS 1
| #define HAVE_SYS_TYPES_H 1
| #define HAVE_SYS_STAT_H 1
| #define HAVE_STDLIB_H 1
| #define HAVE_STRING_H 1
| #define HAVE_MEMORY_H 1
| #define HAVE_STRINGS_H 1
| #define HAVE_INTTYPES_H 1
| #define HAVE_STDINT_H 1
| #define HAVE_UNISTD_H 1
| #define HAVE_DLFCN_H 1
| #define LT_OBJDIR ".libs/"
| /* end confdefs.h.  */
| 
| /* Override any GCC internal prototype to avoid an error.
|    Use char because int might match the return type of a GCC
|    builtin and then its argument prototype would still apply.  */
| #ifdef __cplusplus
| extern "C"
| #endif
| char shl_load ();
| int
| main ()
| {
| return shl_load ();
|   ;
|   return 0;
| }
configure:10205: result: no
configure:10210: checking for dlopen
configure:10210: gcc -o conftest -g -O2   conftest.c  >&5
/tmp/ccPfvD5L.o: In function `main':
/opt/git/HackingLabLCD/packages/apache_but/modsecurity-apache_2.7.5/conftest.c:57: undefined reference to `dlopen'
collect2: error: ld returned 1 exit status
configure:10210: $? = 1
configure: failed program was:
| /* confdefs.h */
| #define PACKAGE_NAME "modsecurity"
| #define PACKAGE_TARNAME "modsecurity"
| #define PACKAGE_VERSION "2.7"
| #define PACKAGE_STRING "modsecurity 2.7"
| #define PACKAGE_BUGREPORT "support@modsecurity.org"
| #define PACKAGE_URL ""
| #define PACKAGE "modsecurity"
| #define VERSION "2.7"
| #define STDC_HEADERS 1
| #define HAVE_SYS_TYPES_H 1
| #define HAVE_SYS_STAT_H 1
| #define HAVE_STDLIB_H 1
| #define HAVE_STRING_H 1
| #define HAVE_MEMORY_H 1
| #define HAVE_STRINGS_H 1
| #define HAVE_INTTYPES_H 1
| #define HAVE_STDINT_H 1
| #define HAVE_UNISTD_H 1
| #define HAVE_DLFCN_H 1
| #define LT_OBJDIR ".libs/"
| /* end confdefs.h.  */
| /* Define dlopen to an innocuous variant, in case <limits.h> declares dlopen.
|    For example, HP-UX 11i <limits.h> declares gettimeofday.  */
| #define dlopen innocuous_dlopen
| 
| /* System header to define __stub macros and hopefully few prototypes,
|     which can conflict with char dlopen (); below.
|     Prefer <limits.h> to <assert.h> if __STDC__ is defined, since
|     <limits.h> exists even on freestanding compilers.  */
| 
| #ifdef __STDC__
| # include <limits.h>
| #else
| # include <assert.h>
| #endif
| 
| #undef dlopen
| 
| /* Override any GCC internal prototype to avoid an error.
|    Use char because int might match the return type of a GCC
|    builtin and then its argument prototype would still apply.  */
| #ifdef __cplusplus
| extern "C"
| #endif
| char dlopen ();
| /* The GNU C library defines this for functions which it implements
|     to always fail with ENOSYS.  Some functions are actually named
|     something starting with __ and the normal name is an alias.  */
| #if defined __stub_dlopen || defined __stub___dlopen
| choke me
| #endif
| 
| int
| main ()
| {
| return dlopen ();
|   ;
|   return 0;
| }
configure:10210: result: no
configure:10214: checking for dlopen in -ldl
configure:10239: gcc -o conftest -g -O2   conftest.c -ldl   >&5
configure:10239: $? = 0
configure:10248: result: yes
configure:10367: checking whether a program can dlopen itself
configure:10437: gcc -o conftest -g -O2  -DHAVE_DLFCN_H  -Wl,--export-dynamic conftest.c -ldl  >&5
configure:10440: $? = 0
configure:10458: result: yes
configure:10463: checking whether a statically linked program can dlopen itself
configure:10533: gcc -o conftest -g -O2  -DHAVE_DLFCN_H  -Wl,--export-dynamic -static conftest.c -ldl  >&5
/tmp/ccMRG4nL.o: In function `main':
/opt/git/HackingLabLCD/packages/apache_but/modsecurity-apache_2.7.5/configure:10517: warning: Using 'dlopen' in statically linked applications requires at runtime the shared libraries from the glibc version used for linking
configure:10536: $? = 0
/lib/i386-linux-gnu/: cannot read file data: Is a directory
configure:10554: result: no
configure:10593: checking whether stripping libraries is possible
configure:10598: result: yes
configure:10633: checking if libtool supports shared libraries
configure:10635: result: yes
configure:10638: checking whether to build shared libraries
configure:10659: result: yes
configure:10662: checking whether to build static libraries
configure:10666: result: yes
configure:10707: checking for gawk
configure:10734: result: mawk
configure:10793: checking for gcc
configure:10820: result: gcc
configure:11049: checking for C compiler version
configure:11058: gcc --version >&5
gcc (Debian 4.7.2-5) 4.7.2
Copyright (C) 2012 Free Software Foundation, Inc.
This is free software; see the source for copying conditions.  There is NO
warranty; not even for MERCHANTABILITY or FITNESS FOR A PARTICULAR PURPOSE.

configure:11069: $? = 0
configure:11058: gcc -v >&5
Using built-in specs.
COLLECT_GCC=gcc
COLLECT_LTO_WRAPPER=/usr/lib/gcc/i486-linux-gnu/4.7/lto-wrapper
Target: i486-linux-gnu
Configured with: ../src/configure -v --with-pkgversion='Debian 4.7.2-5' --with-bugurl=file:///usr/share/doc/gcc-4.7/README.Bugs --enable-languages=c,c++,go,fortran,objc,obj-c++ --prefix=/usr --program-suffix=-4.7 --enable-shared --enable-linker-build-id --with-system-zlib --libexecdir=/usr/lib --without-included-gettext --enable-threads=posix --with-gxx-include-dir=/usr/include/c++/4.7 --libdir=/usr/lib --enable-nls --with-sysroot=/ --enable-clocale=gnu --enable-libstdcxx-debug --enable-libstdcxx-time=yes --enable-gnu-unique-object --enable-plugin --enable-objc-gc --enable-targets=all --with-arch-32=i586 --with-tune=generic --enable-checking=release --build=i486-linux-gnu --host=i486-linux-gnu --target=i486-linux-gnu
Thread model: posix
gcc version 4.7.2 (Debian 4.7.2-5) 
configure:11069: $? = 0
configure:11058: gcc -V >&5
gcc: error: unrecognized command line option '-V'
gcc: fatal error: no input files
compilation terminated.
configure:11069: $? = 4
configure:11058: gcc -qversion >&5
gcc: error: unrecognized command line option '-qversion'
gcc: fatal error: no input files
compilation terminated.
configure:11069: $? = 4
configure:11073: checking whether we are using the GNU C compiler
configure:11101: result: yes
configure:11110: checking whether gcc accepts -g
configure:11171: result: yes
configure:11188: checking for gcc option to accept ISO C89
configure:11265: result: none needed
configure:11287: checking dependency style of gcc
configure:11397: result: gcc3
configure:11417: checking how to run the C preprocessor
configure:11487: result: gcc -E
configure:11507: gcc -E  conftest.c
configure:11507: $? = 0
configure:11521: gcc -E  conftest.c
conftest.c:23:28: fatal error: ac_nonexistent.h: No such file or directory
compilation terminated.
configure:11521: $? = 1
configure: failed program was:
| /* confdefs.h */
| #define PACKAGE_NAME "modsecurity"
| #define PACKAGE_TARNAME "modsecurity"
| #define PACKAGE_VERSION "2.7"
| #define PACKAGE_STRING "modsecurity 2.7"
| #define PACKAGE_BUGREPORT "support@modsecurity.org"
| #define PACKAGE_URL ""
| #define PACKAGE "modsecurity"
| #define VERSION "2.7"
| #define STDC_HEADERS 1
| #define HAVE_SYS_TYPES_H 1
| #define HAVE_SYS_STAT_H 1
| #define HAVE_STDLIB_H 1
| #define HAVE_STRING_H 1
| #define HAVE_MEMORY_H 1
| #define HAVE_STRINGS_H 1
| #define HAVE_INTTYPES_H 1
| #define HAVE_STDINT_H 1
| #define HAVE_UNISTD_H 1
| #define HAVE_DLFCN_H 1
| #define LT_OBJDIR ".libs/"
| /* end confdefs.h.  */
| #include <ac_nonexistent.h>
configure:11550: checking whether ln -s works
configure:11554: result: yes
configure:11561: checking whether make sets $(MAKE)
configure:11583: result: yes
configure:11592: checking for grep that handles long lines and -e
configure:11650: result: /bin/grep
configure:11659: checking for perl
configure:11677: found /usr/bin/perl
configure:11689: result: /usr/bin/perl
configure:11704: checking for env
configure:11722: found /usr/bin/env
configure:11734: result: /usr/bin/env
configure:11747: checking for ANSI C header files
configure:11851: result: yes
configure:11862: checking fcntl.h usability
configure:11862: gcc -c -g -O2  conftest.c >&5
configure:11862: $? = 0
configure:11862: result: yes
configure:11862: checking fcntl.h presence
configure:11862: gcc -E  conftest.c
configure:11862: $? = 0
configure:11862: result: yes
configure:11862: checking for fcntl.h
configure:11862: result: yes
configure:11862: checking limits.h usability
configure:11862: gcc -c -g -O2  conftest.c >&5
configure:11862: $? = 0
configure:11862: result: yes
configure:11862: checking limits.h presence
configure:11862: gcc -E  conftest.c
configure:11862: $? = 0
configure:11862: result: yes
configure:11862: checking for limits.h
configure:11862: result: yes
configure:11862: checking for stdlib.h
configure:11862: result: yes
configure:11862: checking for string.h
configure:11862: result: yes
configure:11862: checking for unistd.h
configure:11862: result: yes
configure:11862: checking for sys/types.h
configure:11862: result: yes
configure:11862: checking for sys/stat.h
configure:11862: result: yes
configure:11875: checking for an ANSI C-conforming const
configure:11940: gcc -c -g -O2  conftest.c >&5
configure:11940: $? = 0
configure:11947: result: yes
configure:11955: checking for inline
configure:11971: gcc -c -g -O2  conftest.c >&5
configure:11971: $? = 0
configure:11979: result: inline
configure:11997: checking for C/C++ restrict keyword
configure:12022: gcc -c -g -O2  conftest.c >&5
configure:12022: $? = 0
configure:12030: result: __restrict
configure:12043: checking for pid_t
configure:12043: gcc -c -g -O2  conftest.c >&5
configure:12043: $? = 0
configure:12043: gcc -c -g -O2  conftest.c >&5
conftest.c: In function 'main':
conftest.c:68:20: error: expected expression before ')' token
configure:12043: $? = 1
configure: failed program was:
| /* confdefs.h */
| #define PACKAGE_NAME "modsecurity"
| #define PACKAGE_TARNAME "modsecurity"
| #define PACKAGE_VERSION "2.7"
| #define PACKAGE_STRING "modsecurity 2.7"
| #define PACKAGE_BUGREPORT "support@modsecurity.org"
| #define PACKAGE_URL ""
| #define PACKAGE "modsecurity"
| #define VERSION "2.7"
| #define STDC_HEADERS 1
| #define HAVE_SYS_TYPES_H 1
| #define HAVE_SYS_STAT_H 1
| #define HAVE_STDLIB_H 1
| #define HAVE_STRING_H 1
| #define HAVE_MEMORY_H 1
| #define HAVE_STRINGS_H 1
| #define HAVE_INTTYPES_H 1
| #define HAVE_STDINT_H 1
| #define HAVE_UNISTD_H 1
| #define HAVE_DLFCN_H 1
| #define LT_OBJDIR ".libs/"
| #define STDC_HEADERS 1
| #define HAVE_FCNTL_H 1
| #define HAVE_LIMITS_H 1
| #define HAVE_STDLIB_H 1
| #define HAVE_STRING_H 1
| #define HAVE_UNISTD_H 1
| #define HAVE_SYS_TYPES_H 1
| #define HAVE_SYS_STAT_H 1
| #define restrict __restrict
| /* end confdefs.h.  */
| #include <stdio.h>
| #ifdef HAVE_SYS_TYPES_H
| # include <sys/types.h>
| #endif
| #ifdef HAVE_SYS_STAT_H
| # include <sys/stat.h>
| #endif
| #ifdef STDC_HEADERS
| # include <stdlib.h>
| # include <stddef.h>
| #else
| # ifdef HAVE_STDLIB_H
| #  include <stdlib.h>
| # endif
| #endif
| #ifdef HAVE_STRING_H
| # if !defined STDC_HEADERS && defined HAVE_MEMORY_H
| #  include <memory.h>
| # endif
| # include <string.h>
| #endif
| #ifdef HAVE_STRINGS_H
| # include <strings.h>
| #endif
| #ifdef HAVE_INTTYPES_H
| # include <inttypes.h>
| #endif
| #ifdef HAVE_STDINT_H
| # include <stdint.h>
| #endif
| #ifdef HAVE_UNISTD_H
| # include <unistd.h>
| #endif
| int
| main ()
| {
| if (sizeof ((pid_t)))
| 	    return 0;
|   ;
|   return 0;
| }
configure:12043: result: yes
configure:12054: checking for size_t
configure:12054: gcc -c -g -O2  conftest.c >&5
configure:12054: $? = 0
configure:12054: gcc -c -g -O2  conftest.c >&5
conftest.c: In function 'main':
conftest.c:68:21: error: expected expression before ')' token
configure:12054: $? = 1
configure: failed program was:
| /* confdefs.h */
| #define PACKAGE_NAME "modsecurity"
| #define PACKAGE_TARNAME "modsecurity"
| #define PACKAGE_VERSION "2.7"
| #define PACKAGE_STRING "modsecurity 2.7"
| #define PACKAGE_BUGREPORT "support@modsecurity.org"
| #define PACKAGE_URL ""
| #define PACKAGE "modsecurity"
| #define VERSION "2.7"
| #define STDC_HEADERS 1
| #define HAVE_SYS_TYPES_H 1
| #define HAVE_SYS_STAT_H 1
| #define HAVE_STDLIB_H 1
| #define HAVE_STRING_H 1
| #define HAVE_MEMORY_H 1
| #define HAVE_STRINGS_H 1
| #define HAVE_INTTYPES_H 1
| #define HAVE_STDINT_H 1
| #define HAVE_UNISTD_H 1
| #define HAVE_DLFCN_H 1
| #define LT_OBJDIR ".libs/"
| #define STDC_HEADERS 1
| #define HAVE_FCNTL_H 1
| #define HAVE_LIMITS_H 1
| #define HAVE_STDLIB_H 1
| #define HAVE_STRING_H 1
| #define HAVE_UNISTD_H 1
| #define HAVE_SYS_TYPES_H 1
| #define HAVE_SYS_STAT_H 1
| #define restrict __restrict
| /* end confdefs.h.  */
| #include <stdio.h>
| #ifdef HAVE_SYS_TYPES_H
| # include <sys/types.h>
| #endif
| #ifdef HAVE_SYS_STAT_H
| # include <sys/stat.h>
| #endif
| #ifdef STDC_HEADERS
| # include <stdlib.h>
| # include <stddef.h>
| #else
| # ifdef HAVE_STDLIB_H
| #  include <stdlib.h>
| # endif
| #endif
| #ifdef HAVE_STRING_H
| # if !defined STDC_HEADERS && defined HAVE_MEMORY_H
| #  include <memory.h>
| # endif
| # include <string.h>
| #endif
| #ifdef HAVE_STRINGS_H
| # include <strings.h>
| #endif
| #ifdef HAVE_INTTYPES_H
| # include <inttypes.h>
| #endif
| #ifdef HAVE_STDINT_H
| # include <stdint.h>
| #endif
| #ifdef HAVE_UNISTD_H
| # include <unistd.h>
| #endif
| int
| main ()
| {
| if (sizeof ((size_t)))
| 	    return 0;
|   ;
|   return 0;
| }
configure:12054: result: yes
configure:12065: checking whether struct tm is in sys/time.h or time.h
configure:12085: gcc -c -g -O2  conftest.c >&5
configure:12085: $? = 0
configure:12092: result: time.h
configure:12100: checking for uint8_t
configure:12100: gcc -c -g -O2  conftest.c >&5
configure:12100: $? = 0
configure:12100: result: yes
configure:12118: checking for stdlib.h
configure:12118: result: yes
configure:12128: checking for GNU libc compatible malloc
configure:12152: gcc -o conftest -g -O2   conftest.c  >&5
configure:12152: $? = 0
configure:12152: ./conftest
configure:12152: $? = 0
configure:12162: result: yes
configure:12183: checking for working memcmp
configure:12226: gcc -o conftest -g -O2   conftest.c  >&5
configure:12226: $? = 0
configure:12226: ./conftest
configure:12226: $? = 0
configure:12236: result: yes
configure:12248: checking for atexit
configure:12248: gcc -o conftest -g -O2   conftest.c  >&5
configure:12248: $? = 0
configure:12248: result: yes
configure:12248: checking for getcwd
configure:12248: gcc -o conftest -g -O2   conftest.c  >&5
configure:12248: $? = 0
configure:12248: result: yes
configure:12248: checking for memmove
configure:12248: gcc -o conftest -g -O2   conftest.c  >&5
conftest.c:59:6: warning: conflicting types for built-in function 'memmove' [enabled by default]
configure:12248: $? = 0
configure:12248: result: yes
configure:12248: checking for memset
configure:12248: gcc -o conftest -g -O2   conftest.c  >&5
conftest.c:60:6: warning: conflicting types for built-in function 'memset' [enabled by default]
configure:12248: $? = 0
configure:12248: result: yes
configure:12248: checking for strcasecmp
configure:12248: gcc -o conftest -g -O2   conftest.c  >&5
conftest.c:61:6: warning: conflicting types for built-in function 'strcasecmp' [enabled by default]
configure:12248: $? = 0
configure:12248: result: yes
configure:12248: checking for strchr
configure:12248: gcc -o conftest -g -O2   conftest.c  >&5
conftest.c:62:6: warning: conflicting types for built-in function 'strchr' [enabled by default]
configure:12248: $? = 0
configure:12248: result: yes
configure:12248: checking for strdup
configure:12248: gcc -o conftest -g -O2   conftest.c  >&5
conftest.c:63:6: warning: conflicting types for built-in function 'strdup' [enabled by default]
configure:12248: $? = 0
configure:12248: result: yes
configure:12248: checking for strerror
configure:12248: gcc -o conftest -g -O2   conftest.c  >&5
configure:12248: $? = 0
configure:12248: result: yes
configure:12248: checking for strncasecmp
configure:12248: gcc -o conftest -g -O2   conftest.c  >&5
conftest.c:65:6: warning: conflicting types for built-in function 'strncasecmp' [enabled by default]
configure:12248: $? = 0
configure:12248: result: yes
configure:12248: checking for strrchr
configure:12248: gcc -o conftest -g -O2   conftest.c  >&5
conftest.c:66:6: warning: conflicting types for built-in function 'strrchr' [enabled by default]
configure:12248: $? = 0
configure:12248: result: yes
configure:12248: checking for strstr
configure:12248: gcc -o conftest -g -O2   conftest.c  >&5
conftest.c:67:6: warning: conflicting types for built-in function 'strstr' [enabled by default]
configure:12248: $? = 0
configure:12248: result: yes
configure:12248: checking for strtol
configure:12248: gcc -o conftest -g -O2   conftest.c  >&5
configure:12248: $? = 0
configure:12248: result: yes
configure:12248: checking for fchmod
configure:12248: gcc -o conftest -g -O2   conftest.c  >&5
configure:12248: $? = 0
configure:12248: result: yes
configure:12248: checking for strcasestr
configure:12248: gcc -o conftest -g -O2   conftest.c  >&5
configure:12248: $? = 0
configure:12248: result: yes
configure:12889: looking for Apache module support via DSO through APXS
configure:12930: found apxs at /opt/apache_but/httpd/bin/apxs
configure:12932: checking httpd version
configure:12944: httpd is recent enough
configure:13086: checking for libpcre config script
configure:13122: result: /opt/apache_but/pcre-8.35//bin/pcre-config
configure:13154: using pcre v8.35
configure:13170: checking for libapr config script
configure:13200: result: /opt/apache_but/apr-1.5.0//bin/apr-1-config
configure:13242: using apr v1.5.0
configure:13257: checking for libapu config script
configure:13287: result: /opt/apache_but/apr-util-1.5.3//bin/apu-1-config
configure:13325: using apu v1.5.3
configure:13341: checking for libxml2 config script
configure:13371: result: /usr/bin/xml2-config
configure:13383: checking if libxml2 is at least v2.6.29
configure:13388: result: yes, 2.8.0
configure:13413: using libxml2 v2.8.0
configure:13467: checking for pkg-config
configure:13485: found /usr/bin/pkg-config
configure:13497: result: /usr/bin/pkg-config
configure:13522: checking pkg-config is at least version 0.9.0
configure:13525: result: yes
configure:13567: checking for liblua config script
configure:13618: result: no
configure:13621: checking for lua install
configure:13716: result: no
configure:13729: optional lua library not found
configure:13749: checking for libcurl config script
configure:13779: result: /usr/bin/curl-config
configure:13791: checking if libcurl is at least v
configure:13796: result: yes, 7.26.0
configure:13805: checking if libcurl is linked with gnutls
configure:13815: result: no
configure:13839: using curl v7.26.0
configure:14077: creating ./config.status

## ---------------------- ##
## Running config.status. ##
## ---------------------- ##

This file was extended by modsecurity config.status 2.7, which was
generated by GNU Autoconf 2.65.  Invocation command line was

  CONFIG_FILES    = 
  CONFIG_HEADERS  = 
  CONFIG_LINKS    = 
  CONFIG_COMMANDS = 
  $ ./config.status 

on lcddev

config.status:1203: creating Makefile
config.status:1203: creating tools/Makefile
config.status:1203: creating apache2/Makefile
config.status:1203: creating build/apxs-wrapper
config.status:1203: creating mlogc/mlogc-batch-load.pl
config.status:1203: creating tests/run-unit-tests.pl
config.status:1203: creating tests/run-regression-tests.pl
config.status:1203: creating tests/gen_rx-pm.pl
config.status:1203: creating tests/csv_rx-pm.pl
config.status:1203: creating tests/regression/server_root/conf/httpd.conf
config.status:1203: creating tools/rules-updater.pl
config.status:1203: creating mlogc/Makefile
config.status:1203: creating tests/Makefile
config.status:1203: creating apache2/modsecurity_config_auto.h
config.status:1375: apache2/modsecurity_config_auto.h is unchanged
config.status:1423: executing depfiles commands
config.status:1423: executing libtool commands

## ---------------- ##
## Cache variables. ##
## ---------------- ##

ac_cv_build=i686-pc-linux-gnu
ac_cv_c_compiler_gnu=yes
ac_cv_c_const=yes
ac_cv_c_inline=inline
ac_cv_c_restrict=__restrict
ac_cv_c_uint8_t=yes
ac_cv_env_CC_set=
ac_cv_env_CC_value=
ac_cv_env_CFLAGS_set=
ac_cv_env_CFLAGS_value=
ac_cv_env_CPPFLAGS_set=
ac_cv_env_CPPFLAGS_value=
ac_cv_env_CPP_set=
ac_cv_env_CPP_value=
ac_cv_env_LDFLAGS_set=
ac_cv_env_LDFLAGS_value=
ac_cv_env_LIBS_set=
ac_cv_env_LIBS_value=
ac_cv_env_PKG_CONFIG_set=
ac_cv_env_PKG_CONFIG_value=
ac_cv_env_build_alias_set=
ac_cv_env_build_alias_value=
ac_cv_env_host_alias_set=
ac_cv_env_host_alias_value=
ac_cv_env_target_alias_set=
ac_cv_env_target_alias_value=
ac_cv_func_atexit=yes
ac_cv_func_dlopen=no
ac_cv_func_fchmod=yes
ac_cv_func_getcwd=yes
ac_cv_func_malloc_0_nonnull=yes
ac_cv_func_memcmp_working=yes
ac_cv_func_memmove=yes
ac_cv_func_memset=yes
ac_cv_func_shl_load=no
ac_cv_func_strcasecmp=yes
ac_cv_func_strcasestr=yes
ac_cv_func_strchr=yes
ac_cv_func_strdup=yes
ac_cv_func_strerror=yes
ac_cv_func_strncasecmp=yes
ac_cv_func_strrchr=yes
ac_cv_func_strstr=yes
ac_cv_func_strtol=yes
ac_cv_header_dlfcn_h=yes
ac_cv_header_fcntl_h=yes
ac_cv_header_inttypes_h=yes
ac_cv_header_limits_h=yes
ac_cv_header_memory_h=yes
ac_cv_header_stdc=yes
ac_cv_header_stdint_h=yes
ac_cv_header_stdlib_h=yes
ac_cv_header_string_h=yes
ac_cv_header_strings_h=yes
ac_cv_header_sys_stat_h=yes
ac_cv_header_sys_types_h=yes
ac_cv_header_unistd_h=yes
ac_cv_host=i686-pc-linux-gnu
ac_cv_lib_dl_dlopen=yes
ac_cv_lib_dld_shl_load=no
ac_cv_objext=o
ac_cv_path_EGREP='/bin/grep -E'
ac_cv_path_ENV_CMD=/usr/bin/env
ac_cv_path_FGREP='/bin/grep -F'
ac_cv_path_GREP=/bin/grep
ac_cv_path_PERL=/usr/bin/perl
ac_cv_path_SED=/bin/sed
ac_cv_path_ac_pt_PKG_CONFIG=/usr/bin/pkg-config
ac_cv_path_install='/usr/bin/install -c'
ac_cv_path_mkdir=/bin/mkdir
ac_cv_prog_AWK=mawk
ac_cv_prog_CPP='gcc -E'
ac_cv_prog_ac_ct_AR=ar
ac_cv_prog_ac_ct_CC=gcc
ac_cv_prog_ac_ct_OBJDUMP=objdump
ac_cv_prog_ac_ct_RANLIB=ranlib
ac_cv_prog_ac_ct_STRIP=strip
ac_cv_prog_cc_c89=
ac_cv_prog_cc_g=yes
ac_cv_prog_make_make_set=yes
ac_cv_struct_tm=time.h
ac_cv_type_pid_t=yes
ac_cv_type_size_t=yes
am_cv_CC_dependencies_compiler_type=gcc3
lt_cv_deplibs_check_method=pass_all
lt_cv_dlopen=dlopen
lt_cv_dlopen_libs=-ldl
lt_cv_dlopen_self=yes
lt_cv_dlopen_self_static=no
lt_cv_file_magic_cmd='$MAGIC_CMD'
lt_cv_file_magic_test_file=
lt_cv_ld_reload_flag=-r
lt_cv_nm_interface='BSD nm'
lt_cv_objdir=.libs
lt_cv_path_LD=/usr/bin/ld
lt_cv_path_NM='/usr/bin/nm -B'
lt_cv_prog_compiler_c_o=yes
lt_cv_prog_compiler_pic_works=yes
lt_cv_prog_compiler_rtti_exceptions=no
lt_cv_prog_compiler_static_works=yes
lt_cv_prog_gnu_ld=yes
lt_cv_sys_global_symbol_pipe='sed -n -e '\''s/^.*[	 ]\([ABCDGIRSTW][ABCDGIRSTW]*\)[	 ][	 ]*\([_A-Za-z][_A-Za-z0-9]*\)$/\1 \2 \2/p'\'''
lt_cv_sys_global_symbol_to_c_name_address='sed -n -e '\''s/^: \([^ ]*\) $/  {\"\1\", (void *) 0},/p'\'' -e '\''s/^[ABCDGIRSTW]* \([^ ]*\) \([^ ]*\)$/  {"\2", (void *) \&\2},/p'\'''
lt_cv_sys_global_symbol_to_c_name_address_lib_prefix='sed -n -e '\''s/^: \([^ ]*\) $/  {\"\1\", (void *) 0},/p'\'' -e '\''s/^[ABCDGIRSTW]* \([^ ]*\) \(lib[^ ]*\)$/  {"\2", (void *) \&\2},/p'\'' -e '\''s/^[ABCDGIRSTW]* \([^ ]*\) \([^ ]*\)$/  {"lib\2", (void *) \&\2},/p'\'''
lt_cv_sys_global_symbol_to_cdecl='sed -n -e '\''s/^T .* \(.*\)$/extern int \1();/p'\'' -e '\''s/^[ABCDGIRSTW]* .* \(.*\)$/extern char \1;/p'\'''
lt_cv_sys_max_cmd_len=1572864

## ----------------- ##
## Output variables. ##
## ----------------- ##

ACLOCAL='${SHELL} /opt/git/HackingLabLCD/packages/apache_but/modsecurity-apache_2.7.5/build/missing --run aclocal-1.11'
AIX_FALSE=''
AIX_TRUE='#'
AMDEPBACKSLASH='\'
AMDEP_FALSE='#'
AMDEP_TRUE=''
AMTAR='${SHELL} /opt/git/HackingLabLCD/packages/apache_but/modsecurity-apache_2.7.5/build/missing --run tar'
APR_CFLAGS=' -I/opt/apache_but/apr-1.5.0/include/apr-1 '
APR_CONFIG='/opt/apache_but/apr-1.5.0//bin/apr-1-config'
APR_CPPFLAGS=' -DLINUX -D_REENTRANT -D_GNU_SOURCE -D_LARGEFILE64_SOURCE'
APR_INCLUDEDIR='/opt/apache_but/apr-1.5.0/include/apr-1'
APR_LDADD=' /opt/apache_but/apr-1.5.0/lib/libapr-1.la'
APR_LDFLAGS=' -lrt -lcrypt  -lpthread -ldl'
APR_LINKLD=' -L/opt/apache_but/apr-1.5.0/lib -lapr-1'
APR_VERSION='1.5.0'
APU_CFLAGS=' -I/opt/apache_but/apr-util-1.5.3/include/apr-1  -I/opt/apache_but/apr-iconf-1.2.1//include/apr-1 -I/opt/apache_but/apr-iconf-1.2.1//include'
APU_CONFIG='/opt/apache_but/apr-util-1.5.3//bin/apu-1-config'
APU_INCLUDEDIR='/opt/apache_but/apr-util-1.5.3/include/apr-1'
APU_LDADD=' /opt/apache_but/apr-util-1.5.3/lib/libaprutil-1.la'
APU_LDFLAGS='     -lexpat'
APU_LINKLD=' -L/opt/apache_but/apr-util-1.5.3/lib -laprutil-1'
APU_VERSION='1.5.3'
APXS='/opt/apache_but/httpd/bin/apxs'
APXS_BINDIR='/opt/apache_but/httpd//bin'
APXS_CC='gcc -std=gnu99'
APXS_CFLAGS='-I/opt/apache_but/httpd//include'
APXS_EXTRA_CFLAGS=' -Wc,-O2 -Wc,-g -Wc,-Wall'
APXS_HTTPD='/opt/apache_but/httpd//bin/httpd'
APXS_INCLUDEDIR='/opt/apache_but/httpd//include'
APXS_INCLUDES='-I/opt/apache_but/httpd//include  -I/opt/apache_but/httpd//include -I. -I/opt/apache_but/apr-1.5.0/include/apr-1 -I/opt/apache_but/apr-util-1.5.3/include/apr-1 -I/opt/apache_but/apr-iconf-1.2.1//include/apr-1 -I/opt/apache_but/apr-iconf-1.2.1//include -I/opt/apache_but/pcre-8.35/include'
APXS_LDFLAGS=''
APXS_LIBDIR='/opt/apache_but/httpd//lib'
APXS_LIBEXECDIR='/opt/apache_but/httpd//modules'
APXS_LIBS='-L/opt/apache_but/httpd//lib  '
APXS_LIBTOOL='/opt/apache_but/apr-1.5.0/build-1/libtool --silent'
APXS_MODULES='/opt/apache_but/httpd//modules'
APXS_PROGNAME='httpd'
APXS_SBINDIR='/opt/apache_but/httpd//bin'
APXS_WRAPPER='build/apxs-wrapper'
AR='ar'
AUTOCONF='${SHELL} /opt/git/HackingLabLCD/packages/apache_but/modsecurity-apache_2.7.5/build/missing --run autoconf'
AUTOHEADER='${SHELL} /opt/git/HackingLabLCD/packages/apache_but/modsecurity-apache_2.7.5/build/missing --run autoheader'
AUTOMAKE='${SHELL} /opt/git/HackingLabLCD/packages/apache_but/modsecurity-apache_2.7.5/build/missing --run automake-1.11'
AWK='mawk'
BUILD_ALP2_FALSE=''
BUILD_ALP2_TRUE='#'
BUILD_APACHE2_MODULE_FALSE='#'
BUILD_APACHE2_MODULE_TRUE=''
BUILD_DOCS_FALSE=''
BUILD_DOCS_TRUE='#'
BUILD_MLOGC_FALSE='#'
BUILD_MLOGC_TRUE=''
BUILD_STANDALONE_MODULE_FALSE=''
BUILD_STANDALONE_MODULE_TRUE='#'
BUILD_extentions_FALSE=''
BUILD_extentions_TRUE='#'
CC='gcc'
CCDEPMODE='depmode=gcc3'
CFLAGS='-g -O2'
CPP='gcc -E'
CPPFLAGS=''
CURL_CFLAGS=''
CURL_CONFIG='/usr/bin/curl-config'
CURL_CPPFLAGS=''
CURL_LDADD='-L/usr/lib/i386-linux-gnu -lcurl'
CURL_LDFLAGS=''
CURL_USES_GNUTLS='no'
CURL_VERSION='7.26.0'
CYGPATH_W='echo'
DEFS='-DHAVE_CONFIG_H'
DEPDIR='.deps'
DSYMUTIL=''
DUMPBIN=''
ECHO_C=''
ECHO_N='-n'
ECHO_T=''
EGREP='/bin/grep -E'
ENV_CMD='/usr/bin/env'
EXEEXT=''
EXTRA_CFLAGS='-O2 -g -Wall '
FGREP='/bin/grep -F'
FREEBSD_FALSE=''
FREEBSD_TRUE='#'
GREP='/bin/grep'
HPUX_FALSE=''
HPUX_TRUE='#'
INSTALL_DATA='${INSTALL} -m 644'
INSTALL_PROGRAM='${INSTALL}'
INSTALL_SCRIPT='${INSTALL}'
INSTALL_STRIP_PROGRAM='$(install_sh) -c -s'
LD='/usr/bin/ld'
LDFLAGS=''
LIBOBJS=''
LIBS=''
LIBTOOL='$(SHELL) $(top_builddir)/libtool'
LIBXML2_CFLAGS='-I/usr/include/libxml2'
LIBXML2_CONFIG='/usr/bin/xml2-config'
LIBXML2_CPPFLAGS=''
LIBXML2_LDADD='-L/usr/lib -lxml2'
LIBXML2_LDFLAGS=''
LIBXML2_VERSION='2.8.0'
LINUX390_FALSE=''
LINUX390_TRUE='#'
LINUX_FALSE='#'
LINUX_TRUE=''
LIPO=''
LN_S='ln -s'
LTLIBOBJS=''
LUA_CFLAGS=''
LUA_LDADD=''
LUA_LDFLAGS=''
MACOSX_FALSE=''
MACOSX_TRUE='#'
MAKEINFO='${SHELL} /opt/git/HackingLabLCD/packages/apache_but/modsecurity-apache_2.7.5/build/missing --run makeinfo'
MKDIR_P='/bin/mkdir -p'
MODSEC_APXS_EXTRA_CFLAGS=' -Wc,-DWITH_PCRE_STUDY -Wc,-DMODSEC_PCRE_MATCH_LIMIT=1500 -Wc,-DMODSEC_PCRE_MATCH_LIMIT_RECURSION=1500 -Wc,-DREQUEST_EARLY'
MODSEC_EXTRA_CFLAGS='-DWITH_PCRE_STUDY -DMODSEC_PCRE_MATCH_LIMIT=1500 -DMODSEC_PCRE_MATCH_LIMIT_RECURSION=1500  -DREQUEST_EARLY         '
MSC_BASE_DIR='/opt/git/HackingLabLCD/packages/apache_but/modsecurity-apache_2.7.5'
MSC_PKGBASE_DIR='/opt/git/HackingLabLCD/packages/apache_but/modsecurity-apache_2.7.5/..'
MSC_REGRESSION_CONF_DIR='/opt/git/HackingLabLCD/packages/apache_but/modsecurity-apache_2.7.5/tests/regression/server_root/conf'
MSC_REGRESSION_DIR='/opt/git/HackingLabLCD/packages/apache_but/modsecurity-apache_2.7.5/tests/regression'
MSC_REGRESSION_DOCROOT_DIR='/opt/git/HackingLabLCD/packages/apache_but/modsecurity-apache_2.7.5/tests/regression/server_root/htdocs'
MSC_REGRESSION_LOGS_DIR='/opt/git/HackingLabLCD/packages/apache_but/modsecurity-apache_2.7.5/tests/regression/server_root/logs'
MSC_REGRESSION_SERVERROOT_DIR='/opt/git/HackingLabLCD/packages/apache_but/modsecurity-apache_2.7.5/tests/regression/server_root'
MSC_TEST_DIR='/opt/git/HackingLabLCD/packages/apache_but/modsecurity-apache_2.7.5/tests'
NETBSD_FALSE=''
NETBSD_TRUE='#'
NM='/usr/bin/nm -B'
NMEDIT=''
OBJDUMP='objdump'
OBJEXT='o'
OPENBSD_FALSE=''
OPENBSD_TRUE='#'
OTOOL64=''
OTOOL=''
PACKAGE='modsecurity'
PACKAGE_BUGREPORT='support@modsecurity.org'
PACKAGE_NAME='modsecurity'
PACKAGE_STRING='modsecurity 2.7'
PACKAGE_TARNAME='modsecurity'
PACKAGE_URL=''
PACKAGE_VERSION='2.7'
PATH_SEPARATOR=':'
PCRE_CFLAGS='-I/opt/apache_but/pcre-8.35/include'
PCRE_CONFIG='/opt/apache_but/pcre-8.35//bin/pcre-config'
PCRE_CPPFLAGS=''
PCRE_LDADD='-L/opt/apache_but/pcre-8.35/lib -lpcre'
PCRE_LDFLAGS=''
PCRE_LD_PATH='/opt/apache_but/pcre-8.35/lib'
PCRE_VERSION='8.35'
PERL='/usr/bin/perl'
PKG_CONFIG='/usr/bin/pkg-config'
RANLIB='ranlib'
SED='/bin/sed'
SET_MAKE=''
SHELL='/bin/bash'
SOLARIS_FALSE=''
SOLARIS_TRUE='#'
STRIP='strip'
TOPLEVEL_SUBDIRS='tools apache2 mlogc'
VERSION='2.7'
ac_ct_CC='gcc'
ac_ct_DUMPBIN=''
am__EXEEXT_FALSE=''
am__EXEEXT_TRUE='#'
am__fastdepCC_FALSE='#'
am__fastdepCC_TRUE=''
am__include='include'
am__isrc=''
am__leading_dot='.'
am__quote=''
am__tar='${AMTAR} chof - "$$tardir"'
am__untar='${AMTAR} xf -'
bindir='${exec_prefix}/bin'
build='i686-pc-linux-gnu'
build_alias=''
build_cpu='i686'
build_os='linux-gnu'
build_vendor='pc'
datadir='${datarootdir}'
datarootdir='${prefix}/share'
docdir='${datarootdir}/doc/${PACKAGE_TARNAME}'
dvidir='${docdir}'
exec_prefix='${prefix}'
host='i686-pc-linux-gnu'
host_alias=''
host_cpu='i686'
host_os='linux-gnu'
host_vendor='pc'
htmldir='${docdir}'
includedir='${prefix}/include'
infodir='${datarootdir}/info'
install_sh='${SHELL} /opt/git/HackingLabLCD/packages/apache_but/modsecurity-apache_2.7.5/build/install-sh'
libdir='${exec_prefix}/lib'
libexecdir='${exec_prefix}/libexec'
localedir='${datarootdir}/locale'
localstatedir='${prefix}/var'
lt_ECHO='echo'
mandir='${datarootdir}/man'
mkdir_p='/bin/mkdir -p'
oldincludedir='/usr/include'
pdfdir='${docdir}'
prefix='/opt/apache_but/mod_security'
program_transform_name='s,x,x,'
psdir='${docdir}'
sbindir='${exec_prefix}/sbin'
sharedstatedir='${prefix}/com'
sysconfdir='${prefix}/etc'
target_alias=''

## ----------- ##
## confdefs.h. ##
## ----------- ##

/* confdefs.h */
#define PACKAGE_NAME "modsecurity"
#define PACKAGE_TARNAME "modsecurity"
#define PACKAGE_VERSION "2.7"
#define PACKAGE_STRING "modsecurity 2.7"
#define PACKAGE_BUGREPORT "support@modsecurity.org"
#define PACKAGE_URL ""
#define PACKAGE "modsecurity"
#define VERSION "2.7"
#define STDC_HEADERS 1
#define HAVE_SYS_TYPES_H 1
#define HAVE_SYS_STAT_H 1
#define HAVE_STDLIB_H 1
#define HAVE_STRING_H 1
#define HAVE_MEMORY_H 1
#define HAVE_STRINGS_H 1
#define HAVE_INTTYPES_H 1
#define HAVE_STDINT_H 1
#define HAVE_UNISTD_H 1
#define HAVE_DLFCN_H 1
#define LT_OBJDIR ".libs/"
#define STDC_HEADERS 1
#define HAVE_FCNTL_H 1
#define HAVE_LIMITS_H 1
#define HAVE_STDLIB_H 1
#define HAVE_STRING_H 1
#define HAVE_UNISTD_H 1
#define HAVE_SYS_TYPES_H 1
#define HAVE_SYS_STAT_H 1
#define restrict __restrict
#define HAVE_STDLIB_H 1
#define HAVE_MALLOC 1
#define HAVE_ATEXIT 1
#define HAVE_GETCWD 1
#define HAVE_MEMMOVE 1
#define HAVE_MEMSET 1
#define HAVE_STRCASECMP 1
#define HAVE_STRCHR 1
#define HAVE_STRDUP 1
#define HAVE_STRERROR 1
#define HAVE_STRNCASECMP 1
#define HAVE_STRRCHR 1
#define HAVE_STRSTR 1
#define HAVE_STRTOL 1
#define HAVE_FCHMOD 1
#define HAVE_STRCASESTR 1

configure: exit 0
